\BOOKMARK [0][-]{chapter*.1}{\376\377\000P\000r\000e\000f\000a\000c\000i\000o\000\040\000a\000\040\000l\000a\000\040\000p\000r\000i\000m\000e\000r\000a\000\040\000e\000d\000i\000c\000i\000\363\000n}{}% 1
\BOOKMARK [-1][-]{part.1}{\376\377\000I\000\040\000\301\000l\000g\000e\000b\000r\000a\000\040\000L\000i\000n\000e\000a\000l}{}% 2
\BOOKMARK [0][-]{chapter.1}{\376\377\000P\000o\000l\000\355\000t\000i\000c\000a\000s\000\040\000d\000e\000l\000\040\000c\000u\000r\000s\000o}{part.1}% 3
\BOOKMARK [1][-]{section.1.1}{\376\377\000C\000o\000n\000t\000e\000n\000i\000d\000o\000\040\000\301\000l\000g\000e\000b\000r\000a\000\040\000L\000i\000n\000e\000a\000l}{chapter.1}% 4
\BOOKMARK [1][-]{section.1.2}{\376\377\000C\000o\000n\000t\000e\000n\000i\000d\000o\000\040\000C\000\341\000l\000c\000u\000l\000o}{chapter.1}% 5
\BOOKMARK [1][-]{section.1.3}{\376\377\000P\000o\000l\000\355\000t\000i\000c\000a\000s\000\040\000d\000e\000\040\000c\000l\000a\000s\000e}{chapter.1}% 6
\BOOKMARK [0][-]{chapter.2}{\376\377\000N\000\372\000m\000e\000r\000o\000s\000\040\000c\000o\000m\000p\000l\000e\000j\000o\000s}{part.1}% 7
\BOOKMARK [1][-]{section.2.1}{\376\377\000P\000r\000o\000p\000i\000e\000d\000a\000d\000e\000s\000\040\000b\000\341\000s\000i\000c\000a\000s}{chapter.2}% 8
\BOOKMARK [1][-]{section.2.2}{\376\377\000T\000e\000o\000r\000e\000m\000a\000\040\000F\000u\000n\000d\000a\000m\000e\000n\000t\000a\000l\000\040\000d\000e\000l\000\040\000\301\000l\000g\000e\000b\000r\000a}{chapter.2}% 9
\BOOKMARK [1][-]{section.2.3}{\376\377\000P\000r\000o\000b\000l\000e\000m\000a\000s\000\040\000p\000r\000o\000p\000u\000e\000s\000t\000o\000s\000\040\000p\000a\000r\000a\000\040\000e\000l\000\040\000c\000a\000p\000\355\000t\000u\000l\000o}{chapter.2}% 10
\BOOKMARK [0][-]{chapter.3}{\376\377\000E\000s\000p\000a\000c\000i\000o\000\040\000e\000u\000c\000l\000\355\000d\000e\000o\000\040\000n\000-\000d\000i\000m\000e\000n\000s\000i\000o\000n\000a\000l}{part.1}% 11
\BOOKMARK [1][-]{section.3.1}{\376\377\000P\000r\000o\000b\000l\000e\000m\000a\000s\000\040\000P\000r\000o\000p\000u\000e\000s\000t\000o\000s}{chapter.3}% 12
\BOOKMARK [0][-]{chapter.4}{\376\377\000M\000a\000t\000r\000i\000c\000e\000s\000\040\000y\000\040\000d\000e\000t\000e\000r\000m\000i\000n\000a\000n\000t\000e\000s}{part.1}% 13
\BOOKMARK [1][-]{section.4.1}{\376\377\000P\000r\000o\000p\000i\000e\000d\000a\000d\000e\000s\000\040\000b\000\341\000s\000i\000c\000a\000s}{chapter.4}% 14
\BOOKMARK [1][-]{section.4.2}{\376\377\000M\000a\000t\000r\000i\000c\000e\000s\000\040\000i\000n\000v\000e\000r\000t\000i\000b\000l\000e\000s}{chapter.4}% 15
\BOOKMARK [2][-]{subsection.4.2.1}{\376\377\000M\000\351\000t\000o\000d\000o\000\040\000d\000e\000\040\000e\000l\000i\000m\000i\000n\000a\000c\000i\000\363\000n\000\040\000g\000a\000u\000s\000s\000i\000a\000n\000a}{section.4.2}% 16
\BOOKMARK [1][-]{section.4.3}{\376\377\000D\000e\000t\000e\000r\000m\000i\000n\000a\000n\000t\000e\000s}{chapter.4}% 17
\BOOKMARK [1][-]{section.4.4}{\376\377\000P\000r\000o\000b\000l\000e\000m\000a\000s\000\040\000r\000e\000s\000u\000e\000l\000t\000o\000s\000\040\000a\000d\000i\000c\000i\000o\000n\000a\000l\000e\000s}{chapter.4}% 18
\BOOKMARK [1][-]{section.4.5}{\376\377\000P\000r\000o\000b\000l\000e\000m\000a\000s\000\040\000p\000r\000o\000p\000u\000e\000s\000t\000o\000s}{chapter.4}% 19
\BOOKMARK [0][-]{chapter.5}{\376\377\000S\000i\000s\000t\000e\000m\000a\000s\000\040\000d\000e\000\040\000e\000c\000u\000a\000c\000i\000o\000n\000e\000s\000\040\000l\000i\000n\000e\000a\000l\000e\000s}{part.1}% 20
\BOOKMARK [1][-]{section.5.1}{\376\377\000S\000i\000s\000t\000e\000m\000a\000s\000\040\000l\000i\000n\000e\000a\000l\000e\000s\000\040\000y\000\040\000f\000o\000r\000m\000a\000\040\000m\000a\000t\000r\000i\000c\000i\000a\000l}{chapter.5}% 21
\BOOKMARK [1][-]{section.5.2}{\376\377\000T\000i\000p\000o\000s\000\040\000d\000e\000\040\000s\000o\000l\000u\000c\000i\000\363\000n\000\040\000e\000\040\000i\000n\000t\000e\000r\000p\000r\000e\000t\000a\000c\000i\000\363\000n\000\040\000g\000e\000o\000m\000\351\000t\000r\000i\000c\000a}{chapter.5}% 22
\BOOKMARK [1][-]{section.5.3}{\376\377\000E\000l\000i\000m\000i\000n\000a\000c\000i\000\363\000n\000\040\000g\000a\000u\000s\000s\000i\000a\000n\000a\000\040\000y\000\040\000v\000a\000r\000i\000a\000b\000l\000e\000s\000\040\000l\000i\000b\000r\000e\000s}{chapter.5}% 23
\BOOKMARK [1][-]{section.5.4}{\376\377\000C\000o\000n\000s\000i\000s\000t\000e\000n\000c\000i\000a\000:\000\040\000e\000l\000\040\000t\000e\000o\000r\000e\000m\000a\000\040\000d\000e\000\040\000R\000o\000u\000c\000h\000\351\000-\000F\000r\000o\000b\000e\000n\000i\000u\000s}{chapter.5}% 24
\BOOKMARK [1][-]{section.5.5}{\376\377\000S\000i\000s\000t\000e\000m\000a\000s\000\040\000h\000o\000m\000o\000g\000\351\000n\000e\000o\000s}{chapter.5}% 25
\BOOKMARK [1][-]{section.5.6}{\376\377\000R\000e\000g\000l\000a\000\040\000d\000e\000\040\000C\000r\000a\000m\000e\000r}{chapter.5}% 26
\BOOKMARK [1][-]{section.5.7}{\376\377\000P\000r\000o\000b\000l\000e\000m\000a\000s\000\040\000r\000e\000s\000u\000e\000l\000t\000o\000s\000\040\000a\000d\000i\000c\000i\000o\000n\000a\000l\000e\000s}{chapter.5}% 27
\BOOKMARK [1][-]{section.5.8}{\376\377\000P\000r\000o\000b\000l\000e\000m\000a\000s\000\040\000p\000r\000o\000p\000u\000e\000s\000t\000o\000s}{chapter.5}% 28
\BOOKMARK [0][-]{chapter.6}{\376\377\000E\000s\000p\000a\000c\000i\000o\000s\000\040\000v\000e\000c\000t\000o\000r\000i\000a\000l\000e\000s}{part.1}% 29
\BOOKMARK [1][-]{section.6.1}{\376\377\000E\000s\000p\000a\000c\000i\000o\000s\000\040\000v\000e\000c\000t\000o\000r\000i\000a\000l\000e\000s}{chapter.6}% 30
\BOOKMARK [1][-]{section.6.2}{\376\377\000S\000u\000b\000e\000s\000p\000a\000c\000i\000o\000s\000\040\000v\000e\000c\000t\000o\000r\000i\000a\000l\000e\000s}{chapter.6}% 31
\BOOKMARK [1][-]{section.6.3}{\376\377\000C\000o\000m\000b\000i\000n\000a\000c\000i\000o\000n\000e\000s\000\040\000l\000i\000n\000e\000a\000l\000e\000s\000\040\000y\000\040\000g\000e\000n\000e\000r\000a\000d\000o\000s}{chapter.6}% 32
\BOOKMARK [1][-]{section.6.4}{\376\377\000I\000n\000d\000e\000p\000e\000n\000d\000e\000n\000c\000i\000a\000\040\000l\000i\000n\000e\000a\000l}{chapter.6}% 33
\BOOKMARK [1][-]{section.6.5}{\376\377\000B\000a\000s\000e\000s\000\040\000y\000\040\000d\000i\000m\000e\000n\000s\000i\000\363\000n}{chapter.6}% 34
\BOOKMARK [1][-]{section.6.6}{\376\377\000E\000s\000p\000a\000c\000i\000o\000s\000\040\000f\000u\000n\000d\000a\000m\000e\000n\000t\000a\000l\000e\000s\000\040\000d\000e\000\040\000u\000n\000a\000\040\000m\000a\000t\000r\000i\000z}{chapter.6}% 35
\BOOKMARK [1][-]{section.6.7}{\376\377\000P\000r\000o\000b\000l\000e\000m\000a\000s\000\040\000r\000e\000s\000u\000e\000l\000t\000o\000s\000\040\000a\000d\000i\000c\000i\000o\000n\000a\000l\000e\000s}{chapter.6}% 36
\BOOKMARK [1][-]{section.6.8}{\376\377\000P\000r\000o\000b\000l\000e\000m\000a\000s\000\040\000p\000r\000o\000p\000u\000e\000s\000t\000o\000s}{chapter.6}% 37
\BOOKMARK [0][-]{chapter.7}{\376\377\000E\000s\000p\000a\000c\000i\000o\000s\000\040\000v\000e\000c\000t\000o\000r\000i\000a\000l\000e\000s\000\040\000c\000o\000n\000\040\000p\000r\000o\000d\000u\000c\000t\000o\000\040\000i\000n\000t\000e\000r\000n\000o}{part.1}% 38
\BOOKMARK [1][-]{section.7.1}{\376\377\000P\000r\000o\000d\000u\000c\000t\000o\000\040\000i\000n\000t\000e\000r\000n\000o}{chapter.7}% 39
\BOOKMARK [1][-]{section.7.2}{\376\377\000N\000o\000r\000m\000a\000,\000\040\000\341\000n\000g\000u\000l\000o\000\040\000y\000\040\000d\000e\000s\000i\000g\000u\000a\000l\000d\000a\000d\000\040\000d\000e\000\040\000C\000a\000u\000c\000h\000y\000-\000S\000c\000h\000w\000a\000r\000z}{chapter.7}% 40
\BOOKMARK [1][-]{section.7.3}{\376\377\000O\000r\000t\000o\000g\000o\000n\000a\000l\000i\000d\000a\000d\000\040\000y\000\040\000c\000o\000m\000p\000l\000e\000m\000e\000n\000t\000o\000\040\000o\000r\000t\000o\000g\000o\000n\000a\000l}{chapter.7}% 41
\BOOKMARK [1][-]{section.7.4}{\376\377\000B\000a\000s\000e\000s\000\040\000o\000r\000t\000o\000g\000o\000n\000a\000l\000e\000s\000\040\000y\000\040\000p\000r\000o\000c\000e\000s\000o\000\040\000d\000e\000\040\000G\000r\000a\000m\000-\000S\000c\000h\000m\000i\000d\000t}{chapter.7}% 42
\BOOKMARK [1][-]{section.7.5}{\376\377\000P\000r\000o\000y\000e\000c\000c\000i\000\363\000n\000\040\000o\000r\000t\000o\000g\000o\000n\000a\000l\000\040\000y\000\040\000m\000\355\000n\000i\000m\000o\000s\000\040\000c\000u\000a\000d\000r\000a\000d\000o\000s}{chapter.7}% 43
\BOOKMARK [1][-]{section.7.6}{\376\377\000S\000e\000r\000i\000e\000s\000\040\000d\000e\000\040\000F\000o\000u\000r\000i\000e\000r}{chapter.7}% 44
\BOOKMARK [1][-]{section.7.7}{\376\377\000P\000r\000o\000b\000l\000e\000m\000a\000s\000\040\000r\000e\000s\000u\000e\000l\000t\000o\000s\000\040\000a\000d\000i\000c\000i\000o\000n\000a\000l\000e\000s}{chapter.7}% 45
\BOOKMARK [1][-]{section.7.8}{\376\377\000P\000r\000o\000b\000l\000e\000m\000a\000s\000\040\000p\000r\000o\000p\000u\000e\000s\000t\000o\000s}{chapter.7}% 46
\BOOKMARK [0][-]{chapter.8}{\376\377\000V\000a\000l\000o\000r\000e\000s\000\040\000y\000\040\000v\000e\000c\000t\000o\000r\000e\000s\000\040\000p\000r\000o\000p\000i\000o\000s}{part.1}% 47
\BOOKMARK [1][-]{section.8.1}{\376\377\000A\000l\000g\000u\000n\000a\000s\000\040\000a\000p\000l\000i\000c\000a\000c\000i\000o\000n\000e\000s\000\040\000a\000d\000i\000c\000i\000o\000n\000a\000l\000e\000s}{chapter.8}% 48
\BOOKMARK [0][-]{chapter.9}{\376\377\000T\000r\000a\000n\000s\000f\000o\000r\000m\000a\000c\000i\000o\000n\000e\000s\000\040\000l\000i\000n\000e\000a\000l\000e\000s}{part.1}% 49
\BOOKMARK [1][-]{section.9.1}{\376\377\000T\000r\000a\000n\000s\000f\000o\000r\000m\000a\000c\000i\000o\000n\000e\000s\000\040\000l\000i\000n\000e\000a\000l\000e\000s}{chapter.9}% 50
\BOOKMARK [-1][-]{part.2}{\376\377\000I\000I\000\040\000C\000\341\000l\000c\000u\000l\000o}{}% 51
\BOOKMARK [0][-]{chapter.10}{\376\377\000P\000r\000e\000l\000i\000m\000i\000n\000a\000r\000e\000s}{part.2}% 52
\BOOKMARK [1][-]{section.10.1}{\376\377\000N\000\372\000m\000e\000r\000o\000s\000\040\000r\000e\000a\000l\000e\000s}{chapter.10}% 53
\BOOKMARK [2][-]{subsection.10.1.1}{\376\377\000A\000x\000i\000o\000m\000a\000s\000\040\000d\000e\000\040\000c\000a\000m\000p\000o\000\040\000y\000\040\000o\000r\000d\000e\000n}{section.10.1}% 54
\BOOKMARK [2][-]{subsection.10.1.2}{\376\377\000L\000a\000\040\000r\000e\000c\000t\000a\000\040\000n\000u\000m\000\351\000r\000i\000c\000a\000\040\000y\000\040\000l\000a\000\040\000p\000r\000o\000p\000i\000e\000d\000a\000d\000\040\000d\000e\000\040\000d\000e\000n\000s\000i\000d\000a\000d}{section.10.1}% 55
\BOOKMARK [2][-]{subsection.10.1.3}{\376\377\000V\000a\000l\000o\000r\000\040\000a\000b\000s\000o\000l\000u\000t\000o}{section.10.1}% 56
\BOOKMARK [2][-]{subsection.10.1.4}{\376\377\000M\000a\000g\000n\000i\000t\000u\000d\000e\000s\000\040\000v\000a\000r\000i\000a\000b\000l\000e\000s\000\040\000y\000\040\000c\000o\000n\000s\000t\000a\000n\000t\000e\000s\000.\000\040\000I\000n\000t\000e\000r\000v\000a\000l\000o\000s}{section.10.1}% 57
\BOOKMARK [2][-]{subsection.10.1.5}{\376\377\000V\000e\000c\000i\000n\000d\000a\000d\000e\000s}{section.10.1}% 58
\BOOKMARK [2][-]{subsection.10.1.6}{\376\377\000C\000o\000n\000j\000u\000n\000t\000o\000s\000\040\000a\000c\000o\000t\000a\000d\000o\000s\000:\000\040\000c\000o\000t\000a\000s\000,\000\040\000s\000u\000p\000r\000e\000m\000o\000\040\000e\000\040\000\355\000n\000f\000i\000m\000o}{section.10.1}% 59
\BOOKMARK [1][-]{section.10.2}{\376\377\000P\000r\000o\000b\000l\000e\000m\000a\000s\000\040\000p\000r\000o\000p\000u\000e\000s\000t\000o\000s}{chapter.10}% 60
\BOOKMARK [0][-]{chapter.11}{\376\377\000F\000u\000n\000c\000i\000o\000n\000e\000s}{part.2}% 61
\BOOKMARK [1][-]{section.11.1}{\376\377\000P\000r\000o\000p\000i\000e\000d\000a\000d\000e\000s\000\040\000b\000\341\000s\000i\000c\000a\000s}{chapter.11}% 62
\BOOKMARK [2][-]{subsection.11.1.1}{\376\377\000D\000o\000m\000i\000n\000i\000o\000\040\000n\000a\000t\000u\000r\000a\000l\000\040\000d\000e\000\040\000u\000n\000a\000\040\000f\000u\000n\000c\000i\000\363\000n}{section.11.1}% 63
\BOOKMARK [2][-]{subsection.11.1.2}{\376\377\000C\000u\000a\000t\000r\000o\000\040\000f\000o\000r\000m\000a\000s\000\040\000d\000e\000\040\000r\000e\000p\000r\000e\000s\000e\000n\000t\000a\000r\000\040\000u\000n\000a\000\040\000f\000u\000n\000c\000i\000\363\000n}{section.11.1}% 64
\BOOKMARK [2][-]{subsection.11.1.3}{\376\377\000F\000u\000n\000c\000i\000o\000n\000e\000s\000\040\000c\000r\000e\000c\000i\000e\000n\000t\000e\000s\000,\000\040\000d\000e\000c\000r\000e\000c\000i\000e\000n\000t\000e\000s\000,\000\040\000p\000a\000r\000e\000s\000\040\000e\000\040\000i\000m\000p\000a\000r\000e\000s}{section.11.1}% 65
\BOOKMARK [2][-]{subsection.11.1.4}{\376\377\000F\000u\000n\000c\000i\000\363\000n\000\040\000d\000e\000f\000i\000n\000i\000d\000a\000\040\000p\000o\000r\000\040\000p\000a\000r\000t\000e\000s}{section.11.1}% 66
\BOOKMARK [1][-]{section.11.2}{\376\377\000C\000a\000t\000\341\000l\000o\000g\000o\000\040\000d\000e\000\040\000f\000u\000n\000c\000i\000o\000n\000e\000s\000\040\000e\000l\000e\000m\000e\000n\000t\000a\000l\000e\000s\000\040\000f\000u\000n\000d\000a\000m\000e\000n\000t\000a\000l\000e\000s}{chapter.11}% 67
\BOOKMARK [2][-]{subsection.11.2.1}{\376\377\000F\000u\000n\000c\000i\000\363\000n\000\040\000p\000o\000t\000e\000n\000c\000i\000a}{section.11.2}% 68
\BOOKMARK [2][-]{subsection.11.2.2}{\376\377\000F\000u\000n\000c\000i\000o\000n\000e\000s\000\040\000e\000x\000p\000o\000n\000e\000n\000c\000i\000a\000l\000e\000s\000\040\000y\000\040\000l\000o\000g\000a\000r\000\355\000t\000m\000i\000c\000a\000s}{section.11.2}% 69
\BOOKMARK [2][-]{subsection.11.2.3}{\376\377\000F\000u\000n\000c\000i\000o\000n\000e\000s\000\040\000t\000r\000i\000g\000o\000n\000o\000m\000\351\000t\000r\000i\000c\000a\000s}{section.11.2}% 70
\BOOKMARK [2][-]{subsection.11.2.4}{\376\377\000F\000u\000n\000c\000i\000\363\000n\000\040\000c\000o\000m\000p\000u\000e\000s\000t\000a\000\040\000y\000\040\000f\000u\000n\000c\000i\000\363\000n\000\040\000e\000l\000e\000m\000e\000n\000t\000a\000l}{section.11.2}% 71
\BOOKMARK [1][-]{section.11.3}{\376\377\000T\000r\000a\000n\000s\000f\000o\000r\000m\000a\000c\000i\000o\000n\000e\000s\000\040\000d\000e\000\040\000f\000u\000n\000c\000i\000o\000n\000e\000s}{chapter.11}% 72
\BOOKMARK [2][-]{subsection.11.3.1}{\376\377\000T\000r\000a\000s\000l\000a\000c\000i\000o\000n\000e\000s}{section.11.3}% 73
\BOOKMARK [2][-]{subsection.11.3.2}{\376\377\000D\000i\000l\000a\000t\000a\000c\000i\000o\000n\000e\000s\000,\000\040\000c\000o\000m\000p\000r\000e\000s\000i\000o\000n\000e\000s\000\040\000y\000\040\000r\000e\000f\000l\000e\000x\000i\000o\000n\000e\000s}{section.11.3}% 74
\BOOKMARK [1][-]{section.11.4}{\376\377\000F\000u\000n\000c\000i\000o\000n\000e\000s\000\040\000i\000n\000v\000e\000r\000s\000a\000s}{chapter.11}% 75
\BOOKMARK [2][-]{subsection.11.4.1}{\376\377\000F\000u\000n\000c\000i\000o\000n\000e\000s\000\040\000t\000r\000i\000g\000o\000n\000o\000m\000\351\000t\000r\000i\000c\000a\000s\000\040\000i\000n\000v\000e\000r\000s\000a\000s}{section.11.4}% 76
\BOOKMARK [1][-]{section.11.5}{\376\377\000O\000p\000e\000r\000a\000c\000i\000o\000n\000e\000s\000\040\000c\000o\000n\000\040\000e\000x\000p\000o\000n\000e\000n\000c\000i\000a\000l\000e\000s\000\040\000y\000\040\000l\000o\000g\000a\000r\000i\000t\000m\000o\000s}{chapter.11}% 77
\BOOKMARK [1][-]{section.11.6}{\376\377\000P\000r\000o\000b\000l\000e\000m\000a\000s\000\040\000p\000r\000o\000p\000u\000e\000s\000t\000o\000s}{chapter.11}% 78
\BOOKMARK [0][-]{chapter.12}{\376\377\000L\000\355\000m\000i\000t\000e\000s\000\040\000y\000\040\000C\000o\000n\000t\000i\000n\000u\000i\000d\000a\000d}{part.2}% 79
\BOOKMARK [1][-]{section.12.1}{\376\377\000D\000e\000f\000i\000n\000i\000c\000i\000\363\000n\000\040\000F\000o\000r\000m\000a\000l\000:\000\040\000\311\000p\000s\000i\000l\000o\000n\000-\000D\000e\000l\000t\000a}{chapter.12}% 80
\BOOKMARK [1][-]{section.12.2}{\376\377\000P\000r\000o\000p\000i\000e\000d\000a\000d\000e\000s\000\040\000A\000l\000g\000e\000b\000r\000a\000i\000c\000a\000s\000\040\000d\000e\000\040\000l\000o\000s\000\040\000L\000\355\000m\000i\000t\000e\000s}{chapter.12}% 81
\BOOKMARK [1][-]{section.12.3}{\376\377\000E\000l\000\040\000T\000e\000o\000r\000e\000m\000a\000\040\000d\000e\000l\000\040\000E\000n\000c\000a\000j\000e}{chapter.12}% 82
\BOOKMARK [1][-]{section.12.4}{\376\377\000L\000\355\000m\000i\000t\000e\000s\000\040\000I\000n\000f\000i\000n\000i\000t\000o\000s\000\040\000y\000\040\000e\000n\000\040\000e\000l\000\040\000I\000n\000f\000i\000n\000i\000t\000o}{chapter.12}% 83
\BOOKMARK [1][-]{section.12.5}{\376\377\000C\000o\000n\000t\000i\000n\000u\000i\000d\000a\000d}{chapter.12}% 84
\BOOKMARK [1][-]{section.12.6}{\376\377\000E\000l\000\040\000T\000e\000o\000r\000e\000m\000a\000\040\000d\000e\000l\000\040\000V\000a\000l\000o\000r\000\040\000I\000n\000t\000e\000r\000m\000e\000d\000i\000o}{chapter.12}% 85
\BOOKMARK [1][-]{section.12.7}{\376\377\000I\000n\000f\000i\000n\000i\000t\000e\000s\000i\000m\000a\000l\000e\000s\000\040\000E\000q\000u\000i\000v\000a\000l\000e\000n\000t\000e\000s}{chapter.12}% 86
\BOOKMARK [1][-]{section.12.8}{\376\377\000P\000r\000o\000b\000l\000e\000m\000a\000s\000\040\000P\000r\000o\000p\000u\000e\000s\000t\000o\000s}{chapter.12}% 87
\BOOKMARK [0][-]{chapter.13}{\376\377\000L\000a\000\040\000D\000e\000r\000i\000v\000a\000d\000a}{part.2}% 88
\BOOKMARK [1][-]{section.13.1}{\376\377\000R\000e\000g\000l\000a\000s\000\040\000A\000l\000g\000e\000b\000r\000a\000i\000c\000a\000s\000\040\000d\000e\000\040\000D\000e\000r\000i\000v\000a\000c\000i\000\363\000n}{chapter.13}% 89
\BOOKMARK [1][-]{section.13.2}{\376\377\000D\000e\000r\000i\000v\000a\000d\000a\000s\000\040\000d\000e\000\040\000l\000a\000s\000\040\000F\000u\000n\000c\000i\000o\000n\000e\000s\000\040\000T\000r\000i\000g\000o\000n\000o\000m\000\351\000t\000r\000i\000c\000a\000s}{chapter.13}% 90
\BOOKMARK [1][-]{section.13.3}{\376\377\000R\000e\000g\000l\000a\000\040\000d\000e\000\040\000l\000a\000\040\000C\000a\000d\000e\000n\000a}{chapter.13}% 91
\BOOKMARK [1][-]{section.13.4}{\376\377\000D\000e\000r\000i\000v\000a\000d\000a\000s\000\040\000d\000e\000\040\000F\000u\000n\000c\000i\000o\000n\000e\000s\000\040\000E\000x\000p\000o\000n\000e\000n\000c\000i\000a\000l\000e\000s\000\040\000y\000\040\000L\000o\000g\000a\000r\000\355\000t\000m\000i\000c\000a\000s}{chapter.13}% 92
\BOOKMARK [1][-]{section.13.5}{\376\377\000D\000e\000r\000i\000v\000a\000d\000a\000s\000\040\000d\000e\000\040\000O\000r\000d\000e\000n\000\040\000S\000u\000p\000e\000r\000i\000o\000r}{chapter.13}% 93
\BOOKMARK [1][-]{section.13.6}{\376\377\000D\000e\000r\000i\000v\000a\000c\000i\000\363\000n\000\040\000I\000m\000p\000l\000\355\000c\000i\000t\000a}{chapter.13}% 94
\BOOKMARK [1][-]{section.13.7}{\376\377\000D\000e\000r\000i\000v\000a\000c\000i\000\363\000n\000\040\000L\000o\000g\000a\000r\000\355\000t\000m\000i\000c\000a}{chapter.13}% 95
\BOOKMARK [1][-]{section.13.8}{\376\377\000D\000e\000r\000i\000v\000a\000d\000a\000s\000\040\000d\000e\000\040\000l\000a\000s\000\040\000F\000u\000n\000c\000i\000o\000n\000e\000s\000\040\000T\000r\000i\000g\000o\000n\000o\000m\000\351\000t\000r\000i\000c\000a\000s\000\040\000I\000n\000v\000e\000r\000s\000a\000s}{chapter.13}% 96
\BOOKMARK [1][-]{section.13.9}{\376\377\000P\000r\000o\000b\000l\000e\000m\000a\000s\000\040\000P\000r\000o\000p\000u\000e\000s\000t\000o\000s}{chapter.13}% 97
\BOOKMARK [0][-]{chapter.14}{\376\377\000A\000p\000l\000i\000c\000a\000c\000i\000o\000n\000e\000s\000\040\000d\000e\000\040\000l\000a\000\040\000D\000e\000r\000i\000v\000a\000d\000a}{part.2}% 98
\BOOKMARK [1][-]{section.14.1}{\376\377\000R\000a\000z\000o\000n\000e\000s\000\040\000d\000e\000\040\000C\000a\000m\000b\000i\000o\000\040\000R\000e\000l\000a\000c\000i\000o\000n\000a\000d\000a\000s}{chapter.14}% 99
\BOOKMARK [1][-]{section.14.2}{\376\377\000V\000a\000l\000o\000r\000e\000s\000\040\000E\000x\000t\000r\000e\000m\000o\000s}{chapter.14}% 100
\BOOKMARK [1][-]{section.14.3}{\376\377\000T\000r\000a\000z\000a\000d\000o\000\040\000S\000i\000s\000t\000e\000m\000\341\000t\000i\000c\000o\000\040\000d\000e\000\040\000C\000u\000r\000v\000a\000s}{chapter.14}% 101
\BOOKMARK [1][-]{section.14.4}{\376\377\000O\000p\000t\000i\000m\000i\000z\000a\000c\000i\000\363\000n}{chapter.14}% 102
\BOOKMARK [1][-]{section.14.5}{\376\377\000E\000l\000\040\000T\000e\000o\000r\000e\000m\000a\000\040\000d\000e\000l\000\040\000V\000a\000l\000o\000r\000\040\000M\000e\000d\000i\000o}{chapter.14}% 103
\BOOKMARK [1][-]{section.14.6}{\376\377\000R\000e\000g\000l\000a\000\040\000d\000e\000\040\000L\000'\000H\000\364\000p\000i\000t\000a\000l}{chapter.14}% 104
\BOOKMARK [1][-]{section.14.7}{\376\377\000M\000\351\000t\000o\000d\000o\000s\000\040\000N\000u\000m\000\351\000r\000i\000c\000o\000s\000\040\000p\000a\000r\000a\000\040\000l\000a\000\040\000L\000o\000c\000a\000l\000i\000z\000a\000c\000i\000\363\000n\000\040\000d\000e\000\040\000R\000a\000\355\000c\000e\000s}{chapter.14}% 105
\BOOKMARK [2][-]{subsection.14.7.1}{\376\377\000B\000i\000s\000e\000c\000c\000i\000\363\000n}{section.14.7}% 106
\BOOKMARK [2][-]{subsection.14.7.2}{\376\377\000M\000\351\000t\000o\000d\000o\000\040\000d\000e\000\040\000N\000e\000w\000t\000o\000n\000-\000R\000a\000p\000h\000s\000o\000n}{section.14.7}% 107
\BOOKMARK [2][-]{subsection.14.7.3}{\376\377\000M\000\351\000t\000o\000d\000o\000\040\000d\000e\000\040\000P\000u\000n\000t\000o\000\040\000F\000i\000j\000o}{section.14.7}% 108
\BOOKMARK [1][-]{section.14.8}{\376\377\000D\000i\000f\000e\000r\000e\000n\000c\000i\000a\000l\000e\000s\000\040\000y\000\040\000A\000p\000r\000o\000x\000i\000m\000a\000c\000i\000o\000n\000e\000s\000\040\000L\000i\000n\000e\000a\000l\000e\000s}{chapter.14}% 109
\BOOKMARK [1][-]{section.14.9}{\376\377\000P\000r\000o\000b\000l\000e\000m\000a\000s\000\040\000P\000r\000o\000p\000u\000e\000s\000t\000o\000s}{chapter.14}% 110
\BOOKMARK [2][-]{subsection.14.9.1}{\376\377\000R\000a\000z\000o\000n\000e\000s\000\040\000d\000e\000\040\000c\000a\000m\000b\000i\000o\000\040\000r\000e\000l\000a\000c\000i\000o\000n\000a\000d\000a\000s}{section.14.9}% 111
\BOOKMARK [2][-]{subsection.14.9.2}{\376\377\000V\000a\000l\000o\000r\000e\000s\000\040\000e\000x\000t\000r\000e\000m\000o\000s\000\040\000y\000\040\000t\000r\000a\000z\000a\000d\000o\000\040\000d\000e\000\040\000c\000u\000r\000v\000a\000s}{section.14.9}% 112
\BOOKMARK [2][-]{subsection.14.9.3}{\376\377\000O\000p\000t\000i\000m\000i\000z\000a\000c\000i\000\363\000n}{section.14.9}% 113
\BOOKMARK [2][-]{subsection.14.9.4}{\376\377\000T\000e\000o\000r\000e\000m\000a\000\040\000d\000e\000l\000\040\000V\000a\000l\000o\000r\000\040\000M\000e\000d\000i\000o}{section.14.9}% 114
\BOOKMARK [2][-]{subsection.14.9.5}{\376\377\000\040\000R\000e\000g\000l\000a\000\040\000d\000e\000\040\000L\000'\000H\000\364\000p\000i\000t\000a\000l}{section.14.9}% 115
\BOOKMARK [2][-]{subsection.14.9.6}{\376\377\000M\000\351\000t\000o\000d\000o\000s\000\040\000n\000u\000m\000\351\000r\000i\000c\000o\000s\000\040\000p\000a\000r\000a\000\040\000l\000a\000\040\000l\000o\000c\000a\000l\000i\000z\000a\000c\000i\000\363\000n\000\040\000d\000e\000\040\000r\000a\000\355\000c\000e\000s}{section.14.9}% 116
\BOOKMARK [0][-]{chapter.15}{\376\377\000I\000n\000t\000e\000g\000r\000a\000l\000e\000s\000\040\000i\000n\000d\000e\000f\000i\000n\000i\000d\000a\000s\000\040\000y\000\040\000t\000\351\000c\000n\000i\000c\000a\000s\000\040\000d\000e\000\040\000i\000n\000t\000e\000g\000r\000a\000c\000i\000\363\000n}{part.2}% 117
\BOOKMARK [1][-]{section.15.1}{\376\377\000S\000u\000s\000t\000i\000t\000u\000c\000i\000\363\000n\000\040\000S\000i\000m\000p\000l\000e}{chapter.15}% 118
\BOOKMARK [2][-]{subsection.15.1.1}{\376\377\000F\000u\000n\000d\000a\000m\000e\000n\000t\000o\000\040\000t\000e\000\363\000r\000i\000c\000o}{section.15.1}% 119
\BOOKMARK [2][-]{subsection.15.1.2}{\376\377\000S\000u\000s\000t\000i\000t\000u\000c\000i\000\363\000n\000\040\000e\000n\000\040\000i\000n\000t\000e\000g\000r\000a\000l\000e\000s\000\040\000d\000e\000f\000i\000n\000i\000d\000a\000s}{section.15.1}% 120
\BOOKMARK [2][-]{subsection.15.1.3}{\376\377\000E\000j\000e\000m\000p\000l\000o\000s}{section.15.1}% 121
\BOOKMARK [1][-]{section.15.2}{\376\377\000I\000n\000t\000e\000g\000r\000a\000c\000i\000\363\000n\000\040\000p\000o\000r\000\040\000P\000a\000r\000t\000e\000s}{chapter.15}% 122
\BOOKMARK [2][-]{subsection.15.2.1}{\376\377\000F\000u\000n\000d\000a\000m\000e\000n\000t\000o\000\040\000t\000e\000\363\000r\000i\000c\000o}{section.15.2}% 123
\BOOKMARK [2][-]{subsection.15.2.2}{\376\377\000L\000a\000\040\000r\000e\000g\000l\000a\000\040\000L\000I\000A\000T\000E}{section.15.2}% 124
\BOOKMARK [2][-]{subsection.15.2.3}{\376\377\000E\000j\000e\000m\000p\000l\000o\000s}{section.15.2}% 125
\BOOKMARK [1][-]{section.15.3}{\376\377\000I\000d\000e\000n\000t\000i\000d\000a\000d\000e\000s\000\040\000T\000r\000i\000g\000o\000n\000o\000m\000\351\000t\000r\000i\000c\000a\000s\000\040\000E\000s\000e\000n\000c\000i\000a\000l\000e\000s}{chapter.15}% 126
\BOOKMARK [1][-]{section.15.4}{\376\377\000I\000n\000t\000e\000g\000r\000a\000c\000i\000\363\000n\000\040\000d\000e\000\040\000P\000o\000t\000e\000n\000c\000i\000a\000s\000\040\000T\000r\000i\000g\000o\000n\000o\000m\000\351\000t\000r\000i\000c\000a\000s}{chapter.15}% 127
\BOOKMARK [2][-]{subsection.15.4.1}{\376\377\000I\000n\000t\000e\000g\000r\000a\000l\000e\000s\000\040\000d\000e\000\040\000l\000a\000\040\000f\000o\000r\000m\000a\000\040\000m\000\040\000x\000\040\000n\000\040\000x\000\040\000\040\000d\000x}{section.15.4}% 128
\BOOKMARK [2][-]{subsection.15.4.2}{\376\377\000I\000n\000t\000e\000g\000r\000a\000l\000e\000s\000\040\000d\000e\000\040\000l\000a\000\040\000f\000o\000r\000m\000a\000\040\000m\000\040\000x\000\040\000n\000\040\000x\000\040\000\040\000d\000x}{section.15.4}% 129
\BOOKMARK [2][-]{subsection.15.4.3}{\376\377\000I\000n\000t\000e\000g\000r\000a\000l\000e\000s\000\040\000d\000e\000\040\000p\000r\000o\000d\000u\000c\000t\000o\000s\000\040\000\050\000m\000x\000\051\000\050\000n\000x\000\051\000,\000\040\000\050\000m\000x\000\051\000\050\000n\000x\000\051\000,\000\040\000\050\000m\000x\000\051\000\050\000n\000x\000\051}{section.15.4}% 130
\BOOKMARK [1][-]{section.15.5}{\376\377\000S\000u\000s\000t\000i\000t\000u\000c\000i\000\363\000n\000\040\000T\000r\000i\000g\000o\000n\000o\000m\000\351\000t\000r\000i\000c\000a}{chapter.15}% 131
\BOOKMARK [2][-]{subsection.15.5.1}{\376\377\000I\000d\000e\000a\000\040\000g\000e\000o\000m\000\351\000t\000r\000i\000c\000a\000\040\000y\000\040\000f\000u\000n\000d\000a\000m\000e\000n\000t\000o}{section.15.5}% 132
\BOOKMARK [2][-]{subsection.15.5.2}{\376\377\000C\000a\000s\000o\000\040\0001\000:\000\040\000R\000a\000d\000i\000c\000a\000l\000\040\000a\0002\000\040\000-\000\040\000u\0002}{section.15.5}% 133
\BOOKMARK [2][-]{subsection.15.5.3}{\376\377\000C\000a\000s\000o\000\040\0002\000:\000\040\000R\000a\000d\000i\000c\000a\000l\000\040\000a\0002\000+\000u\0002}{section.15.5}% 134
\BOOKMARK [2][-]{subsection.15.5.4}{\376\377\000C\000a\000s\000o\000\040\0003\000:\000\040\000R\000a\000d\000i\000c\000a\000l\000\040\000u\0002\000-\000a\0002}{section.15.5}% 135
\BOOKMARK [2][-]{subsection.15.5.5}{\376\377\000T\000a\000b\000l\000a\000\040\000r\000e\000s\000u\000m\000e\000n\000\040\000d\000e\000\040\000s\000u\000s\000t\000i\000t\000u\000c\000i\000o\000n\000e\000s}{section.15.5}% 136
\BOOKMARK [1][-]{section.15.6}{\376\377\000I\000n\000t\000e\000g\000r\000a\000c\000i\000\363\000n\000\040\000p\000o\000r\000\040\000F\000r\000a\000c\000c\000i\000o\000n\000e\000s\000\040\000P\000a\000r\000c\000i\000a\000l\000e\000s}{chapter.15}% 137
\BOOKMARK [2][-]{subsection.15.6.1}{\376\377\000F\000u\000n\000d\000a\000m\000e\000n\000t\000o\000\040\000a\000l\000g\000e\000b\000r\000a\000i\000c\000o}{section.15.6}% 138
\BOOKMARK [2][-]{subsection.15.6.2}{\376\377\000P\000r\000o\000c\000e\000d\000i\000m\000i\000e\000n\000t\000o}{section.15.6}% 139
\BOOKMARK [2][-]{subsection.15.6.3}{\376\377\000C\000a\000s\000o\000s\000\040\000d\000e\000\040\000d\000e\000s\000c\000o\000m\000p\000o\000s\000i\000c\000i\000\363\000n}{section.15.6}% 140
\BOOKMARK [2][-]{subsection.15.6.4}{\376\377\000F\000\363\000r\000m\000u\000l\000a\000s\000\040\000d\000e\000\040\000i\000n\000t\000e\000g\000r\000a\000c\000i\000\363\000n\000\040\000p\000a\000r\000a\000\040\000c\000a\000d\000a\000\040\000f\000r\000a\000c\000c\000i\000\363\000n}{section.15.6}% 141
\BOOKMARK [2][-]{subsection.15.6.5}{\376\377\000E\000j\000e\000m\000p\000l\000o\000s}{section.15.6}% 142
\BOOKMARK [1][-]{section.15.7}{\376\377\000E\000j\000e\000r\000c\000i\000c\000i\000o\000s\000\040\000p\000r\000o\000p\000u\000e\000s\000t\000o\000s}{chapter.15}% 143
\BOOKMARK [0][-]{chapter.16}{\376\377\000L\000a\000\040\000I\000n\000t\000e\000g\000r\000a\000l\000\040\000D\000e\000f\000i\000n\000i\000d\000a}{part.2}% 144
\BOOKMARK [1][-]{section.16.1}{\376\377\000A\000n\000t\000e\000c\000e\000d\000e\000n\000t\000e\000s\000\040\000H\000i\000s\000t\000\363\000r\000i\000c\000o\000s\000:\000\040\000D\000e\000\040\000A\000r\000q\000u\000\355\000m\000e\000d\000e\000s\000\040\000a\000\040\000L\000e\000i\000b\000n\000i\000z}{chapter.16}% 145
\BOOKMARK [1][-]{section.16.2}{\376\377\000N\000o\000t\000a\000c\000i\000\363\000n\000\040\000S\000i\000g\000m\000a\000\040\000y\000\040\000F\000\363\000r\000m\000u\000l\000a\000s\000\040\000d\000e\000\040\000S\000u\000m\000a\000t\000o\000r\000i\000a\000s}{chapter.16}% 146
\BOOKMARK [1][-]{section.16.3}{\376\377\000S\000u\000m\000a\000s\000\040\000d\000e\000\040\000R\000i\000e\000m\000a\000n\000n}{chapter.16}% 147
\BOOKMARK [1][-]{section.16.4}{\376\377\000L\000a\000\040\000I\000n\000t\000e\000g\000r\000a\000l\000\040\000D\000e\000f\000i\000n\000i\000d\000a}{chapter.16}% 148
\BOOKMARK [1][-]{section.16.5}{\376\377\000P\000r\000o\000p\000i\000e\000d\000a\000d\000e\000s\000\040\000d\000e\000\040\000l\000a\000\040\000I\000n\000t\000e\000g\000r\000a\000l\000\040\000D\000e\000f\000i\000n\000i\000d\000a}{chapter.16}% 149
\BOOKMARK [1][-]{section.16.6}{\376\377\000L\000o\000s\000\040\000T\000e\000o\000r\000e\000m\000a\000s\000\040\000F\000u\000n\000d\000a\000m\000e\000n\000t\000a\000l\000e\000s\000\040\000d\000e\000l\000\040\000C\000\341\000l\000c\000u\000l\000o}{chapter.16}% 150
\BOOKMARK [2][-]{subsection.16.6.1}{\376\377\000P\000r\000i\000m\000e\000r\000\040\000T\000e\000o\000r\000e\000m\000a\000\040\000F\000u\000n\000d\000a\000m\000e\000n\000t\000a\000l}{section.16.6}% 151
\BOOKMARK [2][-]{subsection.16.6.2}{\376\377\000S\000e\000g\000u\000n\000d\000o\000\040\000T\000e\000o\000r\000e\000m\000a\000\040\000F\000u\000n\000d\000a\000m\000e\000n\000t\000a\000l}{section.16.6}% 152
\BOOKMARK [1][-]{section.16.7}{\376\377\000T\000e\000o\000r\000e\000m\000a\000\040\000d\000e\000l\000\040\000V\000a\000l\000o\000r\000\040\000M\000e\000d\000i\000o\000\040\000p\000a\000r\000a\000\040\000I\000n\000t\000e\000g\000r\000a\000l\000e\000s}{chapter.16}% 153
\BOOKMARK [1][-]{section.16.8}{\376\377\000P\000r\000o\000b\000l\000e\000m\000a\000s\000\040\000P\000r\000o\000p\000u\000e\000s\000t\000o\000s}{chapter.16}% 154
\BOOKMARK [0][-]{chapter.17}{\376\377\000A\000p\000l\000i\000c\000a\000c\000i\000o\000n\000e\000s\000\040\000d\000e\000\040\000l\000a\000\040\000i\000n\000t\000e\000g\000r\000a\000l}{part.2}% 155
\BOOKMARK [1][-]{section.17.1}{\376\377\000C\000\341\000l\000c\000u\000l\000o\000\040\000d\000e\000\040\000\341\000r\000e\000a\000s\000\040\000d\000e\000\040\000r\000e\000g\000i\000o\000n\000e\000s\000\040\000p\000l\000a\000n\000a\000s}{chapter.17}% 156
\BOOKMARK [1][-]{section.17.2}{\376\377\000V\000o\000l\000\372\000m\000e\000n\000e\000s\000\040\000d\000e\000\040\000s\000\363\000l\000i\000d\000o\000s\000\040\000d\000e\000\040\000r\000e\000v\000o\000l\000u\000c\000i\000\363\000n}{chapter.17}% 157
\BOOKMARK [2][-]{subsection.17.2.1}{\376\377\000M\000\351\000t\000o\000d\000o\000\040\000d\000e\000\040\000l\000o\000s\000\040\000d\000i\000s\000c\000o\000s}{section.17.2}% 158
\BOOKMARK [2][-]{subsection.17.2.2}{\376\377\000M\000\351\000t\000o\000d\000o\000\040\000d\000e\000\040\000l\000a\000s\000\040\000a\000r\000a\000n\000d\000e\000l\000a\000s\000\040\000\050\000w\000a\000s\000h\000e\000r\000s\000\051}{section.17.2}% 159
\BOOKMARK [2][-]{subsection.17.2.3}{\376\377\000M\000\351\000t\000o\000d\000o\000\040\000d\000e\000\040\000l\000o\000s\000\040\000c\000a\000s\000c\000a\000r\000o\000n\000e\000s\000\040\000c\000i\000l\000\355\000n\000d\000r\000i\000c\000o\000s\000\040\000\050\000s\000h\000e\000l\000l\000s\000\051}{section.17.2}% 160
\BOOKMARK [1][-]{section.17.3}{\376\377\000L\000o\000n\000g\000i\000t\000u\000d\000\040\000d\000e\000\040\000a\000r\000c\000o}{chapter.17}% 161
\BOOKMARK [1][-]{section.17.4}{\376\377\000\301\000r\000e\000a\000s\000\040\000d\000e\000\040\000s\000u\000p\000e\000r\000f\000i\000c\000i\000e\000s\000\040\000d\000e\000\040\000r\000e\000v\000o\000l\000u\000c\000i\000\363\000n}{chapter.17}% 162
\BOOKMARK [1][-]{section.17.5}{\376\377\000A\000p\000l\000i\000c\000a\000c\000i\000o\000n\000e\000s\000\040\000f\000\355\000s\000i\000c\000a\000s}{chapter.17}% 163
\BOOKMARK [2][-]{subsection.17.5.1}{\376\377\000T\000r\000a\000b\000a\000j\000o\000\040\000m\000e\000c\000\341\000n\000i\000c\000o}{section.17.5}% 164
\BOOKMARK [2][-]{subsection.17.5.2}{\376\377\000C\000e\000n\000t\000r\000o\000\040\000d\000e\000\040\000m\000a\000s\000a\000\040\000y\000\040\000c\000e\000n\000t\000r\000o\000i\000d\000e}{section.17.5}% 165
\BOOKMARK [2][-]{subsection.17.5.3}{\376\377\000M\000o\000m\000e\000n\000t\000o\000\040\000d\000e\000\040\000i\000n\000e\000r\000c\000i\000a}{section.17.5}% 166
\BOOKMARK [1][-]{section.17.6}{\376\377\000P\000r\000e\000s\000i\000\363\000n\000\040\000y\000\040\000f\000u\000e\000r\000z\000a\000\040\000h\000i\000d\000r\000o\000s\000t\000\341\000t\000i\000c\000a}{chapter.17}% 167
\BOOKMARK [1][-]{section.17.7}{\376\377\000P\000r\000o\000b\000l\000e\000m\000a\000s\000\040\000p\000r\000o\000p\000u\000e\000s\000t\000o\000s}{chapter.17}% 168
\BOOKMARK [0][-]{chapter.18}{\376\377\000I\000n\000t\000e\000g\000r\000a\000l\000e\000s\000\040\000I\000m\000p\000r\000o\000p\000i\000a\000s}{part.2}% 169
\BOOKMARK [1][-]{section.18.1}{\376\377\000F\000u\000n\000c\000i\000o\000n\000e\000s\000\040\000d\000e\000\040\000d\000e\000n\000s\000i\000d\000a\000d\000\040\000d\000e\000\040\000p\000r\000o\000b\000a\000b\000i\000l\000i\000d\000a\000d}{chapter.18}% 170
\BOOKMARK [1][-]{section.18.2}{\376\377\000I\000n\000t\000e\000g\000r\000a\000n\000d\000o\000s\000\040\000n\000o\000\040\000a\000c\000o\000t\000a\000d\000o\000s\000\040\000y\000\040\000d\000i\000s\000c\000o\000n\000t\000i\000n\000u\000i\000d\000a\000d\000e\000s}{chapter.18}% 171
\BOOKMARK [1][-]{section.18.3}{\376\377\000L\000a\000\040\000p\000a\000r\000a\000d\000o\000j\000a\000\040\000d\000e\000\040\000l\000a\000\040\000t\000r\000o\000m\000p\000e\000t\000a\000\040\000d\000e\000\040\000G\000a\000b\000r\000i\000e\000l}{chapter.18}% 172
\BOOKMARK [1][-]{section.18.4}{\376\377\000P\000r\000o\000b\000l\000e\000m\000a\000s\000\040\000P\000r\000o\000p\000u\000e\000s\000t\000o\000s}{chapter.18}% 173
\BOOKMARK [0][-]{chapter.19}{\376\377\000C\000u\000r\000v\000a\000s\000\040\000P\000a\000r\000a\000m\000\351\000t\000r\000i\000c\000a\000s\000\040\000y\000\040\000C\000o\000o\000r\000d\000e\000n\000a\000d\000a\000s\000\040\000P\000o\000l\000a\000r\000e\000s}{part.2}% 174
\BOOKMARK [1][-]{section.19.1}{\376\377\000R\000e\000p\000r\000e\000s\000e\000n\000t\000a\000c\000i\000\363\000n\000\040\000P\000a\000r\000a\000m\000\351\000t\000r\000i\000c\000a\000\040\000d\000e\000\040\000C\000u\000r\000v\000a\000s}{chapter.19}% 175
\BOOKMARK [1][-]{section.19.2}{\376\377\000C\000\341\000l\000c\000u\000l\000o\000\040\000p\000a\000r\000a\000\040\000C\000u\000r\000v\000a\000s\000\040\000D\000e\000f\000i\000n\000i\000d\000a\000s\000\040\000P\000a\000r\000a\000m\000\351\000t\000r\000i\000c\000a\000m\000e\000n\000t\000e}{chapter.19}% 176
\BOOKMARK [2][-]{subsection.19.2.1}{\376\377\000L\000o\000n\000g\000i\000t\000u\000d\000\040\000d\000e\000\040\000a\000r\000c\000o\000\040\000p\000a\000r\000a\000m\000\351\000t\000r\000i\000c\000a}{section.19.2}% 177
\BOOKMARK [1][-]{section.19.3}{\376\377\000S\000i\000s\000t\000e\000m\000a\000\040\000d\000e\000\040\000C\000o\000o\000r\000d\000e\000n\000a\000d\000a\000s\000\040\000P\000o\000l\000a\000r\000e\000s}{chapter.19}% 178
\BOOKMARK [2][-]{subsection.19.3.1}{\376\377\000\301\000r\000e\000a\000\040\000e\000n\000\040\000c\000o\000o\000r\000d\000e\000n\000a\000d\000a\000s\000\040\000p\000o\000l\000a\000r\000e\000s}{section.19.3}% 179
\BOOKMARK [2][-]{subsection.19.3.2}{\376\377\000L\000o\000n\000g\000i\000t\000u\000d\000\040\000d\000e\000\040\000a\000r\000c\000o\000\040\000e\000n\000\040\000c\000o\000o\000r\000d\000e\000n\000a\000d\000a\000s\000\040\000p\000o\000l\000a\000r\000e\000s}{section.19.3}% 180
\BOOKMARK [1][-]{section.19.4}{\376\377\000P\000r\000o\000b\000l\000e\000m\000a\000s\000\040\000p\000r\000o\000p\000u\000e\000s\000t\000o\000s}{chapter.19}% 181
\BOOKMARK [0][-]{chapter.20}{\376\377\000S\000u\000c\000e\000s\000i\000o\000n\000e\000s\000\040\000y\000\040\000S\000e\000r\000i\000e\000s\000\040\000d\000e\000\040\000N\000\372\000m\000e\000r\000o\000s\000\040\000R\000e\000a\000l\000e\000s}{part.2}% 182
\BOOKMARK [1][-]{section.20.1}{\376\377\000S\000u\000c\000e\000s\000i\000o\000n\000e\000s\000\040\000d\000e\000\040\000n\000\372\000m\000e\000r\000o\000s\000\040\000r\000e\000a\000l\000e\000s}{chapter.20}% 183
\BOOKMARK [2][-]{subsection.20.1.1}{\376\377\000E\000l\000\040\000P\000r\000i\000n\000c\000i\000p\000i\000o\000\040\000d\000e\000\040\000I\000n\000d\000u\000c\000c\000i\000\363\000n\000\040\000M\000a\000t\000e\000m\000\341\000t\000i\000c\000a}{section.20.1}% 184
\BOOKMARK [2][-]{subsection.20.1.2}{\376\377\000M\000o\000n\000o\000t\000o\000n\000\355\000a\000,\000\040\000a\000c\000o\000t\000a\000c\000i\000\363\000n\000\040\000y\000\040\000c\000o\000n\000v\000e\000r\000g\000e\000n\000c\000i\000a}{section.20.1}% 185
\BOOKMARK [2][-]{subsection.20.1.3}{\376\377\000H\000e\000r\000r\000a\000m\000i\000e\000n\000t\000a\000s\000\040\000a\000v\000a\000n\000z\000a\000d\000a\000s\000\040\000p\000a\000r\000a\000\040\000l\000\355\000m\000i\000t\000e\000s\000\040\000d\000e\000\040\000s\000u\000c\000e\000s\000i\000o\000n\000e\000s}{section.20.1}% 186
\BOOKMARK [2][-]{subsection.20.1.4}{\376\377\000P\000r\000o\000b\000l\000e\000m\000a\000s\000\040\000p\000r\000o\000p\000u\000e\000s\000t\000o\000s\000\040\040\024\000\040\000S\000u\000c\000e\000s\000i\000o\000n\000e\000s}{section.20.1}% 187
\BOOKMARK [1][-]{section.20.2}{\376\377\000S\000e\000r\000i\000e\000s\000\040\000i\000n\000f\000i\000n\000i\000t\000a\000s\000:\000\040\000s\000u\000m\000a\000s\000\040\000q\000u\000e\000\040\000a\000s\000p\000i\000r\000a\000n\000\040\000a\000\040\000c\000o\000n\000v\000e\000r\000g\000e\000r}{chapter.20}% 188
\BOOKMARK [2][-]{subsection.20.2.1}{\376\377\000S\000e\000r\000i\000e\000s\000\040\000c\000l\000\341\000s\000i\000c\000a\000s\000:\000\040\000g\000e\000o\000m\000\351\000t\000r\000i\000c\000a\000,\000\040\000t\000e\000l\000e\000s\000c\000\363\000p\000i\000c\000a\000\040\000y\000\040\000p\000-\000s\000e\000r\000i\000e\000s}{section.20.2}% 189
\BOOKMARK [2][-]{subsection.20.2.2}{\376\377\000C\000r\000i\000t\000e\000r\000i\000o\000s\000\040\000d\000e\000\040\000c\000o\000n\000v\000e\000r\000g\000e\000n\000c\000i\000a\000\040\000p\000a\000r\000a\000\040\000s\000e\000r\000i\000e\000s\000\040\000d\000e\000\040\000t\000\351\000r\000m\000i\000n\000o\000s\000\040\000p\000o\000s\000i\000t\000i\000v\000o\000s}{section.20.2}% 190
\BOOKMARK [2][-]{subsection.20.2.3}{\376\377\000C\000o\000n\000v\000e\000r\000g\000e\000n\000c\000i\000a\000\040\000a\000b\000s\000o\000l\000u\000t\000a\000\040\000y\000\040\000s\000e\000r\000i\000e\000s\000\040\000d\000e\000\040\000s\000i\000g\000n\000o\000\040\000v\000a\000r\000i\000a\000b\000l\000e}{section.20.2}% 191
\BOOKMARK [2][-]{subsection.20.2.4}{\376\377\000P\000r\000o\000b\000l\000e\000m\000a\000s\000\040\000p\000r\000o\000p\000u\000e\000s\000t\000o\000s\000\040\040\024\000\040\000S\000e\000r\000i\000e\000s\000\040\000i\000n\000f\000i\000n\000i\000t\000a\000s}{section.20.2}% 192
\BOOKMARK [0][-]{chapter.21}{\376\377\000S\000u\000c\000e\000s\000i\000o\000n\000e\000s\000\040\000y\000\040\000s\000e\000r\000i\000e\000s\000\040\000d\000e\000\040\000f\000u\000n\000c\000i\000o\000n\000e\000s}{part.2}% 193
\BOOKMARK [1][-]{section.21.1}{\376\377\000S\000u\000c\000e\000s\000i\000o\000n\000e\000s\000\040\000d\000e\000\040\000f\000u\000n\000c\000i\000o\000n\000e\000s}{chapter.21}% 194
\BOOKMARK [2][-]{subsection.21.1.1}{\376\377\000P\000r\000o\000b\000l\000e\000m\000a\000s\000\040\000p\000r\000o\000p\000u\000e\000s\000t\000o\000s\000:\000\040\000S\000u\000c\000e\000s\000i\000o\000n\000e\000s\000\040\000d\000e\000\040\000f\000u\000n\000c\000i\000o\000n\000e\000s}{section.21.1}% 195
\BOOKMARK [1][-]{section.21.2}{\376\377\000S\000e\000r\000i\000e\000s\000\040\000d\000e\000\040\000f\000u\000n\000c\000i\000o\000n\000e\000s}{chapter.21}% 196
\BOOKMARK [2][-]{subsection.21.2.1}{\376\377\000P\000r\000o\000b\000l\000e\000m\000a\000s\000\040\000p\000r\000o\000p\000u\000e\000s\000t\000o\000s\000:\000\040\000S\000e\000r\000i\000e\000s\000\040\000d\000e\000\040\000f\000u\000n\000c\000i\000o\000n\000e\000s}{section.21.2}% 197
\BOOKMARK [1][-]{section.21.3}{\376\377\000S\000e\000r\000i\000e\000s\000\040\000d\000e\000\040\000p\000o\000t\000e\000n\000c\000i\000a\000s}{chapter.21}% 198
\BOOKMARK [2][-]{subsection.21.3.1}{\376\377\000P\000r\000o\000b\000l\000e\000m\000a\000s\000\040\000p\000r\000o\000p\000u\000e\000s\000t\000o\000s\000:\000\040\000S\000e\000r\000i\000e\000s\000\040\000d\000e\000\040\000p\000o\000t\000e\000n\000c\000i\000a\000s}{section.21.3}% 199
\BOOKMARK [1][-]{section.21.4}{\376\377\000C\000o\000m\000p\000l\000e\000m\000e\000n\000t\000o\000s\000\040\000a\000v\000a\000n\000z\000a\000d\000o\000s}{chapter.21}% 200
\BOOKMARK [2][-]{subsection.21.4.1}{\376\377\000P\000r\000o\000b\000l\000e\000m\000a\000s\000\040\000p\000r\000o\000p\000u\000e\000s\000t\000o\000s\000:\000\040\000C\000o\000m\000p\000l\000e\000m\000e\000n\000t\000o\000s\000\040\000a\000v\000a\000n\000z\000a\000d\000o\000s}{section.21.4}% 201
\BOOKMARK [0][-]{chapter.22}{\376\377\000F\000u\000n\000c\000i\000o\000n\000e\000s\000\040\000v\000e\000c\000t\000o\000r\000i\000a\000l\000e\000s\000\040\000y\000\040\000f\000u\000n\000c\000i\000o\000n\000e\000s\000\040\000d\000e\000\040\000v\000a\000r\000i\000a\000s\000\040\000v\000a\000r\000i\000a\000b\000l\000e\000s}{part.2}% 202
\BOOKMARK [1][-]{section.22.1}{\376\377\000F\000u\000n\000c\000i\000o\000n\000e\000s\000\040\000v\000e\000c\000t\000o\000r\000i\000a\000l\000e\000s}{chapter.22}% 203
\BOOKMARK [2][-]{subsection.22.1.1}{\376\377\000L\000\355\000m\000i\000t\000e\000\040\000d\000e\000\040\000u\000n\000a\000\040\000f\000u\000n\000c\000i\000\363\000n\000\040\000v\000e\000c\000t\000o\000r\000i\000a\000l}{section.22.1}% 204
\BOOKMARK [2][-]{subsection.22.1.2}{\376\377\000C\000o\000n\000t\000i\000n\000u\000i\000d\000a\000d\000\040\000d\000e\000\040\000u\000n\000a\000\040\000f\000u\000n\000c\000i\000\363\000n\000\040\000v\000e\000c\000t\000o\000r\000i\000a\000l}{section.22.1}% 205
\BOOKMARK [2][-]{subsection.22.1.3}{\376\377\000D\000e\000r\000i\000v\000a\000d\000a\000\040\000d\000e\000\040\000u\000n\000a\000\040\000f\000u\000n\000c\000i\000\363\000n\000\040\000v\000e\000c\000t\000o\000r\000i\000a\000l}{section.22.1}% 206
\BOOKMARK [2][-]{subsection.22.1.4}{\376\377\000R\000e\000g\000l\000a\000s\000\040\000d\000e\000\040\000d\000e\000r\000i\000v\000a\000c\000i\000\363\000n\000\040\000p\000a\000r\000a\000\040\000f\000u\000n\000c\000i\000o\000n\000e\000s\000\040\000v\000e\000c\000t\000o\000r\000i\000a\000l\000e\000s}{section.22.1}% 207
\BOOKMARK [2][-]{subsection.22.1.5}{\376\377\000I\000n\000t\000e\000g\000r\000a\000l\000\040\000d\000e\000\040\000u\000n\000a\000\040\000f\000u\000n\000c\000i\000\363\000n\000\040\000v\000e\000c\000t\000o\000r\000i\000a\000l}{section.22.1}% 208
\BOOKMARK [2][-]{subsection.22.1.6}{\376\377\000L\000o\000n\000g\000i\000t\000u\000d\000\040\000d\000e\000\040\000a\000r\000c\000o\000\040\000d\000e\000\040\000u\000n\000a\000\040\000c\000u\000r\000v\000a\000\040\000p\000a\000r\000a\000m\000e\000t\000r\000i\000z\000a\000d\000a}{section.22.1}% 209
\BOOKMARK [2][-]{subsection.22.1.7}{\376\377\000F\000u\000n\000c\000i\000\363\000n\000\040\000l\000o\000n\000g\000i\000t\000u\000d\000\040\000d\000e\000\040\000a\000r\000c\000o\000\040\000y\000\040\000p\000a\000r\000a\000m\000e\000t\000r\000i\000z\000a\000c\000i\000\363\000n\000\040\000p\000o\000r\000\040\000l\000o\000n\000g\000i\000t\000u\000d\000\040\000d\000e\000\040\000a\000r\000c\000o}{section.22.1}% 210
\BOOKMARK [1][-]{section.22.2}{\376\377\000F\000u\000n\000c\000i\000o\000n\000e\000s\000\040\000d\000e\000\040\000v\000a\000r\000i\000a\000s\000\040\000v\000a\000r\000i\000a\000b\000l\000e\000s}{chapter.22}% 211
\BOOKMARK [2][-]{subsection.22.2.1}{\376\377\000G\000r\000\341\000f\000i\000c\000a\000\040\000d\000e\000\040\000u\000n\000a\000\040\000f\000u\000n\000c\000i\000\363\000n\000\040\000d\000e\000\040\000d\000o\000s\000\040\000v\000a\000r\000i\000a\000b\000l\000e\000s}{section.22.2}% 212
\BOOKMARK [2][-]{subsection.22.2.2}{\376\377\000S\000u\000p\000e\000r\000f\000i\000c\000i\000e\000s\000\040\000c\000u\000\341\000d\000r\000i\000c\000a\000s}{section.22.2}% 213
\BOOKMARK [2][-]{subsection.22.2.3}{\376\377\000C\000u\000r\000v\000a\000s\000\040\000y\000\040\000s\000u\000p\000e\000r\000f\000i\000c\000i\000e\000s\000\040\000d\000e\000\040\000n\000i\000v\000e\000l}{section.22.2}% 214
\BOOKMARK [1][-]{section.22.3}{\376\377\000P\000r\000o\000b\000l\000e\000m\000a\000s\000\040\000p\000r\000o\000p\000u\000e\000s\000t\000o\000s}{chapter.22}% 215
\BOOKMARK [0][-]{chapter.23}{\376\377\000L\000\355\000m\000i\000t\000e\000s\000\040\000y\000\040\000c\000o\000n\000t\000i\000n\000u\000i\000d\000a\000d\000\040\000e\000n\000\040\000R\000n}{part.2}% 216
\BOOKMARK [1][-]{section.23.1}{\376\377\000L\000\355\000m\000i\000t\000e\000\040\000y\000\040\000c\000o\000n\000t\000i\000n\000u\000i\000d\000a\000d\000\040\000d\000e\000\040\000u\000n\000a\000\040\000f\000u\000n\000c\000i\000\363\000n\000\040\000d\000e\000\040\000v\000a\000r\000i\000a\000s\000\040\000v\000a\000r\000i\000a\000b\000l\000e\000s}{chapter.23}% 217
\BOOKMARK [1][-]{section.23.2}{\376\377\000P\000r\000o\000p\000i\000e\000d\000a\000d\000e\000s\000\040\000a\000l\000g\000e\000b\000r\000a\000i\000c\000a\000s\000\040\000d\000e\000\040\000l\000o\000s\000\040\000l\000\355\000m\000i\000t\000e\000s}{chapter.23}% 218
\BOOKMARK [1][-]{section.23.3}{\376\377\000T\000e\000o\000r\000e\000m\000a\000\040\000d\000e\000l\000\040\000e\000m\000p\000a\000r\000e\000d\000a\000d\000p\000\040\000\050\000s\000\341\000n\000d\000w\000i\000c\000h\000\051\000\040\000e\000n\000\040\000v\000a\000r\000i\000a\000s\000\040\000v\000a\000r\000i\000a\000b\000l\000e\000s}{chapter.23}% 219
\BOOKMARK [1][-]{section.23.4}{\376\377\000C\000o\000n\000t\000i\000n\000u\000i\000d\000a\000d}{chapter.23}% 220
\BOOKMARK [1][-]{section.23.5}{\376\377\000P\000r\000o\000b\000l\000e\000m\000a\000s\000\040\000p\000r\000o\000p\000u\000e\000s\000t\000o\000s}{chapter.23}% 221
\BOOKMARK [0][-]{chapter.24}{\376\377\000D\000i\000f\000e\000r\000e\000n\000c\000i\000a\000c\000i\000\363\000n\000\040\000p\000a\000r\000c\000i\000a\000l\000,\000\040\000p\000l\000a\000n\000o\000\040\000t\000a\000n\000g\000e\000n\000t\000e\000\040\000y\000\040\000d\000i\000f\000e\000r\000e\000n\000c\000i\000a\000b\000i\000l\000i\000d\000a\000d}{part.2}% 222
\BOOKMARK [1][-]{section.24.1}{\376\377\000D\000e\000r\000i\000v\000a\000d\000a\000s\000\040\000p\000a\000r\000c\000i\000a\000l\000e\000s}{chapter.24}% 223
\BOOKMARK [1][-]{section.24.2}{\376\377\000P\000l\000a\000n\000o\000\040\000t\000a\000n\000g\000e\000n\000t\000e}{chapter.24}% 224
\BOOKMARK [1][-]{section.24.3}{\376\377\000A\000p\000r\000o\000x\000i\000m\000a\000c\000i\000\363\000n\000\040\000l\000i\000n\000e\000a\000l\000\040\000y\000\040\000l\000i\000n\000e\000a\000l\000i\000z\000a\000c\000i\000\363\000n}{chapter.24}% 225
\BOOKMARK [1][-]{section.24.4}{\376\377\000D\000i\000f\000e\000r\000e\000n\000c\000i\000a\000l\000e\000s}{chapter.24}% 226
\BOOKMARK [1][-]{section.24.5}{\376\377\000P\000r\000o\000b\000l\000e\000m\000a\000s\000\040\000p\000r\000o\000p\000u\000e\000s\000t\000o\000s}{chapter.24}% 227
\BOOKMARK [0][-]{chapter.25}{\376\377\000R\000e\000g\000l\000a\000\040\000d\000e\000\040\000l\000a\000\040\000c\000a\000d\000e\000n\000a\000,\000\040\000d\000e\000r\000i\000v\000a\000d\000a\000\040\000d\000i\000r\000e\000c\000c\000i\000o\000n\000a\000l\000\040\000y\000\040\000g\000r\000a\000d\000i\000e\000n\000t\000e\000s}{part.2}% 228
\BOOKMARK [1][-]{section.25.1}{\376\377\000R\000e\000g\000l\000a\000\040\000d\000e\000\040\000l\000a\000\040\000c\000a\000d\000e\000n\000a}{chapter.25}% 229
\BOOKMARK [1][-]{section.25.2}{\376\377\000D\000e\000r\000i\000v\000a\000c\000i\000\363\000n\000\040\000i\000m\000p\000l\000\355\000c\000i\000t\000a}{chapter.25}% 230
\BOOKMARK [1][-]{section.25.3}{\376\377\000G\000r\000a\000d\000i\000e\000n\000t\000e}{chapter.25}% 231
\BOOKMARK [1][-]{section.25.4}{\376\377\000D\000e\000r\000i\000v\000a\000d\000a\000\040\000d\000i\000r\000e\000c\000c\000i\000o\000n\000a\000l}{chapter.25}% 232
\BOOKMARK [1][-]{section.25.5}{\376\377\000R\000e\000l\000a\000c\000i\000\363\000n\000\040\000d\000e\000l\000\040\000p\000l\000a\000n\000o\000\040\000t\000a\000n\000g\000e\000n\000t\000e\000\040\000y\000\040\000l\000a\000\040\000r\000e\000c\000t\000a\000\040\000n\000o\000r\000m\000a\000l\000\040\000c\000o\000n\000\040\000e\000l\000\040\000g\000r\000a\000d\000i\000e\000n\000t\000e}{chapter.25}% 233
\BOOKMARK [1][-]{section.25.6}{\376\377\000P\000r\000o\000b\000l\000e\000m\000a\000s\000\040\000p\000r\000o\000p\000u\000e\000s\000t\000o\000s}{chapter.25}% 234
\BOOKMARK [0][-]{chapter.26}{\376\377\000O\000p\000t\000i\000m\000i\000z\000a\000c\000i\000\363\000n\000:\000\040\000e\000x\000t\000r\000e\000m\000o\000s\000\040\000l\000i\000b\000r\000e\000s\000\040\000y\000\040\000c\000o\000n\000\040\000r\000e\000s\000t\000r\000i\000c\000c\000i\000o\000n\000e\000s}{part.2}% 235
\BOOKMARK [1][-]{section.26.1}{\376\377\000D\000e\000f\000i\000n\000i\000c\000i\000o\000n\000e\000s\000\040\000b\000\341\000s\000i\000c\000a\000s}{chapter.26}% 236
\BOOKMARK [1][-]{section.26.2}{\376\377\000C\000r\000i\000t\000e\000r\000i\000o\000\040\000d\000e\000\040\000l\000a\000\040\000s\000e\000g\000u\000n\000d\000a\000\040\000d\000e\000r\000i\000v\000a\000d\000a}{chapter.26}% 237
\BOOKMARK [1][-]{section.26.3}{\376\377\000O\000p\000t\000i\000m\000i\000z\000a\000c\000i\000\363\000n\000\040\000r\000e\000s\000t\000r\000i\000n\000g\000i\000d\000a\000\040\000y\000\040\000m\000u\000l\000t\000i\000p\000l\000i\000c\000a\000d\000o\000r\000e\000s\000\040\000d\000e\000\040\000L\000a\000g\000r\000a\000n\000g\000e}{chapter.26}% 238
\BOOKMARK [1][-]{section.26.4}{\376\377\000T\000e\000o\000r\000e\000m\000a\000\040\000d\000e\000\040\000l\000o\000s\000\040\000M\000u\000l\000t\000i\000p\000l\000i\000c\000a\000d\000o\000r\000e\000s\000\040\000d\000e\000\040\000L\000a\000g\000r\000a\000n\000g\000e}{chapter.26}% 239
\BOOKMARK [1][-]{section.26.5}{\376\377\000C\000r\000i\000t\000e\000r\000i\000o\000\040\000d\000e\000\040\000l\000a\000\040\000s\000e\000g\000u\000n\000d\000a\000\040\000d\000e\000r\000i\000v\000a\000d\000a\000\040\000r\000e\000s\000t\000r\000i\000n\000g\000i\000d\000a\000\040\000\050\000h\000e\000s\000s\000i\000a\000n\000o\000\040\000l\000i\000m\000i\000t\000a\000d\000o\000\051}{chapter.26}% 240
\BOOKMARK [1][-]{section.26.6}{\376\377\000P\000r\000o\000b\000l\000e\000m\000a\000s\000\040\000p\000r\000o\000p\000u\000e\000s\000t\000o\000s}{chapter.26}% 241
\BOOKMARK [0][-]{chapter.27}{\376\377\000I\000n\000t\000e\000g\000r\000a\000l\000e\000s\000\040\000d\000o\000b\000l\000e\000s\000\040\000y\000\040\000s\000u\000s\000\040\000a\000p\000l\000i\000c\000a\000c\000i\000o\000n\000e\000s}{part.2}% 242
\BOOKMARK [1][-]{section.27.1}{\376\377\000I\000n\000t\000e\000g\000r\000a\000l\000\040\000d\000o\000b\000l\000e\000\040\000s\000o\000b\000r\000e\000\040\000u\000n\000\040\000r\000e\000c\000t\000\341\000n\000g\000u\000l\000o}{chapter.27}% 243
\BOOKMARK [1][-]{section.27.2}{\376\377\000P\000r\000o\000p\000i\000e\000d\000a\000d\000e\000s\000\040\000d\000e\000\040\000l\000a\000\040\000i\000n\000t\000e\000g\000r\000a\000l\000\040\000d\000o\000b\000l\000e}{chapter.27}% 244
\BOOKMARK [1][-]{section.27.3}{\376\377\000I\000n\000t\000e\000g\000r\000a\000l\000e\000s\000\040\000d\000o\000b\000l\000e\000s\000\040\000s\000o\000b\000r\000e\000\040\000r\000e\000g\000i\000o\000n\000e\000s\000\040\000g\000e\000n\000e\000r\000a\000l\000e\000s}{chapter.27}% 245
\BOOKMARK [1][-]{section.27.4}{\376\377\000V\000o\000l\000u\000m\000e\000n\000\040\000b\000a\000j\000o\000\040\000u\000n\000a\000\040\000s\000u\000p\000e\000r\000f\000i\000c\000i\000e\000\040\000y\000\040\000\341\000r\000e\000a\000s\000\040\000d\000e\000\040\000r\000e\000g\000i\000o\000n\000e\000s\000\040\000p\000l\000a\000n\000a\000s}{chapter.27}% 246
\BOOKMARK [1][-]{section.27.5}{\376\377\000M\000a\000s\000a\000\040\000y\000\040\000c\000e\000n\000t\000r\000o\000\040\000d\000e\000\040\000m\000a\000s\000a\000\040\000d\000e\000\040\000u\000n\000a\000\040\000l\000\341\000m\000i\000n\000a\000\040\000p\000l\000a\000n\000a}{chapter.27}% 247
\BOOKMARK [1][-]{section.27.6}{\376\377\000M\000o\000m\000e\000n\000t\000o\000s\000\040\000d\000e\000\040\000i\000n\000e\000r\000c\000i\000a}{chapter.27}% 248
\BOOKMARK [1][-]{section.27.7}{\376\377\000I\000n\000t\000e\000g\000r\000a\000l\000e\000s\000\040\000d\000o\000b\000l\000e\000s\000\040\000e\000n\000\040\000c\000o\000o\000r\000d\000e\000n\000a\000d\000a\000s\000\040\000p\000o\000l\000a\000r\000e\000s}{chapter.27}% 249
\BOOKMARK [1][-]{section.27.8}{\376\377\000\301\000r\000e\000a\000\040\000d\000e\000\040\000u\000n\000a\000\040\000s\000u\000p\000e\000r\000f\000i\000c\000i\000e}{chapter.27}% 250
\BOOKMARK [1][-]{section.27.9}{\376\377\000C\000a\000m\000b\000i\000o\000\040\000d\000e\000\040\000v\000a\000r\000i\000a\000b\000l\000e\000s\000\040\000e\000n\000\040\000i\000n\000t\000e\000g\000r\000a\000l\000e\000s\000\040\000d\000o\000b\000l\000e\000s}{chapter.27}% 251
\BOOKMARK [1][-]{section.27.10}{\376\377\000P\000r\000o\000b\000l\000e\000m\000a\000s\000\040\000p\000r\000o\000p\000u\000e\000s\000t\000o\000s}{chapter.27}% 252
\BOOKMARK [0][-]{chapter.28}{\376\377\000I\000n\000t\000e\000g\000r\000a\000l\000e\000s\000\040\000t\000r\000i\000p\000l\000e\000s}{part.2}% 253
\BOOKMARK [1][-]{section.28.1}{\376\377\000I\000n\000t\000e\000g\000r\000a\000l\000e\000s\000\040\000t\000r\000i\000p\000l\000e\000s\000\040\000e\000n\000\040\000c\000o\000o\000r\000d\000e\000n\000a\000d\000a\000s\000\040\000r\000e\000c\000t\000a\000n\000g\000u\000l\000a\000r\000e\000s}{chapter.28}% 254
\BOOKMARK [1][-]{section.28.2}{\376\377\000M\000a\000s\000a\000,\000\040\000c\000e\000n\000t\000r\000o\000s\000\040\000d\000e\000\040\000m\000a\000s\000a\000\040\000y\000\040\000m\000o\000m\000e\000n\000t\000o\000s\000\040\000d\000e\000\040\000i\000n\000e\000r\000c\000i\000a}{chapter.28}% 255
\BOOKMARK [1][-]{section.28.3}{\376\377\000C\000a\000m\000b\000i\000o\000\040\000d\000e\000\040\000v\000a\000r\000i\000a\000b\000l\000e\000s\000\040\000e\000n\000\040\000i\000n\000t\000e\000g\000r\000a\000l\000e\000s\000\040\000t\000r\000i\000p\000l\000e\000s}{chapter.28}% 256
\BOOKMARK [1][-]{section.28.4}{\376\377\000P\000r\000o\000b\000l\000e\000m\000a\000s\000\040\000p\000r\000o\000p\000u\000e\000s\000t\000o\000s}{chapter.28}% 257
\BOOKMARK [0][-]{chapter.29}{\376\377\000C\000a\000m\000p\000o\000s\000\040\000v\000e\000c\000t\000o\000r\000i\000a\000l\000e\000s\000\040\000e\000\040\000i\000n\000t\000e\000g\000r\000a\000l\000e\000s\000\040\000d\000e\000\040\000l\000\355\000n\000e\000a}{part.2}% 258
\BOOKMARK [1][-]{section.29.1}{\376\377\000C\000a\000m\000p\000o\000s\000\040\000V\000e\000c\000t\000o\000r\000i\000a\000l\000e\000s}{chapter.29}% 259
\BOOKMARK [1][-]{section.29.2}{\376\377\000I\000n\000t\000e\000g\000r\000a\000l\000\040\000d\000e\000\040\000l\000\355\000n\000e\000a\000\040\000d\000e\000\040\000u\000n\000\040\000c\000a\000m\000p\000o\000\040\000e\000s\000c\000a\000l\000a\000r}{chapter.29}% 260
\BOOKMARK [1][-]{section.29.3}{\376\377\000I\000n\000t\000e\000g\000r\000a\000l\000\040\000d\000e\000\040\000l\000\355\000n\000e\000a\000\040\000d\000e\000\040\000u\000n\000\040\000c\000a\000m\000p\000o\000\040\000v\000e\000c\000t\000o\000r\000i\000a\000l}{chapter.29}% 261
\BOOKMARK [1][-]{section.29.4}{\376\377\000I\000n\000d\000e\000p\000e\000n\000d\000e\000n\000c\000i\000a\000\040\000d\000e\000\040\000l\000a\000\040\000t\000r\000a\000y\000e\000c\000t\000o\000r\000i\000a\000\040\000y\000\040\000c\000a\000m\000p\000o\000s\000\040\000c\000o\000n\000s\000e\000r\000v\000a\000t\000i\000v\000o\000s}{chapter.29}% 262
\BOOKMARK [1][-]{section.29.5}{\376\377\000P\000r\000o\000b\000l\000e\000m\000a\000s\000\040\000p\000r\000o\000p\000u\000e\000s\000t\000o\000s}{chapter.29}% 263
\BOOKMARK [0][-]{chapter.30}{\376\377\000I\000n\000t\000e\000g\000r\000a\000l\000e\000s\000\040\000d\000e\000\040\000s\000u\000p\000e\000r\000f\000i\000c\000i\000e\000\040\000y\000\040\000t\000e\000o\000r\000e\000m\000a\000s\000\040\000i\000n\000t\000e\000g\000r\000a\000l\000e\000s}{part.2}% 264
\BOOKMARK [1][-]{section.30.1}{\376\377\000T\000e\000o\000r\000e\000m\000a\000\040\000d\000e\000\040\000G\000r\000e\000e\000n}{chapter.30}% 265
\BOOKMARK [1][-]{section.30.2}{\376\377\000D\000i\000v\000e\000r\000g\000e\000n\000c\000i\000a\000\040\000y\000\040\000r\000o\000t\000a\000c\000i\000o\000n\000a\000l}{chapter.30}% 266
\BOOKMARK [1][-]{section.30.3}{\376\377\000S\000u\000p\000e\000r\000f\000i\000c\000i\000e\000s\000\040\000p\000a\000r\000a\000m\000\351\000t\000r\000i\000c\000a\000s\000\040\000y\000\040\000o\000r\000i\000e\000n\000t\000a\000c\000i\000\363\000n}{chapter.30}% 267
\BOOKMARK [1][-]{section.30.4}{\376\377\000I\000n\000t\000e\000g\000r\000a\000l\000\040\000d\000e\000\040\000s\000u\000p\000e\000r\000f\000i\000c\000i\000e\000\040\000d\000e\000\040\000u\000n\000\040\000c\000a\000m\000p\000o\000\040\000e\000s\000c\000a\000l\000a\000r}{chapter.30}% 268
\BOOKMARK [1][-]{section.30.5}{\376\377\000M\000a\000s\000a\000,\000\040\000c\000e\000n\000t\000r\000o\000\040\000d\000e\000\040\000m\000a\000s\000a\000\040\000y\000\040\000m\000o\000m\000e\000n\000t\000o\000s\000\040\000d\000e\000\040\000i\000n\000e\000r\000c\000i\000a\000\040\000s\000o\000b\000r\000e\000\040\000s\000u\000p\000e\000r\000f\000i\000c\000i\000e\000s}{chapter.30}% 269
\BOOKMARK [1][-]{section.30.6}{\376\377\000I\000n\000t\000e\000g\000r\000a\000l\000\040\000d\000e\000\040\000s\000u\000p\000e\000r\000f\000i\000c\000i\000e\000\040\000d\000e\000\040\000u\000n\000\040\000c\000a\000m\000p\000o\000\040\000v\000e\000c\000t\000o\000r\000i\000a\000l\000\040\000\050\000f\000l\000u\000j\000o\000\051}{chapter.30}% 270
\BOOKMARK [1][-]{section.30.7}{\376\377\000T\000e\000o\000r\000e\000m\000a\000\040\000d\000e\000\040\000l\000a\000\040\000d\000i\000v\000e\000r\000g\000e\000n\000c\000i\000a}{chapter.30}% 271
\BOOKMARK [1][-]{section.30.8}{\376\377\000T\000e\000o\000r\000e\000m\000a\000\040\000d\000e\000\040\000S\000t\000o\000k\000e\000s}{chapter.30}% 272
\BOOKMARK [1][-]{section.30.9}{\376\377\000P\000r\000o\000b\000l\000e\000m\000a\000s\000\040\000p\000r\000o\000p\000u\000e\000s\000t\000o\000s}{chapter.30}% 273
\BOOKMARK [0][-]{chapter.31}{\376\377\000E\000c\000u\000a\000c\000i\000o\000n\000e\000s\000\040\000d\000i\000f\000e\000r\000e\000n\000c\000i\000a\000l\000e\000s\000\040\000d\000e\000\040\000p\000r\000i\000m\000e\000r\000\040\000o\000r\000d\000e\000n}{part.2}% 274
\BOOKMARK [1][-]{section.31.1}{\376\377\000D\000e\000f\000i\000n\000i\000c\000i\000o\000n\000e\000s\000\040\000b\000\341\000s\000i\000c\000a\000s}{chapter.31}% 275
\BOOKMARK [1][-]{section.31.2}{\376\377\000E\000c\000u\000a\000c\000i\000o\000n\000e\000s\000\040\000d\000e\000\040\000v\000a\000r\000i\000a\000b\000l\000e\000s\000\040\000s\000e\000p\000a\000r\000a\000b\000l\000e\000s}{chapter.31}% 276
\BOOKMARK [1][-]{section.31.3}{\376\377\000E\000c\000u\000a\000c\000i\000o\000n\000e\000s\000\040\000l\000i\000n\000e\000a\000l\000e\000s\000\040\000d\000e\000\040\000p\000r\000i\000m\000e\000r\000\040\000o\000r\000d\000e\000n}{chapter.31}% 277
\BOOKMARK [1][-]{section.31.4}{\376\377\000E\000c\000u\000a\000c\000i\000o\000n\000e\000s\000\040\000e\000x\000a\000c\000t\000a\000s}{chapter.31}% 278
\BOOKMARK [1][-]{section.31.5}{\376\377\000E\000c\000u\000a\000c\000i\000\363\000n\000\040\000d\000e\000\040\000B\000e\000r\000n\000o\000u\000l\000l\000i}{chapter.31}% 279
\BOOKMARK [1][-]{section.31.6}{\376\377\000A\000p\000l\000i\000c\000a\000c\000i\000o\000n\000e\000s}{chapter.31}% 280
\BOOKMARK [2][-]{subsection.31.6.1}{\376\377\000L\000e\000y\000\040\000d\000e\000\040\000e\000n\000f\000r\000i\000a\000m\000i\000e\000n\000t\000o\000\040\000d\000e\000\040\000N\000e\000w\000t\000o\000n}{section.31.6}% 281
\BOOKMARK [2][-]{subsection.31.6.2}{\376\377\000C\000i\000r\000c\000u\000i\000t\000o\000\040\000R\000L\000\040\000c\000o\000n\000\040\000f\000u\000e\000n\000t\000e\000\040\000s\000e\000n\000o\000i\000d\000a\000l}{section.31.6}% 282
\BOOKMARK [1][-]{section.31.7}{\376\377\000P\000r\000o\000b\000l\000e\000m\000a\000s\000\040\000p\000r\000o\000p\000u\000e\000s\000t\000o\000s}{chapter.31}% 283
\BOOKMARK [0][-]{chapter.32}{\376\377\000E\000c\000u\000a\000c\000i\000o\000n\000e\000s\000\040\000d\000i\000f\000e\000r\000e\000n\000c\000i\000a\000l\000e\000s\000\040\000l\000i\000n\000e\000a\000l\000e\000s\000\040\000d\000e\000\040\000o\000r\000d\000e\000n\000\040\000s\000u\000p\000e\000r\000i\000o\000r}{part.2}% 284
\BOOKMARK [1][-]{section.32.1}{\376\377\000T\000e\000o\000r\000\355\000a\000\040\000g\000e\000n\000e\000r\000a\000l\000\040\000d\000e\000\040\000l\000a\000s\000\040\000E\000D\000O\000\040\000l\000i\000n\000e\000a\000l\000e\000s\000\040\000d\000e\000\040\000o\000r\000d\000e\000n\000\040\000n}{chapter.32}% 285
\BOOKMARK [1][-]{section.32.2}{\376\377\000E\000c\000u\000a\000c\000i\000o\000n\000e\000s\000\040\000h\000o\000m\000o\000g\000\351\000n\000e\000a\000s\000\040\000c\000o\000n\000\040\000c\000o\000e\000f\000i\000c\000i\000e\000n\000t\000e\000s\000\040\000c\000o\000n\000s\000t\000a\000n\000t\000e\000s}{chapter.32}% 286
\BOOKMARK [1][-]{section.32.3}{\376\377\000M\000\351\000t\000o\000d\000o\000\040\000d\000e\000\040\000c\000o\000e\000f\000i\000c\000i\000e\000n\000t\000e\000s\000\040\000i\000n\000d\000e\000t\000e\000r\000m\000i\000n\000a\000d\000o\000s}{chapter.32}% 287
\BOOKMARK [1][-]{section.32.4}{\376\377\000M\000\351\000t\000o\000d\000o\000\040\000d\000e\000\040\000v\000a\000r\000i\000a\000c\000i\000\363\000n\000\040\000d\000e\000\040\000p\000a\000r\000\341\000m\000e\000t\000r\000o\000s}{chapter.32}% 288
\BOOKMARK [1][-]{section.32.5}{\376\377\000E\000c\000u\000a\000c\000i\000\363\000n\000\040\000d\000e\000\040\000C\000a\000u\000c\000h\000y\000-\000E\000u\000l\000e\000r}{chapter.32}% 289
\BOOKMARK [1][-]{section.32.6}{\376\377\000A\000p\000l\000i\000c\000a\000c\000i\000o\000n\000e\000s}{chapter.32}% 290
\BOOKMARK [2][-]{subsection.32.6.1}{\376\377\000O\000s\000c\000i\000l\000a\000d\000o\000r\000\040\000a\000r\000m\000\363\000n\000i\000c\000o\000\040\000m\000a\000s\000a\000-\000r\000e\000s\000o\000r\000t\000e}{section.32.6}% 291
\BOOKMARK [2][-]{subsection.32.6.2}{\376\377\000C\000i\000r\000c\000u\000i\000t\000o\000s\000\040\000R\000L\000C\000\040\000e\000n\000\040\000s\000e\000r\000i\000e}{section.32.6}% 292
\BOOKMARK [2][-]{subsection.32.6.3}{\376\377\000V\000i\000g\000a\000s\000\040\000\050\000e\000c\000u\000a\000c\000i\000\363\000n\000\040\000d\000e\000\040\000E\000u\000l\000e\000r\000-\000B\000e\000r\000n\000o\000u\000l\000l\000i\000\051}{section.32.6}% 293
\BOOKMARK [1][-]{section.32.7}{\376\377\000P\000r\000o\000b\000l\000e\000m\000a\000s\000\040\000p\000r\000o\000p\000u\000e\000s\000t\000o\000s}{chapter.32}% 294
\BOOKMARK [0][-]{chapter.33}{\376\377\000S\000i\000s\000t\000e\000m\000a\000s\000\040\000l\000i\000n\000e\000a\000l\000e\000s\000\040\000d\000e\000\040\000e\000c\000u\000a\000c\000i\000o\000n\000e\000s\000\040\000d\000i\000f\000e\000r\000e\000n\000c\000i\000a\000l\000e\000s}{part.2}% 295
\BOOKMARK [1][-]{section.33.1}{\376\377\000S\000i\000s\000t\000e\000m\000a\000s\000\040\000d\000e\000\040\000p\000r\000i\000m\000e\000r\000\040\000o\000r\000d\000e\000n\000\040\000y\000\040\000n\000o\000t\000a\000c\000i\000\363\000n\000\040\000m\000a\000t\000r\000i\000c\000i\000a\000l}{chapter.33}% 296
\BOOKMARK [2][-]{subsection.33.1.1}{\376\377\000F\000o\000r\000m\000a\000\040\000g\000e\000n\000e\000r\000a\000l\000\040\000y\000\040\000n\000o\000t\000a\000c\000i\000\363\000n\000\040\000v\000e\000c\000t\000o\000r\000i\000a\000l}{section.33.1}% 297
\BOOKMARK [2][-]{subsection.33.1.2}{\376\377\000R\000e\000e\000s\000c\000r\000i\000t\000u\000r\000a\000\040\000d\000e\000\040\000u\000n\000a\000\040\000E\000D\000O\000\040\000d\000e\000\040\000o\000r\000d\000e\000n\000\040\000n\000\040\000c\000o\000m\000o\000\040\000s\000i\000s\000t\000e\000m\000a}{section.33.1}% 298
\BOOKMARK [1][-]{section.33.2}{\376\377\000M\000\351\000t\000o\000d\000o\000\040\000d\000e\000\040\000e\000l\000i\000m\000i\000n\000a\000c\000i\000\363\000n\000\040\000\050\000r\000e\000d\000u\000c\000c\000i\000\363\000n\000\040\000a\000\040\000u\000n\000a\000\040\000E\000D\000O\000\040\000d\000e\000\040\000o\000r\000d\000e\000n\000\040\000s\000u\000p\000e\000r\000i\000o\000r\000\051}{chapter.33}% 299
\BOOKMARK [1][-]{section.33.3}{\376\377\000S\000i\000s\000t\000e\000m\000a\000s\000\040\000h\000o\000m\000o\000g\000\351\000n\000e\000o\000s\000\040\000c\000o\000n\000\040\000c\000o\000e\000f\000i\000c\000i\000e\000n\000t\000e\000s\000\040\000c\000o\000n\000s\000t\000a\000n\000t\000e\000s\000:\000\040\000X\000'\000=\000A\000X}{chapter.33}% 300
\BOOKMARK [2][-]{subsection.33.3.1}{\376\377\000C\000a\000s\000o\000\040\0001\000:\000\040\000V\000a\000l\000o\000r\000e\000s\000\040\000p\000r\000o\000p\000i\000o\000s\000\040\000r\000e\000a\000l\000e\000s\000\040\000d\000i\000s\000t\000i\000n\000t\000o\000s}{section.33.3}% 301
\BOOKMARK [2][-]{subsection.33.3.2}{\376\377\000C\000a\000s\000o\000\040\0002\000:\000\040\000V\000a\000l\000o\000r\000e\000s\000\040\000p\000r\000o\000p\000i\000o\000s\000\040\000c\000o\000m\000p\000l\000e\000j\000o\000s\000\040\000c\000o\000n\000j\000u\000g\000a\000d\000o\000s}{section.33.3}% 302
\BOOKMARK [2][-]{subsection.33.3.3}{\376\377\000C\000a\000s\000o\000\040\0003\000:\000\040\000V\000a\000l\000o\000r\000e\000s\000\040\000p\000r\000o\000p\000i\000o\000s\000\040\000r\000e\000a\000l\000e\000s\000\040\000r\000e\000p\000e\000t\000i\000d\000o\000s}{section.33.3}% 303
\BOOKMARK [1][-]{section.33.4}{\376\377\000S\000i\000s\000t\000e\000m\000a\000s\000\040\000n\000o\000\040\000h\000o\000m\000o\000g\000\351\000n\000e\000o\000s\000:\000\040\000X\000'\000=\000A\000X\000+\000F\000\050\000t\000\051}{chapter.33}% 304
\BOOKMARK [2][-]{subsection.33.4.1}{\376\377\000M\000\351\000t\000o\000d\000o\000\040\000d\000e\000\040\000c\000o\000e\000f\000i\000c\000i\000e\000n\000t\000e\000s\000\040\000i\000n\000d\000e\000t\000e\000r\000m\000i\000n\000a\000d\000o\000s\000\040\000p\000a\000r\000a\000\040\000s\000i\000s\000t\000e\000m\000a\000s}{section.33.4}% 305
\BOOKMARK [2][-]{subsection.33.4.2}{\376\377\000M\000\351\000t\000o\000d\000o\000\040\000d\000e\000\040\000v\000a\000r\000i\000a\000c\000i\000\363\000n\000\040\000d\000e\000\040\000p\000a\000r\000\341\000m\000e\000t\000r\000o\000s\000\040\000m\000a\000t\000r\000i\000c\000i\000a\000l}{section.33.4}% 306
\BOOKMARK [1][-]{section.33.5}{\376\377\000A\000p\000l\000i\000c\000a\000c\000i\000o\000n\000e\000s}{chapter.33}% 307
\BOOKMARK [2][-]{subsection.33.5.1}{\376\377\000S\000i\000s\000t\000e\000m\000a\000s\000\040\000m\000a\000s\000a\000-\000r\000e\000s\000o\000r\000t\000e\000\040\000a\000c\000o\000p\000l\000a\000d\000o\000s}{section.33.5}% 308
\BOOKMARK [2][-]{subsection.33.5.2}{\376\377\000C\000i\000r\000c\000u\000i\000t\000o\000s\000\040\000e\000l\000\351\000c\000t\000r\000i\000c\000o\000s\000\040\000c\000o\000n\000\040\000d\000o\000s\000\040\000m\000a\000l\000l\000a\000s}{section.33.5}% 309
\BOOKMARK [2][-]{subsection.33.5.3}{\376\377\000M\000o\000d\000e\000l\000o\000s\000\040\000d\000e\000\040\000p\000o\000b\000l\000a\000c\000i\000\363\000n\000:\000\040\000s\000i\000s\000t\000e\000m\000a\000s\000\040\000l\000i\000n\000e\000a\000l\000e\000s\000\040\000d\000e\000\040\000c\000o\000m\000p\000e\000t\000e\000n\000c\000i\000a}{section.33.5}% 310
\BOOKMARK [1][-]{section.33.6}{\376\377\000P\000r\000o\000b\000l\000e\000m\000a\000s\000\040\000p\000r\000o\000p\000u\000e\000s\000t\000o\000s}{chapter.33}% 311
\BOOKMARK [0][-]{chapter.34}{\376\377\000S\000o\000l\000u\000c\000i\000o\000n\000e\000s\000\040\000e\000n\000\040\000s\000e\000r\000i\000e\000s\000\040\000d\000e\000\040\000p\000o\000t\000e\000n\000c\000i\000a\000s\000\040\000p\000a\000r\000a\000\040\000e\000c\000u\000a\000c\000i\000o\000n\000e\000s\000\040\000d\000i\000f\000e\000r\000e\000n\000c\000i\000a\000l\000e\000s}{part.2}% 312
\BOOKMARK [1][-]{section.34.1}{\376\377\000R\000e\000p\000a\000s\000o\000\040\000d\000e\000\040\000s\000e\000r\000i\000e\000s\000\040\000d\000e\000\040\000p\000o\000t\000e\000n\000c\000i\000a\000s}{chapter.34}% 313
\BOOKMARK [1][-]{section.34.2}{\376\377\000S\000o\000l\000u\000c\000i\000o\000n\000e\000s\000\040\000a\000l\000r\000e\000d\000e\000d\000o\000r\000\040\000d\000e\000\040\000p\000u\000n\000t\000o\000s\000\040\000o\000r\000d\000i\000n\000a\000r\000i\000o\000s}{chapter.34}% 314
\BOOKMARK [1][-]{section.34.3}{\376\377\000P\000u\000n\000t\000o\000s\000\040\000s\000i\000n\000g\000u\000l\000a\000r\000e\000s\000\040\000r\000e\000g\000u\000l\000a\000r\000e\000s\000\040\000e\000\040\000i\000r\000r\000e\000g\000u\000l\000a\000r\000e\000s}{chapter.34}% 315
\BOOKMARK [1][-]{section.34.4}{\376\377\000A\000p\000l\000i\000c\000a\000c\000i\000o\000n\000e\000s\000\040\000y\000\040\000f\000u\000n\000c\000i\000o\000n\000e\000s\000\040\000e\000s\000p\000e\000c\000i\000a\000l\000e\000s}{chapter.34}% 316
\BOOKMARK [2][-]{subsection.34.4.1}{\376\377\000F\000u\000n\000c\000i\000o\000n\000e\000s\000\040\000d\000e\000\040\000B\000e\000s\000s\000e\000l\000\040\000e\000n\000\040\000p\000r\000o\000b\000l\000e\000m\000a\000s\000\040\000c\000o\000n\000\040\000s\000i\000m\000e\000t\000r\000\355\000a\000\040\000c\000i\000l\000\355\000n\000d\000r\000i\000c\000a}{section.34.4}% 317
\BOOKMARK [2][-]{subsection.34.4.2}{\376\377\000P\000o\000l\000i\000n\000o\000m\000i\000o\000s\000\040\000d\000e\000\040\000L\000e\000g\000e\000n\000d\000r\000e\000\040\000e\000n\000\040\000p\000r\000o\000b\000l\000e\000m\000a\000s\000\040\000c\000o\000n\000\040\000s\000i\000m\000e\000t\000r\000\355\000a\000\040\000e\000s\000f\000\351\000r\000i\000c\000a}{section.34.4}% 318
\BOOKMARK [1][-]{section.34.5}{\376\377\000P\000r\000o\000b\000l\000e\000m\000a\000s\000\040\000p\000r\000o\000p\000u\000e\000s\000t\000o\000s}{chapter.34}% 319
\BOOKMARK [0][-]{chapter.35}{\376\377\000T\000r\000a\000n\000s\000f\000o\000r\000m\000a\000d\000a\000\040\000d\000e\000\040\000L\000a\000p\000l\000a\000c\000e}{part.2}% 320
\BOOKMARK [1][-]{section.35.1}{\376\377\000D\000e\000f\000i\000n\000i\000c\000i\000\363\000n\000\040\000y\000\040\000c\000o\000n\000d\000i\000c\000i\000o\000n\000e\000s\000\040\000d\000e\000\040\000e\000x\000i\000s\000t\000e\000n\000c\000i\000a}{chapter.35}% 321
\BOOKMARK [1][-]{section.35.2}{\376\377\000P\000r\000o\000p\000i\000e\000d\000a\000d\000e\000s\000\040\000f\000u\000n\000d\000a\000m\000e\000n\000t\000a\000l\000e\000s\000\040\000d\000e\000\040\000l\000a\000\040\000t\000r\000a\000n\000s\000f\000o\000r\000m\000a\000d\000a}{chapter.35}% 322
\BOOKMARK [1][-]{section.35.3}{\376\377\000T\000r\000a\000n\000s\000f\000o\000r\000m\000a\000d\000a\000\040\000i\000n\000v\000e\000r\000s\000a\000\040\000d\000e\000\040\000L\000a\000p\000l\000a\000c\000e}{chapter.35}% 323
\BOOKMARK [1][-]{section.35.4}{\376\377\000F\000u\000n\000c\000i\000\363\000n\000\040\000e\000s\000c\000a\000l\000\363\000n\000\040\000u\000n\000i\000t\000a\000r\000i\000o\000\040\000\050\000H\000e\000a\000v\000i\000s\000i\000d\000e\000\051\000\040\000y\000\040\000s\000e\000g\000u\000n\000d\000o\000\040\000t\000e\000o\000r\000e\000m\000a\000\040\000d\000e\000\040\000t\000r\000a\000s\000l\000a\000c\000i\000\363\000n}{chapter.35}% 324
\BOOKMARK [1][-]{section.35.5}{\376\377\000F\000u\000n\000c\000i\000\363\000n\000\040\000i\000m\000p\000u\000l\000s\000o\000\040\000u\000n\000i\000t\000a\000r\000i\000o\000\040\000\050\000d\000e\000l\000t\000a\000\040\000d\000e\000\040\000D\000i\000r\000a\000c\000\051}{chapter.35}% 325
\BOOKMARK [1][-]{section.35.6}{\376\377\000T\000e\000o\000r\000e\000m\000a\000\040\000d\000e\000\040\000c\000o\000n\000v\000o\000l\000u\000c\000i\000\363\000n}{chapter.35}% 326
\BOOKMARK [1][-]{section.35.7}{\376\377\000R\000e\000s\000o\000l\000u\000c\000i\000\363\000n\000\040\000d\000e\000\040\000p\000r\000o\000b\000l\000e\000m\000a\000s\000\040\000d\000e\000\040\000v\000a\000l\000o\000r\000\040\000i\000n\000i\000c\000i\000a\000l\000\040\000\050\000P\000V\000I\000\051\000\040\000c\000o\000n\000\040\000L\000a\000p\000l\000a\000c\000e}{chapter.35}% 327
\BOOKMARK [1][-]{section.35.8}{\376\377\000R\000e\000s\000o\000l\000u\000c\000i\000\363\000n\000\040\000d\000e\000\040\000s\000i\000s\000t\000e\000m\000a\000s\000\040\000d\000e\000\040\000E\000D\000O\000\040\000c\000o\000n\000\040\000L\000a\000p\000l\000a\000c\000e}{chapter.35}% 328
\BOOKMARK [1][-]{section.35.9}{\376\377\000A\000p\000l\000i\000c\000a\000c\000i\000o\000n\000e\000s}{chapter.35}% 329
\BOOKMARK [2][-]{subsection.35.9.1}{\376\377\000C\000i\000r\000c\000u\000i\000t\000o\000s\000\040\000R\000L\000C\000\040\000c\000o\000n\000\040\000i\000n\000t\000e\000r\000r\000u\000p\000t\000o\000r}{section.35.9}% 330
\BOOKMARK [2][-]{subsection.35.9.2}{\376\377\000S\000i\000s\000t\000e\000m\000a\000s\000\040\000m\000e\000c\000\341\000n\000i\000c\000o\000s\000\040\000c\000o\000n\000\040\000f\000o\000r\000z\000a\000m\000i\000e\000n\000t\000o\000\040\000d\000i\000s\000c\000o\000n\000t\000i\000n\000u\000o}{section.35.9}% 331
\BOOKMARK [2][-]{subsection.35.9.3}{\376\377\000R\000e\000s\000p\000u\000e\000s\000t\000a\000\040\000i\000m\000p\000u\000l\000s\000i\000v\000a\000\040\000y\000\040\000f\000u\000n\000c\000i\000\363\000n\000\040\000d\000e\000\040\000G\000r\000e\000e\000n}{section.35.9}% 332
\BOOKMARK [1][-]{section.35.10}{\376\377\000P\000r\000o\000b\000l\000e\000m\000a\000s\000\040\000p\000r\000o\000p\000u\000e\000s\000t\000o\000s}{chapter.35}% 333
\BOOKMARK [0][-]{chapter*.2}{\376\377\000B\000i\000b\000l\000i\000o\000g\000r\000a\000f\000\355\000a}{part.2}% 334
