This is LuaHBTeX, Version 1.22.0 (MiKTeX 25.4) (format=lualatex 2025.7.7)  9 FEB 2026 15:23
 restricted system commands enabled.
**anfalearNotasCalculo.tex
(./anfalearNotasCalculo.tex
LaTeX2e <2025-06-01> patch level 1
L3 programming layer <2025-06-09>
Lua module: luaotfload 2024-12-03 v3.29 Lua based OpenType font support
Lua module: lualibs 2023-07-13 v2.76 ConTeXt Lua standard libraries.
Lua module: lualibs-extended 2023-07-13 v2.76 ConTeXt Lua libraries -- extended 
collection.
luaotfload | conf : Root cache directory is "C:/Users/anfalear/AppData/Local/MiK
TeX/luatex-cache/generic/names".
luaotfload | init : Loading fontloader "fontloader-2023-12-28.lua" from kpse-res
olved path "C:/Users/anfalear/AppData/Local/Programs/MiKTeX/tex/luatex/luaotfloa
d/fontloader-2023-12-28.lua".
Lua-only attribute luaotfload@noligature = 1
luaotfload | init : Context OpenType loader version 3.134
Inserting `luaotfload.node_processor' in `pre_linebreak_filter'.
Inserting `luaotfload.node_processor' in `hpack_filter'.
Inserting `luaotfload.glyph_stream' in `glyph_stream_provider'.
Inserting `luaotfload.define_font' in `define_font'.
Lua-only attribute luaotfload_color_attribute = 2
luaotfload | conf : Root cache directory is "C:/Users/anfalear/AppData/Local/MiK
TeX/luatex-cache/generic/names".
Inserting `luaotfload.harf.strip_prefix' in `find_opentype_file'.
Inserting `luaotfload.harf.strip_prefix' in `find_truetype_file'.
Removing  `luaotfload.glyph_stream' from `glyph_stream_provider'.
Inserting `luaotfload.harf.glyphstream' in `glyph_stream_provider'.
Inserting `luaotfload.harf.finalize_vlist' in `post_linebreak_filter'.
Inserting `luaotfload.harf.finalize_hlist' in `hpack_filter'.
Inserting `luaotfload.cleanup_files' in `wrapup_run'.
Inserting `luaotfload.harf.finalize_unicode' in `finish_pdffile'.
Inserting `luaotfload.glyphinfo' in `glyph_info'.
Lua-only attribute luaotfload.letterspace_done = 3
Inserting `luaotfload.aux.set_sscale_dimens' in `luaotfload.patch_font'.
Inserting `luaotfload.aux.set_font_index' in `luaotfload.patch_font'.
Inserting `luaotfload.aux.patch_cambria_domh' in `luaotfload.patch_font'.
Inserting `luaotfload.aux.fixup_fontdata' in `luaotfload.patch_font_unsafe'.
Inserting `luaotfload.aux.set_capheight' in `luaotfload.patch_font'.
Inserting `luaotfload.aux.set_xheight' in `luaotfload.patch_font'.
Inserting `luaotfload.rewrite_fontname' in `luaotfload.patch_font'.
Inserting `tracingstacklevels' in `input_level_string'. (C:/Users/anfalear/AppD
ata/Local/Programs/MiKTeX/tex/latex/base/book.cls
Document Class: book 2025/01/22 v1.4n Standard LaTeX document class
(C:/Users/anfalear/AppData/Local/Programs/MiKTeX/tex/latex/base/leqno.clo
File: leqno.clo 2016/12/29 v1.2b Standard LaTeX option (left equation numbers)
)
(C:/Users/anfalear/AppData/Local/Programs/MiKTeX/tex/latex/base/fleqn.clo
File: fleqn.clo 2016/12/29 v1.2b Standard LaTeX option (flush left equations)
\mathindent=\skip49
Applying: [2015/01/01] Make \[ robust on input line 50.
LaTeX Info: Redefining \[ on input line 51.
Already applied: [0000/00/00] Make \[ robust on input line 62.
Applying: [2015/01/01] Make \] robust on input line 74.
LaTeX Info: Redefining \] on input line 75.
Already applied: [0000/00/00] Make \] robust on input line 83.
)
(C:/Users/anfalear/AppData/Local/Programs/MiKTeX/tex/latex/base/bk12.clo
File: bk12.clo 2025/01/22 v1.4n Standard LaTeX file (size option)
luaotfload | db : Font names database loaded from C:/Users/anfalear/AppData/Loca
l/MiKTeX/luatex-cache/generic/names/luaotfload-names.luc.gz)
\c@part=\count273
\c@chapter=\count274
\c@section=\count275
\c@subsection=\count276
\c@subsubsection=\count277
\c@paragraph=\count278
\c@subparagraph=\count279
\c@figure=\count280
\c@table=\count281
\abovecaptionskip=\skip50
\belowcaptionskip=\skip51
\bibindent=\dimen147
)
(C:/Users/anfalear/AppData/Local/Programs/MiKTeX/tex/latex/geometry/geometry.st
y
Package: geometry 2020/01/02 v5.9 Page Geometry

(C:/Users/anfalear/AppData/Local/Programs/MiKTeX/tex/latex/graphics/keyval.sty
Package: keyval 2022/05/29 v1.15 key=value parser (DPC)
\KV@toks@=\toks17
) (C:/Users/anfalear/AppData/Local/Programs/MiKTeX/tex/generic/iftex/ifvtex.sty
Package: ifvtex 2019/10/25 v1.7 ifvtex legacy package. Use iftex instead.

(C:/Users/anfalear/AppData/Local/Programs/MiKTeX/tex/generic/iftex/iftex.sty
Package: iftex 2024/12/12 v1.0g TeX engine tests
))
\Gm@cnth=\count282
\Gm@cntv=\count283
\c@Gm@tempcnt=\count284
\Gm@bindingoffset=\dimen148
\Gm@wd@mp=\dimen149
\Gm@odd@mp=\dimen150
\Gm@even@mp=\dimen151
\Gm@layoutwidth=\dimen152
\Gm@layoutheight=\dimen153
\Gm@layouthoffset=\dimen154
\Gm@layoutvoffset=\dimen155
\Gm@dimlist=\toks18

(C:/Users/anfalear/AppData/Local/Programs/MiKTeX/tex/latex/geometry/geometry.cf
g))
(C:/Users/anfalear/AppData/Local/Programs/MiKTeX/tex/latex/base/inputenc.sty
Package: inputenc 2024/02/08 v1.3d Input encoding file
\inpenc@prehook=\toks19
\inpenc@posthook=\toks20


Package inputenc Warning: inputenc package ignored with utf8 based engines.

) (C:/Users/anfalear/AppData/Local/Programs/MiKTeX/tex/generic/babel/babel.sty
Package: babel 2025/05/14 v25.9 The multilingual framework for pdfLaTeX, LuaLaT
eX and XeLaTeX

(C:/Users/anfalear/AppData/Local/Programs/MiKTeX/tex/generic/babel/luababel.def
\bbl@readstream=\read2
\l@afrikaans=\language2
Package babel Info: Non-standard hyphenation setup on input line 118.
\l@ancientgreek=\language3
\l@armenian=\language4
\l@assamese=\language5
\l@basque=\language6
\l@belarusian=\language7
\l@bengali=\language8
\l@bokmal=\language9
\l@bulgarian=\language10
\l@catalan=\language11
\l@churchslavonic=\language12
\l@classiclatin=\language13
\l@coptic=\language14
\l@croatian=\language15
\l@czech=\language16
\l@danish=\language17
\l@dutch=\language18
\l@esperanto=\language19
\l@estonian=\language20
\l@ethiopic=\language21
\l@finnish=\language22
\l@french=\language23
\l@friulan=\language24
\l@galician=\language25
\l@georgian=\language26
\l@german=\language27
\l@greek=\language28
\l@gujarati=\language29
\l@hindi=\language30
\l@hungarian=\language31
\l@icelandic=\language32
\l@indonesian=\language33
\l@interlingua=\language34
\l@irish=\language35
\l@italian=\language36
\l@kannada=\language37
\l@kurmanji=\language38
\l@latin=\language39
\l@latvian=\language40
\l@lithuanian=\language41
\l@liturgicallatin=\language42
\l@macedonian=\language43
\l@malayalam=\language44
\l@marathi=\language45
\l@mongolian=\language46
\l@mongolianlmc=\language47
\l@monogreek=\language48
\l@ngerman=\language49
\l@nynorsk=\language50
\l@occitan=\language51
\l@oriya=\language52
\l@pali=\language53
\l@panjabi=\language54
\l@piedmontese=\language55
\l@polish=\language56
\l@portuguese=\language57
\l@romanian=\language58
\l@romansh=\language59
\l@russian=\language60
\l@sanskrit=\language61
\l@serbian=\language62
\l@serbianc=\language63
\l@slovak=\language64
\l@slovenian=\language65
\l@spanish=\language66
\l@swedish=\language67
\l@swissgerman=\language68
\l@tamil=\language69
\l@telugu=\language70
\l@thai=\language71
\l@turkish=\language72
\l@turkmen=\language73
\l@ukenglish=\language74
\l@ukrainian=\language75
\l@uppersorbian=\language76
\l@usenglishmax=\language77
\l@welsh=\language78
\babelcatcodetablenum=\catcodetable14
\bbl@pattcodes=\catcodetable15
)
\babel@savecnt=\count285
LaTeX Encoding Info:    Redeclaring text command \ij (encoding OT1) on input li
ne 2043.
LaTeX Encoding Info:    Redeclaring text command \IJ (encoding OT1) on input li
ne 2045.
LaTeX Encoding Info:    Redeclaring text command \ij (encoding T1) on input lin
e 2047.
LaTeX Encoding Info:    Redeclaring text command \IJ (encoding T1) on input lin
e 2048.
LaTeX Encoding Info:    Ignoring declaration for text command \ij (encoding ?) 
on input line 2049.
LaTeX Encoding Info:    Ignoring declaration for text command \IJ (encoding ?) 
on input line 2051.
LaTeX Encoding Info:    Ignoring declaration for text command \SS (encoding ?) 
on input line 2076.
\U@D=\dimen156
\l@unhyphenated=\language79

(C:/Users/anfalear/AppData/Local/Programs/MiKTeX/tex/generic/babel/luababel.def
\bbl@attr@locale=\attribute4
)
*************************************
* Local config file bblopts.cfg used
*
(C:/Users/anfalear/AppData/Local/Programs/MiKTeX/tex/latex/arabi/bblopts.cfg
File: bblopts.cfg 2005/09/08 v0.1 add Arabic and Farsi to "declared" options of
 babel
)
(C:/Users/anfalear/AppData/Local/Programs/MiKTeX/tex/latex/babel-spanish/spanis
h.ldf
Language: spanish.ldf 2021/05/27 v5.0q Spanish support from the babel system

(C:/Users/anfalear/AppData/Local/Programs/MiKTeX/tex/generic/babel/locale/es/ba
bel-spanish.tex
Package babel Info: Importing font and identification data for spanish
(babel)             from babel-es.ini. Reported on input line 11.
)
\es@quottoks=\toks21
\es@quotdepth=\count286
Package babel Info: Making " an active character on input line 570.
Package babel Info: Making . an active character on input line 675.
Package babel Info: Making < an active character on input line 722.
Package babel Info: Making > an active character on input line 722.

(C:/Users/anfalear/AppData/Local/Programs/MiKTeX/tex/generic/hyph-utf8/loadhyph
/loadhyph-es.tex UTF-8 Spanish hyphenation patterns
(C:/Users/anfalear/AppData/Local/Programs/MiKTeX/tex/generic/hyph-utf8/patterns
/tex/hyph-es.tex))))
LaTeX Encoding Info:    Redeclaring text command \guillemotleft (encoding OT1) 
on input line 11.
LaTeX Encoding Info:    Redeclaring text command \guillemotright (encoding OT1)
 on input line 11.

(C:/Users/anfalear/AppData/Local/Programs/MiKTeX/tex/latex/amsmath/amsmath.sty
Package: amsmath 2025/06/16 v2.17y AMS math features
\@mathmargin=\skip52

For additional information on amsmath, use the `?' option.
(C:/Users/anfalear/AppData/Local/Programs/MiKTeX/tex/latex/amsmath/amstext.sty
Package: amstext 2024/11/17 v2.01 AMS text

(C:/Users/anfalear/AppData/Local/Programs/MiKTeX/tex/latex/amsmath/amsgen.sty
File: amsgen.sty 1999/11/30 v2.0 generic functions
\@emptytoks=\toks22
\ex@=\dimen157
)) (C:/Users/anfalear/AppData/Local/Programs/MiKTeX/tex/latex/amsmath/amsbsy.st
y
Package: amsbsy 1999/11/29 v1.2d Bold Symbols
\pmbraise@=\dimen158
) (C:/Users/anfalear/AppData/Local/Programs/MiKTeX/tex/latex/amsmath/amsopn.sty
Package: amsopn 2022/04/08 v2.04 operator names
)
\inf@bad=\count287
LaTeX Info: Redefining \frac on input line 235.
\uproot@=\count288
\leftroot@=\count289
LaTeX Info: Redefining \overline on input line 398.
LaTeX Info: Redefining \colon on input line 409.
\classnum@=\count290
\DOTSCASE@=\count291
LaTeX Info: Redefining \ldots on input line 495.
LaTeX Info: Redefining \dots on input line 498.
LaTeX Info: Redefining \cdots on input line 619.
\Mathstrutbox@=\box53
\strutbox@=\box54
LaTeX Info: Redefining \big on input line 721.
LaTeX Info: Redefining \Big on input line 722.
LaTeX Info: Redefining \bigg on input line 723.
LaTeX Info: Redefining \Bigg on input line 724.
\big@size=\dimen159
LaTeX Font Info:    Redeclaring font encoding OML on input line 742.
LaTeX Font Info:    Redeclaring font encoding OMS on input line 743.
\macc@depth=\count292
LaTeX Info: Redefining \bmod on input line 904.
LaTeX Info: Redefining \pmod on input line 909.
LaTeX Info: Redefining \smash on input line 939.
LaTeX Info: Redefining \relbar on input line 969.
LaTeX Info: Redefining \Relbar on input line 970.
\c@MaxMatrixCols=\count293
\dotsspace@=\muskip17
\c@parentequation=\count294
\dspbrk@lvl=\count295
\tag@help=\toks23
\row@=\count296
\column@=\count297
\maxfields@=\count298
\andhelp@=\toks24
\eqnshift@=\dimen160
\alignsep@=\dimen161
\tagshift@=\dimen162
\tagwidth@=\dimen163
\totwidth@=\dimen164
\lineht@=\dimen165
\@envbody=\toks25
\multlinegap=\skip53
\multlinetaggap=\skip54
\mathdisplay@stack=\toks26
LaTeX Info: Redefining \[ on input line 2949.
LaTeX Info: Redefining \] on input line 2950.
) (C:/Users/anfalear/AppData/Local/Programs/MiKTeX/tex/latex/amscls/amsthm.sty
Package: amsthm 2020/05/29 v2.20.6
\thm@style=\toks27
\thm@bodyfont=\toks28
\thm@headfont=\toks29
\thm@notefont=\toks30
\thm@headpunct=\toks31
\thm@preskip=\skip55
\thm@postskip=\skip56
\thm@headsep=\skip57
\dth@everypar=\toks32
)
(C:/Users/anfalear/AppData/Local/Programs/MiKTeX/tex/latex/amsfonts/amssymb.sty
Package: amssymb 2013/01/14 v3.01 AMS font symbols

(C:/Users/anfalear/AppData/Local/Programs/MiKTeX/tex/latex/amsfonts/amsfonts.st
y
Package: amsfonts 2013/01/14 v3.01 Basic AMSFonts support
\symAMSa=\mathgroup4
\symAMSb=\mathgroup5
LaTeX Font Info:    Redeclaring math symbol \hbar on input line 98.
LaTeX Font Info:    Overwriting math alphabet `\mathfrak' in version `bold'
(Font)                  U/euf/m/n --> U/euf/b/n on input line 106.
))
(C:/Users/anfalear/AppData/Local/Programs/MiKTeX/tex/latex/jknappen/mathrsfs.st
y
Package: mathrsfs 1996/01/01 Math RSFS package v1.0 (jk)
\symrsfs=\mathgroup6
)
(C:/Users/anfalear/AppData/Local/Programs/MiKTeX/tex/latex/graphics/graphicx.st
y
Package: graphicx 2024/12/31 v1.2e Enhanced LaTeX Graphics (DPC,SPQR)

(C:/Users/anfalear/AppData/Local/Programs/MiKTeX/tex/latex/graphics/graphics.st
y
Package: graphics 2024/08/06 v1.4g Standard LaTeX Graphics (DPC,SPQR)
 (C:/Users/anfalear/AppData/Local/Programs/MiKTeX/tex/latex/graphics/trig.sty
Package: trig 2023/12/02 v1.11 sin cos tan (DPC)
)
(C:/Users/anfalear/AppData/Local/Programs/MiKTeX/tex/latex/graphics-cfg/graphic
s.cfg
File: graphics.cfg 2016/06/04 v1.11 sample graphics configuration
)
Package graphics Info: Driver file: luatex.def on input line 106.

(C:/Users/anfalear/AppData/Local/Programs/MiKTeX/tex/latex/graphics-def/luatex.
def
File: luatex.def 2024/04/13 v1.2e Graphics/color driver for luatex
))
\Gin@req@height=\dimen166
\Gin@req@width=\dimen167
)
(C:/Users/anfalear/AppData/Local/Programs/MiKTeX/tex/latex/xcolor/xcolor.sty
Package: xcolor 2024/09/29 v3.02 LaTeX color extensions (UK)

(C:/Users/anfalear/AppData/Local/Programs/MiKTeX/tex/latex/graphics-cfg/color.c
fg
File: color.cfg 2016/01/02 v1.6 sample color configuration
)
Package xcolor Info: Driver file: luatex.def on input line 274.

(C:/Users/anfalear/AppData/Local/Programs/MiKTeX/tex/latex/graphics/mathcolor.l
tx)
Package xcolor Info: Model `cmy' substituted by `cmy0' on input line 1349.
Package xcolor Info: Model `hsb' substituted by `rgb' on input line 1353.
Package xcolor Info: Model `RGB' extended on input line 1365.
Package xcolor Info: Model `HTML' substituted by `rgb' on input line 1367.
Package xcolor Info: Model `Hsb' substituted by `hsb' on input line 1368.
Package xcolor Info: Model `tHsb' substituted by `hsb' on input line 1369.
Package xcolor Info: Model `HSB' substituted by `hsb' on input line 1370.
Package xcolor Info: Model `Gray' substituted by `gray' on input line 1371.
Package xcolor Info: Model `wave' substituted by `hsb' on input line 1372.
) (C:/Users/anfalear/AppData/Local/Programs/MiKTeX/tex/latex/float/float.sty
Package: float 2001/11/08 v1.3d Float enhancements (AL)
\c@float@type=\count299
\float@exts=\toks33
\float@box=\box55
\@float@everytoks=\toks34
\@floatcapt=\box56
)
(C:/Users/anfalear/AppData/Local/Programs/MiKTeX/tex/latex/wrapfig/wrapfig.sty
\wrapoverhang=\dimen168
\WF@size=\dimen169
\c@WF@wrappedlines=\count300
\WF@box=\box57
\WF@everypar=\toks35
Package: wrapfig 2003/01/31  v 3.6
)
(C:/Users/anfalear/AppData/Local/Programs/MiKTeX/tex/latex/floatflt/floatflt.st
y
Package: floatflt 1997/07/16 v. 1.31
\c@OptionTest=\count301
\figbox=\box58
\tabbox=\box59
\pagebox=\box60
\ffigcount=\count302
\ftabcount=\count303
\fftest=\count304
\hangcount=\count305
\nosuccesstryfig=\count306
\nosuccesstrytab=\count307
\figgutter=\dimen170
\tabgutter=\dimen171
\htdone=\dimen172
\pageht=\dimen173
\startpageht=\dimen174
\tabbredd=\dimen175
\floatfltwidth=\dimen176
\fltitemwidth=\dimen177
\outputpretest=\toks36
) (C:/Users/anfalear/AppData/Local/Programs/MiKTeX/tex/latex/tools/array.sty
Package: array 2025/06/08 v2.6j Tabular extension package (FMi)
\col@sep=\dimen178
\ar@mcellbox=\box61
\extrarowheight=\dimen179
\NC@list=\toks37
\extratabsurround=\skip58
\backup@length=\skip59
\ar@cellbox=\box62
)
(C:/Users/anfalear/AppData/Local/Programs/MiKTeX/tex/latex/booktabs/booktabs.st
y
Package: booktabs 2020/01/12 v1.61803398 Publication quality tables
\heavyrulewidth=\dimen180
\lightrulewidth=\dimen181
\cmidrulewidth=\dimen182
\belowrulesep=\dimen183
\belowbottomsep=\dimen184
\aboverulesep=\dimen185
\abovetopsep=\dimen186
\cmidrulesep=\dimen187
\cmidrulekern=\dimen188
\defaultaddspace=\dimen189
\@cmidla=\count308
\@cmidlb=\count309
\@aboverulesep=\dimen190
\@belowrulesep=\dimen191
\@thisruleclass=\count310
\@lastruleclass=\count311
\@thisrulewidth=\dimen192
)
(C:/Users/anfalear/AppData/Local/Programs/MiKTeX/tex/latex/tools/tabularx.sty
Package: tabularx 2023/12/11 v2.12a `tabularx' package (DPC)
\TX@col@width=\dimen193
\TX@old@table=\dimen194
\TX@old@col=\dimen195
\TX@target=\dimen196
\TX@delta=\dimen197
\TX@cols=\count312
\TX@ftn=\toks38
)
(C:/Users/anfalear/AppData/Local/Programs/MiKTeX/tex/latex/tabu/tabu.sty
Package: tabu 2019/01/11 v2.9 - flexible LaTeX tabulars (FC+tabu-fixed)

(C:/Users/anfalear/AppData/Local/Programs/MiKTeX/tex/latex/varwidth/varwidth.st
y
Package: varwidth 2009/03/30 ver 0.92;  Variable-width minipages
\@vwid@box=\box63
\sift@deathcycles=\count313
\@vwid@loff=\dimen198
\@vwid@roff=\dimen199
)
==> First Aid for varwidth.sty applied!
\c@taburow=\count314
\tabu@nbcols=\count315
\tabu@cnt=\count316
\tabu@Xcol=\count317
\tabu@alloc=\count318
\tabu@nested=\count319
\tabu@target=\dimen256
\tabu@spreadtarget=\dimen257
\tabu@naturalX=\dimen258
\tabucolX=\dimen259
\tabu@Xsum=\dimen260
\extrarowdepth=\dimen261
\abovetabulinesep=\dimen262
\belowtabulinesep=\dimen263
\tabustrutrule=\dimen264
\tabu@thebody=\toks39
\tabu@footnotes=\toks40
\tabu@box=\box64
\tabu@arstrutbox=\box65
\tabu@hleads=\box66
\tabu@vleads=\box67
\tabu@cellskip=\skip60
)
(C:/Users/anfalear/AppData/Local/Programs/MiKTeX/tex/latex/colortbl/colortbl.st
y
Package: colortbl 2024/10/29 v1.0k Color table columns (DPC)
\everycr=\toks41
\minrowclearance=\skip61
\rownum=\count320
)
(C:/Users/anfalear/AppData/Local/Programs/MiKTeX/tex/latex/multirow/multirow.st
y
Package: multirow 2024/11/12 v2.9 Span multiple rows of a table
\multirow@colwidth=\skip62
\multirow@cntb=\count321
\multirow@dima=\skip63
\bigstrutjot=\dimen265
)
(C:/Users/anfalear/AppData/Local/Programs/MiKTeX/tex/latex/graphics/rotating.st
y
Package: rotating 2025/01/14 v2.16e rotated objects in LaTeX
 (C:/Users/anfalear/AppData/Local/Programs/MiKTeX/tex/latex/base/ifthen.sty
Package: ifthen 2024/03/16 v1.1e Standard LaTeX ifthen package (DPC)
)
\c@r@tfl@t=\count322
\rotFPtop=\skip64
\rotFPbot=\skip65
\rot@float@box=\box68
\rot@mess@toks=\toks42
)
(C:/Users/anfalear/AppData/Local/Programs/MiKTeX/tex/latex/pgf/basiclayer/pgf.s
ty
(C:/Users/anfalear/AppData/Local/Programs/MiKTeX/tex/latex/pgf/utilities/pgfrcs
.sty
(C:/Users/anfalear/AppData/Local/Programs/MiKTeX/tex/generic/pgf/utilities/pgfu
til-common.tex
\pgfutil@everybye=\toks43
\pgfutil@tempdima=\dimen266
\pgfutil@tempdimb=\dimen267
)
(C:/Users/anfalear/AppData/Local/Programs/MiKTeX/tex/generic/pgf/utilities/pgfu
til-latex.def
\pgfutil@abb=\box69
)
(C:/Users/anfalear/AppData/Local/Programs/MiKTeX/tex/generic/pgf/utilities/pgfr
cs.code.tex
(C:/Users/anfalear/AppData/Local/Programs/MiKTeX/tex/generic/pgf/pgf.revision.t
ex)
Package: pgfrcs 2023-01-15 v3.1.10 (3.1.10)
))
Package: pgf 2023-01-15 v3.1.10 (3.1.10)

(C:/Users/anfalear/AppData/Local/Programs/MiKTeX/tex/latex/pgf/basiclayer/pgfco
re.sty
(C:/Users/anfalear/AppData/Local/Programs/MiKTeX/tex/latex/pgf/systemlayer/pgfs
ys.sty
(C:/Users/anfalear/AppData/Local/Programs/MiKTeX/tex/generic/pgf/systemlayer/pg
fsys.code.tex
Package: pgfsys 2023-01-15 v3.1.10 (3.1.10)

(C:/Users/anfalear/AppData/Local/Programs/MiKTeX/tex/generic/pgf/utilities/pgfk
eys.code.tex
\pgfkeys@pathtoks=\toks44
\pgfkeys@temptoks=\toks45

(C:/Users/anfalear/AppData/Local/Programs/MiKTeX/tex/generic/pgf/utilities/pgfk
eyslibraryfiltered.code.tex
\pgfkeys@tmptoks=\toks46
))
\pgf@x=\dimen268
\pgf@y=\dimen269
\pgf@xa=\dimen270
\pgf@ya=\dimen271
\pgf@xb=\dimen272
\pgf@yb=\dimen273
\pgf@xc=\dimen274
\pgf@yc=\dimen275
\pgf@xd=\dimen276
\pgf@yd=\dimen277
\w@pgf@writea=\write3
\r@pgf@reada=\read3
\c@pgf@counta=\count323
\c@pgf@countb=\count324
\c@pgf@countc=\count325
\c@pgf@countd=\count326
\t@pgf@toka=\toks47
\t@pgf@tokb=\toks48
\t@pgf@tokc=\toks49
\pgf@sys@id@count=\count327

(C:/Users/anfalear/AppData/Local/Programs/MiKTeX/tex/generic/pgf/systemlayer/pg
f.cfg
File: pgf.cfg 2023-01-15 v3.1.10 (3.1.10)
)
Driver file for pgf: pgfsys-luatex.def

(C:/Users/anfalear/AppData/Local/Programs/MiKTeX/tex/generic/pgf/systemlayer/pg
fsys-luatex.def
File: pgfsys-luatex.def 2023-01-15 v3.1.10 (3.1.10)

(C:/Users/anfalear/AppData/Local/Programs/MiKTeX/tex/generic/pgf/systemlayer/pg
fsys-common-pdf.def
File: pgfsys-common-pdf.def 2023-01-15 v3.1.10 (3.1.10)
)))
(C:/Users/anfalear/AppData/Local/Programs/MiKTeX/tex/generic/pgf/systemlayer/pg
fsyssoftpath.code.tex
File: pgfsyssoftpath.code.tex 2023-01-15 v3.1.10 (3.1.10)
\pgfsyssoftpath@smallbuffer@items=\count328
\pgfsyssoftpath@bigbuffer@items=\count329
)
(C:/Users/anfalear/AppData/Local/Programs/MiKTeX/tex/generic/pgf/systemlayer/pg
fsysprotocol.code.tex
File: pgfsysprotocol.code.tex 2023-01-15 v3.1.10 (3.1.10)
))
(C:/Users/anfalear/AppData/Local/Programs/MiKTeX/tex/generic/pgf/basiclayer/pgf
core.code.tex
Package: pgfcore 2023-01-15 v3.1.10 (3.1.10)

(C:/Users/anfalear/AppData/Local/Programs/MiKTeX/tex/generic/pgf/math/pgfmath.c
ode.tex
(C:/Users/anfalear/AppData/Local/Programs/MiKTeX/tex/generic/pgf/math/pgfmathut
il.code.tex)
(C:/Users/anfalear/AppData/Local/Programs/MiKTeX/tex/generic/pgf/math/pgfmathpa
rser.code.tex
\pgfmath@dimen=\dimen278
\pgfmath@count=\count330
\pgfmath@box=\box70
\pgfmath@toks=\toks50
\pgfmath@stack@operand=\toks51
\pgfmath@stack@operation=\toks52
)
(C:/Users/anfalear/AppData/Local/Programs/MiKTeX/tex/generic/pgf/math/pgfmathfu
nctions.code.tex)
(C:/Users/anfalear/AppData/Local/Programs/MiKTeX/tex/generic/pgf/math/pgfmathfu
nctions.basic.code.tex)
(C:/Users/anfalear/AppData/Local/Programs/MiKTeX/tex/generic/pgf/math/pgfmathfu
nctions.trigonometric.code.tex)
(C:/Users/anfalear/AppData/Local/Programs/MiKTeX/tex/generic/pgf/math/pgfmathfu
nctions.random.code.tex)
(C:/Users/anfalear/AppData/Local/Programs/MiKTeX/tex/generic/pgf/math/pgfmathfu
nctions.comparison.code.tex)
(C:/Users/anfalear/AppData/Local/Programs/MiKTeX/tex/generic/pgf/math/pgfmathfu
nctions.base.code.tex)
(C:/Users/anfalear/AppData/Local/Programs/MiKTeX/tex/generic/pgf/math/pgfmathfu
nctions.round.code.tex)
(C:/Users/anfalear/AppData/Local/Programs/MiKTeX/tex/generic/pgf/math/pgfmathfu
nctions.misc.code.tex)
(C:/Users/anfalear/AppData/Local/Programs/MiKTeX/tex/generic/pgf/math/pgfmathfu
nctions.integerarithmetics.code.tex)
(C:/Users/anfalear/AppData/Local/Programs/MiKTeX/tex/generic/pgf/math/pgfmathca
lc.code.tex)
(C:/Users/anfalear/AppData/Local/Programs/MiKTeX/tex/generic/pgf/math/pgfmathfl
oat.code.tex
\c@pgfmathroundto@lastzeros=\count331
))
(C:/Users/anfalear/AppData/Local/Programs/MiKTeX/tex/generic/pgf/math/pgfint.co
de.tex)
(C:/Users/anfalear/AppData/Local/Programs/MiKTeX/tex/generic/pgf/basiclayer/pgf
corepoints.code.tex
File: pgfcorepoints.code.tex 2023-01-15 v3.1.10 (3.1.10)
\pgf@picminx=\dimen279
\pgf@picmaxx=\dimen280
\pgf@picminy=\dimen281
\pgf@picmaxy=\dimen282
\pgf@pathminx=\dimen283
\pgf@pathmaxx=\dimen284
\pgf@pathminy=\dimen285
\pgf@pathmaxy=\dimen286
\pgf@xx=\dimen287
\pgf@xy=\dimen288
\pgf@yx=\dimen289
\pgf@yy=\dimen290
\pgf@zx=\dimen291
\pgf@zy=\dimen292
)
(C:/Users/anfalear/AppData/Local/Programs/MiKTeX/tex/generic/pgf/basiclayer/pgf
corepathconstruct.code.tex
File: pgfcorepathconstruct.code.tex 2023-01-15 v3.1.10 (3.1.10)
\pgf@path@lastx=\dimen293
\pgf@path@lasty=\dimen294
)
(C:/Users/anfalear/AppData/Local/Programs/MiKTeX/tex/generic/pgf/basiclayer/pgf
corepathusage.code.tex
File: pgfcorepathusage.code.tex 2023-01-15 v3.1.10 (3.1.10)
\pgf@shorten@end@additional=\dimen295
\pgf@shorten@start@additional=\dimen296
)
(C:/Users/anfalear/AppData/Local/Programs/MiKTeX/tex/generic/pgf/basiclayer/pgf
corescopes.code.tex
File: pgfcorescopes.code.tex 2023-01-15 v3.1.10 (3.1.10)
\pgfpic=\box71
\pgf@hbox=\box72
\pgf@layerbox@main=\box73
\pgf@picture@serial@count=\count332
)
(C:/Users/anfalear/AppData/Local/Programs/MiKTeX/tex/generic/pgf/basiclayer/pgf
coregraphicstate.code.tex
File: pgfcoregraphicstate.code.tex 2023-01-15 v3.1.10 (3.1.10)
\pgflinewidth=\dimen297
)
(C:/Users/anfalear/AppData/Local/Programs/MiKTeX/tex/generic/pgf/basiclayer/pgf
coretransformations.code.tex
File: pgfcoretransformations.code.tex 2023-01-15 v3.1.10 (3.1.10)
\pgf@pt@x=\dimen298
\pgf@pt@y=\dimen299
\pgf@pt@temp=\dimen300
)
(C:/Users/anfalear/AppData/Local/Programs/MiKTeX/tex/generic/pgf/basiclayer/pgf
corequick.code.tex
File: pgfcorequick.code.tex 2023-01-15 v3.1.10 (3.1.10)
)
(C:/Users/anfalear/AppData/Local/Programs/MiKTeX/tex/generic/pgf/basiclayer/pgf
coreobjects.code.tex
File: pgfcoreobjects.code.tex 2023-01-15 v3.1.10 (3.1.10)
)
(C:/Users/anfalear/AppData/Local/Programs/MiKTeX/tex/generic/pgf/basiclayer/pgf
corepathprocessing.code.tex
File: pgfcorepathprocessing.code.tex 2023-01-15 v3.1.10 (3.1.10)
)
(C:/Users/anfalear/AppData/Local/Programs/MiKTeX/tex/generic/pgf/basiclayer/pgf
corearrows.code.tex
File: pgfcorearrows.code.tex 2023-01-15 v3.1.10 (3.1.10)
\pgfarrowsep=\dimen301
)
(C:/Users/anfalear/AppData/Local/Programs/MiKTeX/tex/generic/pgf/basiclayer/pgf
coreshade.code.tex
File: pgfcoreshade.code.tex 2023-01-15 v3.1.10 (3.1.10)
\pgf@max=\dimen302
\pgf@sys@shading@range@num=\count333
\pgf@shadingcount=\count334
)
(C:/Users/anfalear/AppData/Local/Programs/MiKTeX/tex/generic/pgf/basiclayer/pgf
coreimage.code.tex
File: pgfcoreimage.code.tex 2023-01-15 v3.1.10 (3.1.10)
)
(C:/Users/anfalear/AppData/Local/Programs/MiKTeX/tex/generic/pgf/basiclayer/pgf
coreexternal.code.tex
File: pgfcoreexternal.code.tex 2023-01-15 v3.1.10 (3.1.10)
\pgfexternal@startupbox=\box74
)
(C:/Users/anfalear/AppData/Local/Programs/MiKTeX/tex/generic/pgf/basiclayer/pgf
corelayers.code.tex
File: pgfcorelayers.code.tex 2023-01-15 v3.1.10 (3.1.10)
)
(C:/Users/anfalear/AppData/Local/Programs/MiKTeX/tex/generic/pgf/basiclayer/pgf
coretransparency.code.tex
File: pgfcoretransparency.code.tex 2023-01-15 v3.1.10 (3.1.10)
)
(C:/Users/anfalear/AppData/Local/Programs/MiKTeX/tex/generic/pgf/basiclayer/pgf
corepatterns.code.tex
File: pgfcorepatterns.code.tex 2023-01-15 v3.1.10 (3.1.10)
)
(C:/Users/anfalear/AppData/Local/Programs/MiKTeX/tex/generic/pgf/basiclayer/pgf
corerdf.code.tex
File: pgfcorerdf.code.tex 2023-01-15 v3.1.10 (3.1.10)
)))
(C:/Users/anfalear/AppData/Local/Programs/MiKTeX/tex/generic/pgf/modules/pgfmod
uleshapes.code.tex
File: pgfmoduleshapes.code.tex 2023-01-15 v3.1.10 (3.1.10)
\pgfnodeparttextbox=\box75
)
(C:/Users/anfalear/AppData/Local/Programs/MiKTeX/tex/generic/pgf/modules/pgfmod
uleplot.code.tex
File: pgfmoduleplot.code.tex 2023-01-15 v3.1.10 (3.1.10)
)
(C:/Users/anfalear/AppData/Local/Programs/MiKTeX/tex/latex/pgf/compatibility/pg
fcomp-version-0-65.sty
Package: pgfcomp-version-0-65 2023-01-15 v3.1.10 (3.1.10)
\pgf@nodesepstart=\dimen303
\pgf@nodesepend=\dimen304
)
(C:/Users/anfalear/AppData/Local/Programs/MiKTeX/tex/latex/pgf/compatibility/pg
fcomp-version-1-18.sty
Package: pgfcomp-version-1-18 2023-01-15 v3.1.10 (3.1.10)
))
(C:/Users/anfalear/AppData/Local/Programs/MiKTeX/tex/latex/pgf/frontendlayer/ti
kz.sty
(C:/Users/anfalear/AppData/Local/Programs/MiKTeX/tex/latex/pgf/utilities/pgffor
.sty
(C:/Users/anfalear/AppData/Local/Programs/MiKTeX/tex/latex/pgf/utilities/pgfkey
s.sty
(C:/Users/anfalear/AppData/Local/Programs/MiKTeX/tex/generic/pgf/utilities/pgfk
eys.code.tex))
(C:/Users/anfalear/AppData/Local/Programs/MiKTeX/tex/latex/pgf/math/pgfmath.sty

(C:/Users/anfalear/AppData/Local/Programs/MiKTeX/tex/generic/pgf/math/pgfmath.c
ode.tex))
(C:/Users/anfalear/AppData/Local/Programs/MiKTeX/tex/generic/pgf/utilities/pgff
or.code.tex
Package: pgffor 2023-01-15 v3.1.10 (3.1.10)
\pgffor@iter=\dimen305
\pgffor@skip=\dimen306
\pgffor@stack=\toks53
\pgffor@toks=\toks54
))
(C:/Users/anfalear/AppData/Local/Programs/MiKTeX/tex/generic/pgf/frontendlayer/
tikz/tikz.code.tex
Package: tikz 2023-01-15 v3.1.10 (3.1.10)

(C:/Users/anfalear/AppData/Local/Programs/MiKTeX/tex/generic/pgf/libraries/pgfl
ibraryplothandlers.code.tex
File: pgflibraryplothandlers.code.tex 2023-01-15 v3.1.10 (3.1.10)
\pgf@plot@mark@count=\count335
\pgfplotmarksize=\dimen307
)
\tikz@lastx=\dimen308
\tikz@lasty=\dimen309
\tikz@lastxsaved=\dimen310
\tikz@lastysaved=\dimen311
\tikz@lastmovetox=\dimen312
\tikz@lastmovetoy=\dimen313
\tikzleveldistance=\dimen314
\tikzsiblingdistance=\dimen315
\tikz@figbox=\box76
\tikz@figbox@bg=\box77
\tikz@tempbox=\box78
\tikz@tempbox@bg=\box79
\tikztreelevel=\count336
\tikznumberofchildren=\count337
\tikznumberofcurrentchild=\count338
\tikz@fig@count=\count339

(C:/Users/anfalear/AppData/Local/Programs/MiKTeX/tex/generic/pgf/modules/pgfmod
ulematrix.code.tex
File: pgfmodulematrix.code.tex 2023-01-15 v3.1.10 (3.1.10)
\pgfmatrixcurrentrow=\count340
\pgfmatrixcurrentcolumn=\count341
\pgf@matrix@numberofcolumns=\count342
)
\tikz@expandcount=\count343

(C:/Users/anfalear/AppData/Local/Programs/MiKTeX/tex/generic/pgf/frontendlayer/
tikz/libraries/tikzlibrarytopaths.code.tex
File: tikzlibrarytopaths.code.tex 2023-01-15 v3.1.10 (3.1.10)
)))
(C:/Users/anfalear/AppData/Local/Programs/MiKTeX/tex/latex/pgfplots/pgfplots.st
y
(C:/Users/anfalear/AppData/Local/Programs/MiKTeX/tex/generic/pgfplots/pgfplots.
revision.tex)
Package: pgfplots 2021/05/15 v1.18.1 Data Visualization (1.18.1)

(C:/Users/anfalear/AppData/Local/Programs/MiKTeX/tex/generic/pgfplots/pgfplots.
code.tex
(C:/Users/anfalear/AppData/Local/Programs/MiKTeX/tex/generic/pgfplots/pgfplotsc
ore.code.tex
Package pgfplots info on input line 124: Initializing with LUA version Lua 5.3
\pgfplots@luabackend@table=\catcodetable16
\t@pgfplots@toka=\toks55
\t@pgfplots@tokb=\toks56
\t@pgfplots@tokc=\toks57
\pgfplots@tmpa=\dimen316
\c@pgfplots@coordindex=\count344
\c@pgfplots@scanlineindex=\count345

(C:/Users/anfalear/AppData/Local/Programs/MiKTeX/tex/generic/pgfplots/sys/pgfpl
otssysgeneric.code.tex))
(C:/Users/anfalear/AppData/Local/Programs/MiKTeX/tex/generic/pgfplots/libs/pgfp
lotslibrary.code.tex)
(C:/Users/anfalear/AppData/Local/Programs/MiKTeX/tex/generic/pgfplots/oldpgfcom
patib/pgfplotsoldpgfsupp_loader.code.tex
(C:/Users/anfalear/AppData/Local/Programs/MiKTeX/tex/generic/pgf/libraries/pgfl
ibraryfpu.code.tex)
Package pgfplots: loading complementary utilities for your pgf version...
\t@pgf@toka=\toks58
\t@pgf@tokb=\toks59
\t@pgf@tokc=\toks60

(C:/Users/anfalear/AppData/Local/Programs/MiKTeX/tex/generic/pgfplots/oldpgfcom
patib/pgfplotsoldpgfsupp_pgfutil-common-lists.tex)
(C:/Users/anfalear/AppData/Local/Programs/MiKTeX/tex/generic/pgf/libraries/luam
ath/pgflibraryluamath.code.tex)
Package pgfplots info on input line 290: luamath library shipped with pgf 3.1.1
0 is up-to-date
)
(C:/Users/anfalear/AppData/Local/Programs/MiKTeX/tex/generic/pgfplots/util/pgfp
lotsutil.code.tex
Package pgfplots info on input line 82: Found new luatex: initializing lua comm
ands instead of write18 (shell-escape)

(C:/Users/anfalear/AppData/Local/Programs/MiKTeX/tex/generic/pgfplots/liststruc
ture/pgfplotsliststructure.code.tex)
(C:/Users/anfalear/AppData/Local/Programs/MiKTeX/tex/generic/pgfplots/liststruc
ture/pgfplotsliststructureext.code.tex)
(C:/Users/anfalear/AppData/Local/Programs/MiKTeX/tex/generic/pgfplots/liststruc
ture/pgfplotsarray.code.tex
\c@pgfplotsarray@tmp=\count346
)
(C:/Users/anfalear/AppData/Local/Programs/MiKTeX/tex/generic/pgfplots/liststruc
ture/pgfplotsmatrix.code.tex)
(C:/Users/anfalear/AppData/Local/Programs/MiKTeX/tex/generic/pgfplots/numtable/
pgfplotstableshared.code.tex
\c@pgfplotstable@counta=\count347
\t@pgfplotstable@a=\toks61
)
(C:/Users/anfalear/AppData/Local/Programs/MiKTeX/tex/generic/pgfplots/liststruc
ture/pgfplotsdeque.code.tex)
(C:/Users/anfalear/AppData/Local/Programs/MiKTeX/tex/generic/pgfplots/util/pgfp
lotsbinary.code.tex
(C:/Users/anfalear/AppData/Local/Programs/MiKTeX/tex/generic/pgfplots/util/pgfp
lotsbinary.data.code.tex))
(C:/Users/anfalear/AppData/Local/Programs/MiKTeX/tex/generic/pgfplots/util/pgfp
lotsutil.verb.code.tex)
(C:/Users/anfalear/AppData/Local/Programs/MiKTeX/tex/generic/pgfplots/libs/pgfl
ibrarypgfplots.surfshading.code.tex
\c@pgfplotslibrarysurf@no=\count348

(C:/Users/anfalear/AppData/Local/Programs/MiKTeX/tex/generic/pgfplots/sys/pgfli
brarypgfplots.surfshading.pgfsys-luatex.def)))
(C:/Users/anfalear/AppData/Local/Programs/MiKTeX/tex/generic/pgfplots/util/pgfp
lotscolormap.code.tex
(C:/Users/anfalear/AppData/Local/Programs/MiKTeX/tex/generic/pgfplots/util/pgfp
lotscolor.code.tex))
(C:/Users/anfalear/AppData/Local/Programs/MiKTeX/tex/generic/pgfplots/pgfplotss
tackedplots.code.tex)
(C:/Users/anfalear/AppData/Local/Programs/MiKTeX/tex/generic/pgfplots/pgfplotsp
lothandlers.code.tex
(C:/Users/anfalear/AppData/Local/Programs/MiKTeX/tex/generic/pgfplots/pgfplotsm
eshplothandler.code.tex
(C:/Users/anfalear/AppData/Local/Programs/MiKTeX/tex/generic/pgfplots/pgfplotsm
eshplotimage.code.tex)))
(C:/Users/anfalear/AppData/Local/Programs/MiKTeX/tex/generic/pgfplots/pgfplots.
scaling.code.tex)
(C:/Users/anfalear/AppData/Local/Programs/MiKTeX/tex/generic/pgfplots/pgfplotsc
oordprocessing.code.tex)
(C:/Users/anfalear/AppData/Local/Programs/MiKTeX/tex/generic/pgfplots/pgfplots.
errorbars.code.tex)
(C:/Users/anfalear/AppData/Local/Programs/MiKTeX/tex/generic/pgfplots/pgfplots.
markers.code.tex)
(C:/Users/anfalear/AppData/Local/Programs/MiKTeX/tex/generic/pgfplots/pgfplotst
icks.code.tex)
(C:/Users/anfalear/AppData/Local/Programs/MiKTeX/tex/generic/pgfplots/pgfplots.
paths.code.tex)
(C:/Users/anfalear/AppData/Local/Programs/MiKTeX/tex/generic/pgf/frontendlayer/
tikz/libraries/tikzlibrarydecorations.code.tex
(C:/Users/anfalear/AppData/Local/Programs/MiKTeX/tex/generic/pgf/modules/pgfmod
uledecorations.code.tex
\pgfdecoratedcompleteddistance=\dimen317
\pgfdecoratedremainingdistance=\dimen318
\pgfdecoratedinputsegmentcompleteddistance=\dimen319
\pgfdecoratedinputsegmentremainingdistance=\dimen320
\pgf@decorate@distancetomove=\dimen321
\pgf@decorate@repeatstate=\count349
\pgfdecorationsegmentamplitude=\dimen322
\pgfdecorationsegmentlength=\dimen323
)
\tikz@lib@dec@box=\box80
)
(C:/Users/anfalear/AppData/Local/Programs/MiKTeX/tex/generic/pgf/frontendlayer/
tikz/libraries/tikzlibrarydecorations.pathmorphing.code.tex
(C:/Users/anfalear/AppData/Local/Programs/MiKTeX/tex/generic/pgf/libraries/deco
rations/pgflibrarydecorations.pathmorphing.code.tex))
(C:/Users/anfalear/AppData/Local/Programs/MiKTeX/tex/generic/pgf/frontendlayer/
tikz/libraries/tikzlibrarydecorations.pathreplacing.code.tex
(C:/Users/anfalear/AppData/Local/Programs/MiKTeX/tex/generic/pgf/libraries/deco
rations/pgflibrarydecorations.pathreplacing.code.tex))
(C:/Users/anfalear/AppData/Local/Programs/MiKTeX/tex/generic/pgfplots/libs/tikz
librarypgfplots.contourlua.code.tex)
\pgfplots@numplots=\count350
\pgfplots@xmin@reg=\dimen324
\pgfplots@xmax@reg=\dimen325
\pgfplots@ymin@reg=\dimen326
\pgfplots@ymax@reg=\dimen327
\pgfplots@zmin@reg=\dimen328
\pgfplots@zmax@reg=\dimen329
)
(C:/Users/anfalear/AppData/Local/Programs/MiKTeX/tex/generic/pgf/frontendlayer/
tikz/libraries/tikzlibraryplotmarks.code.tex
File: tikzlibraryplotmarks.code.tex 2023-01-15 v3.1.10 (3.1.10)

(C:/Users/anfalear/AppData/Local/Programs/MiKTeX/tex/generic/pgf/libraries/pgfl
ibraryplotmarks.code.tex
File: pgflibraryplotmarks.code.tex 2023-01-15 v3.1.10 (3.1.10)
)))
(C:/Users/anfalear/AppData/Local/Programs/MiKTeX/tex/generic/pgf/frontendlayer/
tikz/libraries/tikzlibrarydecorations.markings.code.tex
(C:/Users/anfalear/AppData/Local/Programs/MiKTeX/tex/generic/pgf/libraries/deco
rations/pgflibrarydecorations.markings.code.tex))
(C:/Users/anfalear/AppData/Local/Programs/MiKTeX/tex/generic/pgf/frontendlayer/
tikz/libraries/tikzlibraryarrows.code.tex
File: tikzlibraryarrows.code.tex 2023-01-15 v3.1.10 (3.1.10)

(C:/Users/anfalear/AppData/Local/Programs/MiKTeX/tex/generic/pgf/libraries/pgfl
ibraryarrows.code.tex
File: pgflibraryarrows.code.tex 2023-01-15 v3.1.10 (3.1.10)
\arrowsize=\dimen330
))
(C:/Users/anfalear/AppData/Local/Programs/MiKTeX/tex/generic/pgf/frontendlayer/
tikz/libraries/tikzlibrarybabel.code.tex
File: tikzlibrarybabel.code.tex 2023-01-15 v3.1.10 (3.1.10)
)
(C:/Users/anfalear/AppData/Local/Programs/MiKTeX/tex/generic/pgf/frontendlayer/
tikz/libraries/tikzlibrarybackgrounds.code.tex
File: tikzlibrarybackgrounds.code.tex 2023-01-15 v3.1.10 (3.1.10)
\pgf@layerbox@background=\box81
\pgf@layerboxsaved@background=\box82
)
(C:/Users/anfalear/AppData/Local/Programs/MiKTeX/tex/generic/pgf/frontendlayer/
tikz/libraries/tikzlibrarycalc.code.tex
File: tikzlibrarycalc.code.tex 2023-01-15 v3.1.10 (3.1.10)
)
(C:/Users/anfalear/AppData/Local/Programs/MiKTeX/tex/generic/pgf/frontendlayer/
tikz/libraries/tikzlibraryintersections.code.tex
(C:/Users/anfalear/AppData/Local/Programs/MiKTeX/tex/generic/pgf/libraries/pgfl
ibraryintersections.code.tex
\pgf@intersect@solutions=\count351
))
(C:/Users/anfalear/AppData/Local/Programs/MiKTeX/tex/generic/pgf/frontendlayer/
tikz/libraries/tikzlibrarypositioning.code.tex
File: tikzlibrarypositioning.code.tex 2023-01-15 v3.1.10 (3.1.10)
)
(C:/Users/anfalear/AppData/Local/Programs/MiKTeX/tex/generic/pgf/frontendlayer/
tikz/libraries/graphs/tikzlibrarygraphs.code.tex
File: tikzlibrarygraphs.code.tex 2023-01-15 v3.1.10 (3.1.10)
\tikz@lib@auto@number=\count352
\tikz@qnode@count=\count353
)
(C:/Users/anfalear/AppData/Local/Programs/MiKTeX/tex/generic/pgf/graphdrawing/t
ex/tikzlibrarygraphdrawing.code.tex
File: tikzlibrarygraphdrawing.code.tex 2023-01-15 v3.1.10 (3.1.10)

(C:/Users/anfalear/AppData/Local/Programs/MiKTeX/tex/generic/pgf/graphdrawing/t
ex/pgflibrarygraphdrawing.code.tex
File: pgflibrarygraphdrawing.code.tex 2023-01-15 v3.1.10 (3.1.10)
\pgf@gd@parameter@stack@height=\count354
\pgf@gd@node@box=\box83
\pgf@gd@edge@box=\box84
\pgf@gd@prekind@box=\box85
\pgf@gd@postkind@box=\box86
))
(C:/Users/anfalear/AppData/Local/Programs/MiKTeX/tex/generic/pgf/frontendlayer/
tikz/libraries/tikzlibrarymatrix.code.tex
File: tikzlibrarymatrix.code.tex 2023-01-15 v3.1.10 (3.1.10)
)
(C:/Users/anfalear/AppData/Local/Programs/MiKTeX/tex/latex/circuitikz/circuitik
z.sty
Package: circuitikz 2025/06/15{} The CircuiTikz circuit drawing package version
 1.8.1

(C:/Users/anfalear/AppData/Local/Programs/MiKTeX/tex/generic/pgf/libraries/pgfl
ibraryarrows.meta.code.tex
File: pgflibraryarrows.meta.code.tex 2023-01-15 v3.1.10 (3.1.10)
\pgfarrowinset=\dimen331
\pgfarrowlength=\dimen332
\pgfarrowwidth=\dimen333
\pgfarrowlinewidth=\dimen334
)
(C:/Users/anfalear/AppData/Local/Programs/MiKTeX/tex/generic/pgf/frontendlayer/
tikz/libraries/tikzlibrarybending.code.tex
File: tikzlibrarybending.code.tex 2023-01-15 v3.1.10 (3.1.10)

(C:/Users/anfalear/AppData/Local/Programs/MiKTeX/tex/generic/pgf/modules/pgfmod
ulebending.code.tex
File: pgfmodulebending.code.tex 2023-01-15 v3.1.10 (3.1.10)

(C:/Users/anfalear/AppData/Local/Programs/MiKTeX/tex/generic/pgf/modules/pgfmod
ulenonlineartransformations.code.tex
File: pgfmodulenonlineartransformations.code.tex 2023-01-15 v3.1.10 (3.1.10)
\pgftransformnonlinearflatness=\dimen335
)
(C:/Users/anfalear/AppData/Local/Programs/MiKTeX/tex/generic/pgf/libraries/pgfl
ibrarycurvilinear.code.tex
File: pgflibrarycurvilinear.code.tex 2023-01-15 v3.1.10 (3.1.10)
\pgf@curvilinear@time@a=\dimen336
\pgf@curvilinear@length@a=\dimen337
\pgf@curvilinear@length@b=\dimen338
\pgf@curvilinear@length@c=\dimen339
\pgf@curvilinear@length@d=\dimen340
)
\pgf@arrows@the@rigidity=\dimen341
))
(C:/Users/anfalear/AppData/Local/Programs/MiKTeX/tex/generic/pgf/frontendlayer/
tikz/libraries/tikzlibraryfpu.code.tex)
(C:/Users/anfalear/AppData/Local/Programs/MiKTeX/tex/generic/circuitikz/pgfcirc
.defines.tex
\pgf@circ@count@a=\count355
\pgf@circ@count@b=\count356
\pgf@circ@count@c=\count357
\pgf@circ@res@up=\dimen342
\pgf@circ@res@down=\dimen343
\pgf@circ@res@zero=\dimen344
\pgf@circ@res@left=\dimen345
\pgf@circ@res@right=\dimen346
\pgf@circ@res@other=\dimen347
\pgf@circ@res@step=\dimen348
\pgf@circ@res@temp=\dimen349
\pgf@circ@Rlen=\dimen350
\pgf@circ@scaled@Rlen=\dimen351
\pgfstartlinewidth=\dimen352
)
(C:/Users/anfalear/AppData/Local/Programs/MiKTeX/tex/generic/circuitikz/pgfcirc
utils.tex
\ctikz@scratchbox=\box87
)
(C:/Users/anfalear/AppData/Local/Programs/MiKTeX/tex/generic/circuitikz/pgfcirc
path.tex)
(C:/Users/anfalear/AppData/Local/Programs/MiKTeX/tex/generic/circuitikz/pgfcirc
shapes.tex)
(C:/Users/anfalear/AppData/Local/Programs/MiKTeX/tex/generic/circuitikz/pgfcirc
monopoles.tex)
(C:/Users/anfalear/AppData/Local/Programs/MiKTeX/tex/generic/circuitikz/pgfcirc
bipoles.tex)
(C:/Users/anfalear/AppData/Local/Programs/MiKTeX/tex/generic/circuitikz/pgfcirc
tripoles.tex
\pgf@circ@res@count=\count358
)
(C:/Users/anfalear/AppData/Local/Programs/MiKTeX/tex/generic/circuitikz/pgfcirc
quadpoles.tex)
(C:/Users/anfalear/AppData/Local/Programs/MiKTeX/tex/generic/circuitikz/pgfcirc
multipoles.tex)
(C:/Users/anfalear/AppData/Local/Programs/MiKTeX/tex/generic/circuitikz/pgfcirc
label.tex)
(C:/Users/anfalear/AppData/Local/Programs/MiKTeX/tex/generic/circuitikz/pgfcirc
voltage.tex
\pgfcirc@labelshift=\dimen353
)
(C:/Users/anfalear/AppData/Local/Programs/MiKTeX/tex/generic/circuitikz/pgfcirc
current.tex)
(C:/Users/anfalear/AppData/Local/Programs/MiKTeX/tex/generic/circuitikz/pgfcirc
flow.tex))
(C:/Users/anfalear/AppData/Local/Programs/MiKTeX/tex/latex/tools/multicol.sty
Package: multicol 2025/05/25 v2.0a multicolumn formatting (FMi)
\c@tracingmulticols=\count359
\mult@box=\box88
\multicol@leftmargin=\dimen354
\c@unbalance=\count360
\c@collectmore=\count361
\doublecol@number=\count362
\multicoltolerance=\count363
\multicolpretolerance=\count364
\full@width=\dimen355
\page@free=\dimen356
\premulticols=\dimen357
\postmulticols=\dimen358
\multicolsep=\skip66
\multicolbaselineskip=\skip67
\partial@page=\box89
\last@line=\box90
\mc@boxedresult=\box91
\maxbalancingoverflow=\dimen359
\mult@rightbox=\box92
\mult@grightbox=\box93
\mult@firstbox=\box94
\mult@gfirstbox=\box95
\@tempa=\box96
\@tempa=\box97
\@tempa=\box98
\@tempa=\box99
\@tempa=\box100
\@tempa=\box101
\@tempa=\box102
\@tempa=\box103
\@tempa=\box104
\@tempa=\box105
\@tempa=\box106
\@tempa=\box107
\@tempa=\box108
\@tempa=\box109
\@tempa=\box110
\@tempa=\box111
\@tempa=\box112
\@tempa=\box113
\@tempa=\box114
\@tempa=\box115
\@tempa=\box116
\@tempa=\box117
\@tempa=\box118
\@tempa=\box119
\@tempa=\box120
\@tempa=\box121
\@tempa=\box122
\@tempa=\box123
\@tempa=\box124
\@tempa=\box125
\@tempa=\box126
\@tempa=\box127
\@tempa=\box128
\@tempa=\box129
\@tempa=\box130
\@tempa=\box131
\c@minrows=\count365
\c@columnbadness=\count366
\c@finalcolumnbadness=\count367
\last@try=\dimen360
\multicolovershoot=\dimen361
\multicolundershoot=\dimen362
\mult@nat@firstbox=\box132
\colbreak@box=\box133
\mc@col@check@num=\count368
\g__mc_curr_col_int=\count369
)
(C:/Users/anfalear/AppData/Local/Programs/MiKTeX/tex/latex/tools/enumerate.sty
Package: enumerate 2023/07/04 v3.00 enumerate extensions (DPC)
\@enLab=\toks62
)
(C:/Users/anfalear/AppData/Local/Programs/MiKTeX/tex/latex/setspace/setspace.st
y
Package: setspace 2022/12/04 v6.7b set line spacing
)
(C:/Users/anfalear/AppData/Local/Programs/MiKTeX/tex/latex/fancybox/fancybox.st
y
Package: fancybox 2010/05/15 1.4

Style option: `fancybox' v1.4 <2010/05/15> (tvz)
\@fancybox=\box134
\shadowsize=\dimen363
\@Sbox=\box135
\do@VerbBox=\toks63
\the@fancyput=\toks64
\this@fancyput=\toks65
\EndVerbatimTokens=\toks66
\Verbatim@Outfile=\write4
\Verbatim@Infile=\read4
)
(C:/Users/anfalear/AppData/Local/Programs/MiKTeX/tex/latex/parskip/parskip.sty
Package: parskip 2021-03-14 v2.0h non-zero parskip adjustments

(C:/Users/anfalear/AppData/Local/Programs/MiKTeX/tex/latex/kvoptions/kvoptions.
sty
Package: kvoptions 2022-06-15 v3.15 Key value format for package options (HO)

(C:/Users/anfalear/AppData/Local/Programs/MiKTeX/tex/generic/ltxcmds/ltxcmds.st
y
Package: ltxcmds 2023-12-04 v1.26 LaTeX kernel commands for general use (HO)
)
(C:/Users/anfalear/AppData/Local/Programs/MiKTeX/tex/latex/kvsetkeys/kvsetkeys.
sty
Package: kvsetkeys 2022-10-05 v1.19 Key value parser (HO)
))
(C:/Users/anfalear/AppData/Local/Programs/MiKTeX/tex/latex/etoolbox/etoolbox.st
y
Package: etoolbox 2025/02/11 v2.5l e-TeX tools for LaTeX (JAW)
\etb@tempcnta=\count370
))
(C:/Users/anfalear/AppData/Local/Programs/MiKTeX/tex/latex/changepage/changepag
e.sty
Package: changepage 2009/10/20 v1.0c check page and change page layout
\c@cp@cntr=\count371
\cp@tempcnt=\count372
)
(C:/Users/anfalear/AppData/Local/Programs/MiKTeX/tex/latex/hyperref/hyperref.st
y
Package: hyperref 2025-06-21 v7.01n Hypertext links for LaTeX

(C:/Users/anfalear/AppData/Local/Programs/MiKTeX/tex/generic/kvdefinekeys/kvdef
inekeys.sty
Package: kvdefinekeys 2019-12-19 v1.6 Define keys (HO)
)
(C:/Users/anfalear/AppData/Local/Programs/MiKTeX/tex/generic/pdfescape/pdfescap
e.sty
Package: pdfescape 2019/12/09 v1.15 Implements pdfTeX's escape features (HO)

(C:/Users/anfalear/AppData/Local/Programs/MiKTeX/tex/generic/pdftexcmds/pdftexc
mds.sty
Package: pdftexcmds 2020-06-27 v0.33 Utility functions of pdfTeX for LuaTeX (HO
)

(C:/Users/anfalear/AppData/Local/Programs/MiKTeX/tex/generic/infwarerr/infwarer
r.sty
Package: infwarerr 2019/12/03 v1.5 Providing info/warning/error messages (HO)
)
Package pdftexcmds Info: \pdf@primitive is available.
Package pdftexcmds Info: \pdf@ifprimitive is available.
Package pdftexcmds Info: \pdfdraftmode found.
\pdftexcmds@toks=\toks67
))
(C:/Users/anfalear/AppData/Local/Programs/MiKTeX/tex/latex/hycolor/hycolor.sty
Package: hycolor 2020-01-27 v1.10 Color options for hyperref/bookmark (HO)
)
(C:/Users/anfalear/AppData/Local/Programs/MiKTeX/tex/latex/hyperref/nameref.sty
Package: nameref 2025-06-21 v2.57 Cross-referencing by name of section

(C:/Users/anfalear/AppData/Local/Programs/MiKTeX/tex/latex/refcount/refcount.st
y
Package: refcount 2019/12/15 v3.6 Data extraction from label references (HO)
)
(C:/Users/anfalear/AppData/Local/Programs/MiKTeX/tex/generic/gettitlestring/get
titlestring.sty
Package: gettitlestring 2019/12/15 v1.6 Cleanup title references (HO)
)
\c@section@level=\count373
)
(C:/Users/anfalear/AppData/Local/Programs/MiKTeX/tex/generic/stringenc/stringen
c.sty
Package: stringenc 2019/11/29 v1.12 Convert strings between diff. encodings (HO
)
)
\@linkdim=\dimen364
\Hy@linkcounter=\count374
\Hy@pagecounter=\count375

(C:/Users/anfalear/AppData/Local/Programs/MiKTeX/tex/latex/hyperref/pd1enc.def
File: pd1enc.def 2025-06-21 v7.01n Hyperref: PDFDocEncoding definition (HO)
)
(C:/Users/anfalear/AppData/Local/Programs/MiKTeX/tex/generic/intcalc/intcalc.st
y
Package: intcalc 2019/12/15 v1.3 Expandable calculations with integers (HO)
)
\Hy@SavedSpaceFactor=\count376

(C:/Users/anfalear/AppData/Local/Programs/MiKTeX/tex/latex/hyperref/puenc.def
File: puenc.def 2025-06-21 v7.01n Hyperref: PDF Unicode definition (HO)
)
Package hyperref Info: Hyper figures OFF on input line 4181.
Package hyperref Info: Link nesting OFF on input line 4186.
Package hyperref Info: Hyper index ON on input line 4189.
Package hyperref Info: Plain pages OFF on input line 4196.
Package hyperref Info: Backreferencing OFF on input line 4201.
Package hyperref Info: Implicit mode ON; LaTeX internals redefined.
Package hyperref Info: Bookmarks ON on input line 4448.
\c@Hy@tempcnt=\count377

(C:/Users/anfalear/AppData/Local/Programs/MiKTeX/tex/latex/url/url.sty
\Urlmuskip=\muskip18
Package: url 2013/09/16  ver 3.4  Verb mode for urls, etc.
)
LaTeX Info: Redefining \url on input line 4787.
\XeTeXLinkMargin=\dimen365

(C:/Users/anfalear/AppData/Local/Programs/MiKTeX/tex/generic/bitset/bitset.sty
Package: bitset 2019/12/09 v1.3 Handle bit-vector datatype (HO)

(C:/Users/anfalear/AppData/Local/Programs/MiKTeX/tex/generic/bigintcalc/bigintc
alc.sty
Package: bigintcalc 2019/12/15 v1.5 Expandable calculations on big integers (HO
)
))
\Fld@menulength=\count378
\Field@Width=\dimen366
\Fld@charsize=\dimen367
Package hyperref Info: Hyper figures OFF on input line 6066.
Package hyperref Info: Link nesting OFF on input line 6071.
Package hyperref Info: Hyper index ON on input line 6074.
Package hyperref Info: backreferencing OFF on input line 6081.
Package hyperref Info: Link coloring OFF on input line 6086.
Package hyperref Info: Link coloring with OCG OFF on input line 6091.
Package hyperref Info: PDF/A mode OFF on input line 6096.
\Hy@abspage=\count379
\c@Item=\count380
\c@Hfootnote=\count381
)
Package hyperref Info: Driver (autodetected): hluatex.

(C:/Users/anfalear/AppData/Local/Programs/MiKTeX/tex/latex/hyperref/hluatex.def
File: hluatex.def 2025-06-21 v7.01n Hyperref driver for luaTeX
\Fld@listcount=\count382
\c@bookmark@seq@number=\count383

(C:/Users/anfalear/AppData/Local/Programs/MiKTeX/tex/latex/rerunfilecheck/rerun
filecheck.sty
Package: rerunfilecheck 2025-06-21 v1.11 Rerun checks for auxiliary files (HO)

(C:/Users/anfalear/AppData/Local/Programs/MiKTeX/tex/generic/uniquecounter/uniq
uecounter.sty
Package: uniquecounter 2019/12/15 v1.4 Provide unlimited unique counter (HO)
)
Package uniquecounter Info: New unique counter `rerunfilecheck' on input line 2
84.
)
\Hy@SectionHShift=\skip68
)
(C:/Users/anfalear/AppData/Local/Programs/MiKTeX/tex/latex/listings/listings.st
y
\lst@mode=\count384
\lst@gtempboxa=\box136
\lst@token=\toks68
\lst@length=\count385
\lst@currlwidth=\dimen368
\lst@column=\count386
\lst@pos=\count387
\lst@lostspace=\dimen369
\lst@width=\dimen370
\lst@newlines=\count388
\lst@lineno=\count389
\lst@maxwidth=\dimen371

(C:/Users/anfalear/AppData/Local/Programs/MiKTeX/tex/latex/listings/lstpatch.st
y
File: lstpatch.sty 2024/09/23 1.10c (Carsten Heinz)
)
(C:/Users/anfalear/AppData/Local/Programs/MiKTeX/tex/latex/listings/lstmisc.sty
File: lstmisc.sty 2024/09/23 1.10c (Carsten Heinz)
\c@lstnumber=\count390
\lst@skipnumbers=\count391
\lst@framebox=\box137
)
(C:/Users/anfalear/AppData/Local/Programs/MiKTeX/tex/latex/listings/listings.cf
g
File: listings.cfg 2024/09/23 1.10c listings configuration
))
Package: listings 2024/09/23 1.10c (Carsten Heinz)

(C:/Users/anfalear/AppData/Local/Programs/MiKTeX/tex/latex/cancel/cancel.sty
Package: cancel 2013/04/12 v2.2 Cancel math terms
)
(C:/Users/anfalear/AppData/Local/Programs/MiKTeX/tex/latex/tcolorbox/tcolorbox.
sty
Package: tcolorbox 2025/06/04 version 6.6.0 text color boxes

(C:/Users/anfalear/AppData/Local/Programs/MiKTeX/tex/latex/tools/verbatim.sty
Package: verbatim 2024-01-22 v1.5x LaTeX2e package for verbatim enhancements
\every@verbatim=\toks69
\verbatim@line=\toks70
\verbatim@in@stream=\read5
)
(C:/Users/anfalear/AppData/Local/Programs/MiKTeX/tex/latex/environ/environ.sty
Package: environ 2014/05/04 v0.3 A new way to define environments

(C:/Users/anfalear/AppData/Local/Programs/MiKTeX/tex/latex/trimspaces/trimspace
s.sty
Package: trimspaces 2009/09/17 v1.1 Trim spaces around a token list
))
\tcb@titlebox=\box138
\tcb@upperbox=\box139
\tcb@lowerbox=\box140
\tcb@phantombox=\box141
\c@tcbbreakpart=\count392
\c@tcblayer=\count393
\c@tcolorbox@number=\count394
\l__tcobox_tmpa_box=\box142
\l__tcobox_tmpa_dim=\dimen372
\tcb@temp=\box143
\tcb@temp=\box144
\tcb@temp=\box145
\tcb@temp=\box146

(C:/Users/anfalear/AppData/Local/Programs/MiKTeX/tex/latex/tcolorbox/tcbraster.
code.tex
Library (tcolorbox): 'tcbraster.code.tex' version '6.6.0'
\c@tcbrastercolumn=\count395
\c@tcbrasterrow=\count396
\c@tcbrasternum=\count397
\c@tcbraster=\count398
)
(C:/Users/anfalear/AppData/Local/Programs/MiKTeX/tex/latex/tcolorbox/tcbskins.c
ode.tex
Library (tcolorbox): 'tcbskins.code.tex' version '6.6.0'

(C:/Users/anfalear/AppData/Local/Programs/MiKTeX/tex/latex/tikzfill/tikzfill.im
age.sty
Package: tikzfill.image 2023/08/08 v1.0.1 Image filling library for TikZ

(C:/Users/anfalear/AppData/Local/Programs/MiKTeX/tex/latex/tikzfill/tikzfill-co
mmon.sty
Package: tikzfill-common 2023/08/08 v1.0.1 Auxiliary code for tikzfill
)
(C:/Users/anfalear/AppData/Local/Programs/MiKTeX/tex/latex/tikzfill/tikzlibrary
fill.image.code.tex
File: tikzlibraryfill.image.code.tex 2023/08/08 v1.0.1 Image filling library
\l__tikzfill_img_box=\box147
))
(C:/Users/anfalear/AppData/Local/Programs/MiKTeX/tex/latex/tcolorbox/tcbskinsji
gsaw.code.tex
Library (tcolorbox): 'tcbskinsjigsaw.code.tex' version '6.6.0'
))
(C:/Users/anfalear/AppData/Local/Programs/MiKTeX/tex/latex/tcolorbox/tcbbreakab
le.code.tex
Library (tcolorbox): 'tcbbreakable.code.tex' version '6.6.0'
(C:/Users/anfalear/AppData/Local/Programs/MiKTeX/tex/latex/pdfcol/pdfcol.sty
Package: pdfcol 2022-09-21 v1.7 Handle new color stacks for pdfTeX (HO)
)
Package pdfcol Info: New color stack `tcb@breakable' = 1 on input line 23.
\tcb@testbox=\box148
\tcb@totalupperbox=\box149
\tcb@totallowerbox=\box150

(C:/Users/anfalear/AppData/Local/Programs/MiKTeX/tex/generic/iftex/ifluatex.sty
Package: ifluatex 2019/10/25 v1.5 ifluatex legacy package. Use iftex instead.
))
(C:/Users/anfalear/AppData/Local/Programs/MiKTeX/tex/latex/tcolorbox/tcbhooks.c
ode.tex
Library (tcolorbox): 'tcbhooks.code.tex' version '6.6.0'
)
(C:/Users/anfalear/AppData/Local/Programs/MiKTeX/tex/latex/tcolorbox/tcbtheorem
s.code.tex
Library (tcolorbox): 'tcbtheorems.code.tex' version '6.6.0'
)
(C:/Users/anfalear/AppData/Local/Programs/MiKTeX/tex/latex/tcolorbox/tcbfitting
.code.tex
Library (tcolorbox): 'tcbfitting.code.tex' version '6.6.0'
\tcbfitdim=\dimen373
\tcb@lowerfitdim=\dimen374
\tcb@upperfitdim=\dimen375
\tcb@cur@hbadness=\count399
)
(C:/Users/anfalear/AppData/Local/Programs/MiKTeX/tex/latex/tcolorbox/tcblisting
sutf8.code.tex
Library (tcolorbox): 'tcblistingsutf8.code.tex' version '6.6.0'

(C:/Users/anfalear/AppData/Local/Programs/MiKTeX/tex/latex/tcolorbox/tcblisting
s.code.tex
Library (tcolorbox): 'tcblistings.code.tex' version '6.6.0'

(C:/Users/anfalear/AppData/Local/Programs/MiKTeX/tex/latex/tcolorbox/tcblisting
score.code.tex
Library (tcolorbox): 'tcblistingscore.code.tex' version '6.6.0'

(C:/Users/anfalear/AppData/Local/Programs/MiKTeX/tex/latex/tcolorbox/tcbprocess
ing.code.tex
Library (tcolorbox): 'tcbprocessing.code.tex' version '6.6.0'
)
\c@tcblisting=\count400
))
Package tcolorbox Info: Library `listingsutf8' is compatible with pdftex only. 
Library `listings` is loaded instead. on input line 29.
)
(C:/Users/anfalear/AppData/Local/Programs/MiKTeX/tex/latex/tcolorbox/tcbexterna
l.code.tex
Library (tcolorbox): 'tcbexternal.code.tex' version '6.6.0'
)
(C:/Users/anfalear/AppData/Local/Programs/MiKTeX/tex/latex/tcolorbox/tcbmagazin
e.code.tex
Library (tcolorbox): 'tcbmagazine.code.tex' version '6.6.0'
)
(C:/Users/anfalear/AppData/Local/Programs/MiKTeX/tex/latex/tcolorbox/tcbvignett
e.code.tex
Library (tcolorbox): 'tcbvignette.code.tex' version '6.6.0'

(C:/Users/anfalear/AppData/Local/Programs/MiKTeX/tex/generic/pgf/frontendlayer/
tikz/libraries/tikzlibraryfadings.code.tex
File: tikzlibraryfadings.code.tex 2023-01-15 v3.1.10 (3.1.10)

(C:/Users/anfalear/AppData/Local/Programs/MiKTeX/tex/generic/pgf/libraries/pgfl
ibraryfadings.code.tex
File: pgflibraryfadings.code.tex 2023-01-15 v3.1.10 (3.1.10)
)))
(C:/Users/anfalear/AppData/Local/Programs/MiKTeX/tex/latex/tcolorbox/tcbposter.
code.tex
Library (tcolorbox): 'tcbposter.code.tex' version '6.6.0'
))
(C:/Users/anfalear/AppData/Local/Programs/MiKTeX/tex/latex/titlesec/titlesec.st
y
Package: titlesec 2025/01/04 v2.17 Sectioning titles
\ttl@box=\box151
\beforetitleunit=\skip69
\aftertitleunit=\skip70
\ttl@plus=\dimen376
\ttl@minus=\dimen377
\ttl@toksa=\toks71
\titlewidth=\dimen378
\titlewidthlast=\dimen379
\titlewidthfirst=\dimen380
)
\c@ttlp@side=\count401
\ttlp@side=\count402

(C:/Users/anfalear/AppData/Local/Programs/MiKTeX/tex/latex/thmtools/thmtools.st
y
Package: thmtools 2023/05/04 v0.76
\thmt@toks=\toks72
\c@thmt@dummyctr=\count403

(C:/Users/anfalear/AppData/Local/Programs/MiKTeX/tex/latex/thmtools/thm-patch.s
ty
Package: thm-patch 2023/05/04 v0.76

(C:/Users/anfalear/AppData/Local/Programs/MiKTeX/tex/latex/thmtools/parseargs.s
ty
Package: parseargs 2023/05/04 v0.76
\@parsespec=\toks73
))
(C:/Users/anfalear/AppData/Local/Programs/MiKTeX/tex/latex/thmtools/thm-kv.sty
Package: thm-kv 2023/05/04 v0.76
Package thm-kv Info: Theorem names will be uppercased on input line 42.
Package thm-kv Info: kvsetkeys patch (v1.16 or later) on input line 158.
)
(C:/Users/anfalear/AppData/Local/Programs/MiKTeX/tex/latex/thmtools/thm-autoref
.sty
Package: thm-autoref 2023/05/04 v0.76

(C:/Users/anfalear/AppData/Local/Programs/MiKTeX/tex/latex/thmtools/aliasctr.st
y
Package: aliasctr 2023/05/04 v0.76
))
(C:/Users/anfalear/AppData/Local/Programs/MiKTeX/tex/latex/thmtools/thm-listof.
sty
Package: thm-listof 2023/05/04 v0.76
)
(C:/Users/anfalear/AppData/Local/Programs/MiKTeX/tex/latex/thmtools/thm-restate
.sty
Package: thm-restate 2023/05/04 v0.76
)
(C:/Users/anfalear/AppData/Local/Programs/MiKTeX/tex/latex/thmtools/thm-amsthm.
sty
Package: thm-amsthm 2023/05/04 v0.76
\thmt@style@headstyle=\toks74
))
\c@theorem=\count404

(C:/Users/anfalear/AppData/Local/Programs/MiKTeX/tex/latex/tocloft/tocloft.sty
Package: tocloft 2017/08/31 v2.3i parameterised ToC, etc., typesetting
Package tocloft Info: The document has chapter divisions on input line 51.
\cftparskip=\skip71
\cftbeforetoctitleskip=\skip72
\cftaftertoctitleskip=\skip73
\cftbeforepartskip=\skip74
\cftpartnumwidth=\skip75
\cftpartindent=\skip76
\cftbeforechapskip=\skip77
\cftchapindent=\skip78
\cftchapnumwidth=\skip79
\cftbeforesecskip=\skip80
\cftsecindent=\skip81
\cftsecnumwidth=\skip82
\cftbeforesubsecskip=\skip83
\cftsubsecindent=\skip84
\cftsubsecnumwidth=\skip85
\cftbeforesubsubsecskip=\skip86
\cftsubsubsecindent=\skip87
\cftsubsubsecnumwidth=\skip88
\cftbeforeparaskip=\skip89
\cftparaindent=\skip90
\cftparanumwidth=\skip91
\cftbeforesubparaskip=\skip92
\cftsubparaindent=\skip93
\cftsubparanumwidth=\skip94
\cftbeforeloftitleskip=\skip95
\cftafterloftitleskip=\skip96
\cftbeforefigskip=\skip97
\cftfigindent=\skip98
\cftfignumwidth=\skip99
\c@lofdepth=\count405
\c@lotdepth=\count406
\cftbeforelottitleskip=\skip100
\cftafterlottitleskip=\skip101
\cftbeforetabskip=\skip102
\cfttabindent=\skip103
\cfttabnumwidth=\skip104


Package tocloft Warning: \@starttoc has already been redefined; tocloft bailing
 out. on input line 1156.

)
(C:/Users/anfalear/AppData/Local/Programs/MiKTeX/tex/latex/titlesec/titletoc.st
y
Package: titletoc 2025/01/04 v2.17 TOC entries
\ttl@leftsep=\dimen381
)
(C:/Users/anfalear/AppData/Local/Programs/MiKTeX/tex/latex/fancyhdr/fancyhdr.st
y
Package: fancyhdr 2025/02/07 v5.2 Extensive control of page headers and footers

\f@nch@headwidth=\skip105
\f@nch@offset@elh=\skip106
\f@nch@offset@erh=\skip107
\f@nch@offset@olh=\skip108
\f@nch@offset@orh=\skip109
\f@nch@offset@elf=\skip110
\f@nch@offset@erf=\skip111
\f@nch@offset@olf=\skip112
\f@nch@offset@orf=\skip113
\f@nch@height=\skip114
\f@nch@footalignment=\skip115
\f@nch@widthL=\skip116
\f@nch@widthC=\skip117
\f@nch@widthR=\skip118
\@temptokenb=\toks75
)
(C:/Users/anfalear/AppData/Local/Programs/MiKTeX/tex/latex/l3backend/l3backend-
luatex.def
File: l3backend-luatex.def 2025-06-09 L3 backend support: PDF output (LuaTeX)
\l__color_backend_stack_int=\count407
Inserting `l3color' in `luaotfload.parse_color'.) (./anfalearNotasCalculo.aux
LaTeX Info: Redefining \. on input line 11.
LaTeX Info: Redefining \% on input line 11.
Package babel Info: 'spanish' activates 'spanish' shorthands.
(babel)             Reported  on input line 11.
)
\openout1 = anfalearNotasCalculo.aux

LaTeX Font Info:    Checking defaults for OML/cmm/m/it on input line 372.
LaTeX Font Info:    ... okay on input line 372.
LaTeX Font Info:    Checking defaults for OMS/cmsy/m/n on input line 372.
LaTeX Font Info:    ... okay on input line 372.
LaTeX Font Info:    Checking defaults for OT1/cmr/m/n on input line 372.
LaTeX Font Info:    ... okay on input line 372.
LaTeX Font Info:    Checking defaults for T1/cmr/m/n on input line 372.
LaTeX Font Info:    ... okay on input line 372.
LaTeX Font Info:    Checking defaults for TS1/cmr/m/n on input line 372.
LaTeX Font Info:    ... okay on input line 372.
LaTeX Font Info:    Checking defaults for TU/lmr/m/n on input line 372.
LaTeX Font Info:    ... okay on input line 372.
LaTeX Font Info:    Checking defaults for OMX/cmex/m/n on input line 372.
LaTeX Font Info:    ... okay on input line 372.
LaTeX Font Info:    Checking defaults for U/cmr/m/n on input line 372.
LaTeX Font Info:    ... okay on input line 372.
LaTeX Font Info:    Checking defaults for PD1/pdf/m/n on input line 372.
LaTeX Font Info:    ... okay on input line 372.
LaTeX Font Info:    Checking defaults for PU/pdf/m/n on input line 372.
LaTeX Font Info:    ... okay on input line 372.

*geometry* driver: auto-detecting
*geometry* detected driver: luatex
*geometry* verbose mode - [ preamble ] result:
* driver: luatex
* paper: custom
* layout: <same size as paper>
* layoutoffset:(h,v)=(0.0pt,0.0pt)
* modes: twoside 
* h-part:(L,W,R)=(42.67912pt, 528.93675pt, 42.67912pt)
* v-part:(T,H,B)=(56.9055pt, 825.69899pt, 56.9055pt)
* \paperwidth=614.295pt
* \paperheight=939.51pt
* \textwidth=528.93675pt
* \textheight=825.69899pt
* \oddsidemargin=-29.59087pt
* \evensidemargin=-29.59087pt
* \topmargin=-47.23828pt
* \headheight=12.0pt
* \headsep=19.8738pt
* \topskip=12.0pt
* \footskip=30.0pt
* \marginparwidth=98.0pt
* \marginparsep=7.0pt
* \columnsep=10.0pt
* \skip\footins=10.8pt plus 4.0pt minus 2.0pt
* \hoffset=0.0pt
* \voffset=0.0pt
* \mag=1000
* \@twocolumnfalse
* \@twosidetrue
* \@mparswitchtrue
* \@reversemarginfalse
* (1in=72.27pt=25.4mm, 1cm=28.453pt)

LaTeX Info: Redefining \. on input line 372.
LaTeX Info: Redefining \% on input line 372.

(C:/Users/anfalear/AppData/Local/Programs/MiKTeX/tex/context/base/mkii/supp-pdf
.mkii
[Loading MPS to PDF converter (version 2006.09.02).]
\scratchcounter=\count408
\scratchdimen=\dimen382
\scratchbox=\box152
\nofMPsegments=\count409
\nofMParguments=\count410
\everyMPshowfont=\toks76
\MPscratchCnt=\count411
\MPscratchDim=\dimen383
\MPnumerator=\count412
\makeMPintoPDFobject=\count413
\everyMPtoPDFconversion=\toks77
)
(C:/Users/anfalear/AppData/Local/Programs/MiKTeX/tex/latex/epstopdf-pkg/epstopd
f-base.sty
Package: epstopdf-base 2020-01-24 v2.11 Base part for package epstopdf
Package epstopdf-base Info: Redefining graphics rule for `.eps' on input line 4
85.

(C:/Users/anfalear/AppData/Local/Programs/MiKTeX/tex/latex/00miktex/epstopdf-sy
s.cfg
File: epstopdf-sys.cfg 2021/03/18 v2.0 Configuration of epstopdf for MiKTeX
))
Package pgfplots notification 'compat/show suggested version=true': document ha
s been generated with the most recent feature set (\pgfplotsset{compat=1.18}).

Couldn't patch \ttl@straight@ii
Couldn't patch \ttl@straight@ii
Package hyperref Info: Link coloring OFF on input line 372.
(./anfalearNotasCalculo.out) (./anfalearNotasCalculo.out)
\@outlinefile=\write5

\openout5 = anfalearNotasCalculo.out
\c@lstlisting=\count414
LaTeX Font Info:    Trying to load font information for U+msa on input line 380
.

(C:/Users/anfalear/AppData/Local/Programs/MiKTeX/tex/latex/amsfonts/umsa.fd
File: umsa.fd 2013/01/14 v3.01 AMS symbols A
)
LaTeX Font Info:    Trying to load font information for U+msb on input line 380
.

(C:/Users/anfalear/AppData/Local/Programs/MiKTeX/tex/latex/amsfonts/umsb.fd
File: umsb.fd 2013/01/14 v3.01 AMS symbols B
)
LaTeX Font Info:    Trying to load font information for U+rsfs on input line 38
0.

(C:/Users/anfalear/AppData/Local/Programs/MiKTeX/tex/latex/jknappen/ursfs.fd
File: ursfs.fd 1998/03/24 rsfs font definition file (jk)
)

[1


{C:/Users/anfalear/AppData/Local/MiKTeX/fonts/map/pdftex/pdftex.map}]

[2

]

[3] (./anfalearNotasCalculo.toc
LaTeX Info: Redefining \. on input line 1.
LaTeX Info: Redefining \% on input line 1.
)
\tf@toc=\write6

\openout6 = anfalearNotasCalculo.toc


[4] (./anfalearNotasCalculo.loe)

[5] (./anfalearNotasCalculo.lof
LaTeX Info: Redefining \. on input line 1.
LaTeX Info: Redefining \% on input line 1.
)
\tf@lof=\write7

\openout7 = anfalearNotasCalculo.lof
 (./politicas.tex

[6]
Captulo 1.

Overfull \hbox (6.79999pt too wide) in paragraph at lines 3--6
[] 
 []



[7

]

LaTeX Info: Redefining \. on input line 94.
LaTeX Info: Redefining \% on input line 94.
Package babel Info: 'spanish' activates 'spanish' shorthands.
(babel)             Reported  on input line 94.
[8]) (./preliminares.tex

LaTeX Info: Redefining \. on input line 1.
LaTeX Info: Redefining \% on input line 1.
[9]

LaTeX Info: Redefining \. on input line 1.
LaTeX Info: Redefining \% on input line 1.
[10

]
Captulo 2.
Package hyperref Info: bookmark level for unknown theorem defaults to 0 on inpu
t line 17.


[11]
Package hyperref Info: bookmark level for unknown example defaults to 0 on inpu
t line 60.
Package hyperref Info: bookmark level for unknown definition defaults to 0 on i
nput line 71.


LaTeX Info: Redefining \. on input line 86.
LaTeX Info: Redefining \% on input line 86.
[12]

LaTeX Info: Redefining \. on input line 152.
LaTeX Info: Redefining \% on input line 152.
[13]

LaTeX Info: Redefining \. on input line 225.
LaTeX Info: Redefining \% on input line 225.
[14]
Missing character: There is no  (U+2260) in font [lmroman12-regular]:+tlig;!
Missing character: There is no  (U+2265) in font [lmroman12-regular]:+tlig;!
Missing character: There is no  (U+2260) in font [lmroman12-regular]:+tlig;!
Missing character: There is no  (U+2265) in font [lmroman12-regular]:+tlig;!
Package hyperref Info: bookmark level for unknown prob defaults to 0 on input l
ine 276.






LaTeX Info: Redefining \. on input line 296.
LaTeX Info: Redefining \% on input line 296.
[15
Missing character: There is no  (U+2260) in font [lmroman12-regular]:+tlig;!
Missing character: There is no  (U+2265) in font [lmroman12-regular]:+tlig;!
]





) (./funciones.tex

LaTeX Info: Redefining \. on input line 1.
LaTeX Info: Redefining \% on input line 1.
[16]
Captulo 3.

Underfull \vbox (badness 1231) has occurred while \output is active []



[17

]
Package hyperref Info: bookmark level for unknown rem defaults to 0 on input li
ne 56.


LaTeX Info: Redefining \. on input line 177.
LaTeX Info: Redefining \% on input line 177.
[18]
Underfull \vbox (badness 10000) has occurred while \output is active []



LaTeX Info: Redefining \. on input line 201.
LaTeX Info: Redefining \% on input line 201.
[19]
warning  (pdf backend): ignoring duplicate destination with the name 'example.8'


Underfull \vbox (badness 4608) has occurred while \output is active []



LaTeX Info: Redefining \. on input line 272.
LaTeX Info: Redefining \% on input line 272.
[20]
warning  (pdf backend): ignoring duplicate destination with the name 'definition
.9'


LaTeX Info: Redefining \. on input line 333.
LaTeX Info: Redefining \% on input line 333.
[21]

LaTeX Info: Redefining \. on input line 398.
LaTeX Info: Redefining \% on input line 398.
[22]
Underfull \vbox (badness 10000) has occurred while \output is active []



LaTeX Info: Redefining \. on input line 457.
LaTeX Info: Redefining \% on input line 457.
[23]

LaTeX Info: Redefining \. on input line 491.
LaTeX Info: Redefining \% on input line 491.
[24]

LaTeX Info: Redefining \. on input line 566.
LaTeX Info: Redefining \% on input line 566.
[25]

LaTeX Info: Redefining \. on input line 626.
LaTeX Info: Redefining \% on input line 626.
[26]

LaTeX Info: Redefining \. on input line 682.
LaTeX Info: Redefining \% on input line 682.
[27])
No file anfalearNotasCalculo.bbl.


LaTeX Info: Redefining \. on input line 435.
LaTeX Info: Redefining \% on input line 435.
[28]
\tf@loe=\write8

\openout8 = anfalearNotasCalculo.loe
 (./anfalearNotasCalculo.aux
LaTeX Info: Redefining \. on input line 11.
LaTeX Info: Redefining \% on input line 11.
)
 ***********
LaTeX2e <2025-06-01> patch level 1
L3 programming layer <2025-06-09>
 ***********


LaTeX Warning: Label(s) may have changed. Rerun to get cross-references right.


Package rerunfilecheck Warning: File `anfalearNotasCalculo.out' has changed.
(rerunfilecheck)                Rerun to get outlines right
(rerunfilecheck)                or use package `bookmark'.

Package rerunfilecheck Info: Checksums for `anfalearNotasCalculo.out':
(rerunfilecheck)             Before: DD1C30D3E9C3A54F40F680CD36DEA873;2527
(rerunfilecheck)             After:  A92A2F80F2DC080B6355357ABFBF433E;2706.
)

Here is how much of LuaTeX's memory you used:
 67436 strings out of 470205
 125003,2848258 words of node,token memory allocated
 1824 words of node memory still in use:
   32 hlist, 2 vlist, 14 rule, 2 glue, 4 kern, 1 glyph, 173 attribute, 101 glue_
spec, 124 attribute_list, 2 write, 24 pdf_literal, 2 pdf_action, 24 pdf_colorsta
ck nodes
   avail lists: 1:27,2:5463,3:2150,4:184,5:441,6:92,7:8120,8:40,9:1296,10:14,11:
828
 94132 multiletter control sequences out of 65536+600000
 84 fonts using 6272783 bytes
 76i,21n,95p,1148b,2830s stack positions out of 10000i,1000n,20000p,200000b,200000s
<c:/users/anfalear/appdata/local/programs/miktex/fonts/opentype/public/lm/lmroma
n8-regular.otf><c:/users/anfalear/appdata/local/programs/miktex/fonts/opentype/p
ublic/lm/lmsans10-bold.otf><c:/users/anfalear/appdata/local/programs/miktex/font
s/opentype/public/lm/lmroman12-bold.otf><c:/users/anfalear/appdata/local/program
s/miktex/fonts/opentype/public/lm/lmroman10-bolditalic.otf><c:/users/anfalear/ap
pdata/local/programs/miktex/fonts/opentype/public/lm/lmroman12-italic.otf><c:/us
ers/anfalear/appdata/local/programs/miktex/fonts/opentype/public/lm/lmmono12-reg
ular.otf><c:/users/anfalear/appdata/local/programs/miktex/fonts/opentype/public/
lm/lmroman12-regular.otf><c:/users/anfalear/appdata/local/programs/miktex/fonts/
opentype/public/lm/lmroman17-regular.otf><C:/Users/anfalear/AppData/Local/Progra
ms/MiKTeX/fonts/type1/public/amsfonts/cm/cmex10.pfb><C:/Users/anfalear/AppData/L
ocal/Programs/MiKTeX/fonts/type1/public/amsfonts/cm/cmmi10.pfb><C:/Users/anfalea
r/AppData/Local/Programs/MiKTeX/fonts/type1/public/amsfonts/cm/cmmi12.pfb><C:/Us
ers/anfalear/AppData/Local/Programs/MiKTeX/fonts/type1/public/amsfonts/cm/cmmi6.
pfb><C:/Users/anfalear/AppData/Local/Programs/MiKTeX/fonts/type1/public/amsfonts
/cm/cmmi8.pfb><C:/Users/anfalear/AppData/Local/Programs/MiKTeX/fonts/type1/publi
c/amsfonts/cm/cmr12.pfb><C:/Users/anfalear/AppData/Local/Programs/MiKTeX/fonts/t
ype1/public/amsfonts/cm/cmr6.pfb><C:/Users/anfalear/AppData/Local/Programs/MiKTe
X/fonts/type1/public/amsfonts/cm/cmr8.pfb><C:/Users/anfalear/AppData/Local/Progr
ams/MiKTeX/fonts/type1/public/amsfonts/cm/cmsy10.pfb><C:/Users/anfalear/AppData/
Local/Programs/MiKTeX/fonts/type1/public/amsfonts/cm/cmsy8.pfb><C:/Users/anfalea
r/AppData/Local/Programs/MiKTeX/fonts/type1/public/amsfonts/symbols/msbm10.pfb>
Output written on anfalearNotasCalculo.pdf (28 pages, 336719 bytes).

PDF statistics: 601 PDF objects out of 1000 (max. 8388607)
 235 named destinations out of 1000 (max. 131072)
 368 words of extra memory for PDF output out of 10000 (max. 100000000)

